[  4%] Built target village_interfaces__dds_connext_idl
[  4%] Built target village_interfaces__cpp
[ 10%] Built target village_interfaces__rosidl_generator_c
[ 32%] Built target village_interfaces__rosidl_typesupport_cpp
[ 32%] Built target village_interfaces__rosidl_typesupport_introspection_c
[ 34%] Built target village_interfaces__rosidl_typesupport_c
[ 34%] Built target village_interfaces__rosidl_typesupport_introspection_cpp
[ 40%] Built target village_interfaces__rosidl_typesupport_fastrtps_cpp
[ 55%] Built target village_interfaces__rosidl_typesupport_connext_cpp
[ 61%] Built target village_interfaces__rosidl_typesupport_fastrtps_c
[ 77%] Built target village_interfaces__rosidl_typesupport_connext_c
[ 77%] Built target village_interfaces
[ 79%] Built target village_interfaces__py
[ 83%] Built target village_interfaces__python
[ 97%] Built target village_interfaces__rosidl_typesupport_introspection_c__pyext
[ 97%] Built target village_interfaces__rosidl_typesupport_fastrtps_c__pyext
[100%] Built target village_interfaces__rosidl_typesupport_connext_c__pyext
[ 97%] Built target village_interfaces__rosidl_typesupport_c__pyext
-- Install configuration: ""
-- Up-to-date: /home/amber/code/Notes/Ros/ros_learn/town_ws/install/village_interfaces/share/ament_index/resource_index/rosidl_interfaces/village_interfaces
-- Up-to-date: /home/amber/code/Notes/Ros/ros_learn/town_ws/install/village_interfaces/include/village_interfaces
-- Up-to-date: /home/amber/code/Notes/Ros/ros_learn/town_ws/install/village_interfaces/include/village_interfaces/msg
-- Up-to-date: /home/amber/code/Notes/Ros/ros_learn/town_ws/install/village_interfaces/include/village_interfaces/msg/novel.h
-- Up-to-date: /home/amber/code/Notes/Ros/ros_learn/town_ws/install/village_interfaces/include/village_interfaces/msg/rosidl_generator_c__visibility_control.h
-- Up-to-date: /home/amber/code/Notes/Ros/ros_learn/town_ws/install/village_interfaces/include/village_interfaces/msg/detail
-- Up-to-date: /home/amber/code/Notes/Ros/ros_learn/town_ws/install/village_interfaces/include/village_interfaces/msg/detail/novel__type_support.h
-- Up-to-date: /home/amber/code/Notes/Ros/ros_learn/town_ws/install/village_interfaces/include/village_interfaces/msg/detail/novel__functions.h
-- Up-to-date: /home/amber/code/Notes/Ros/ros_learn/town_ws/install/village_interfaces/include/village_interfaces/msg/detail/novel__functions.c
-- Up-to-date: /home/amber/code/Notes/Ros/ros_learn/town_ws/install/village_interfaces/include/village_interfaces/msg/detail/novel__struct.h
-- Up-to-date: /home/amber/code/Notes/Ros/ros_learn/town_ws/install/village_interfaces/share/village_interfaces/environment/library_path.sh
-- Up-to-date: /home/amber/code/Notes/Ros/ros_learn/town_ws/install/village_interfaces/share/village_interfaces/environment/library_path.dsv
-- Up-to-date: /home/amber/code/Notes/Ros/ros_learn/town_ws/install/village_interfaces/lib/libvillage_interfaces__rosidl_generator_c.so
-- Up-to-date: /home/amber/code/Notes/Ros/ros_learn/town_ws/install/village_interfaces/include/village_interfaces
-- Up-to-date: /home/amber/code/Notes/Ros/ros_learn/town_ws/install/village_interfaces/include/village_interfaces/msg
-- Up-to-date: /home/amber/code/Notes/Ros/ros_learn/town_ws/install/village_interfaces/include/village_interfaces/msg/dds_connext
-- Up-to-date: /home/amber/code/Notes/Ros/ros_learn/town_ws/install/village_interfaces/include/village_interfaces/msg/novel__rosidl_typesupport_connext_c.h
-- Up-to-date: /home/amber/code/Notes/Ros/ros_learn/town_ws/install/village_interfaces/include/village_interfaces/msg/rosidl_typesupport_connext_c__visibility_control.h
-- Up-to-date: /home/amber/code/Notes/Ros/ros_learn/town_ws/install/village_interfaces/lib/libvillage_interfaces__rosidl_typesupport_connext_c.so
-- Up-to-date: /home/amber/code/Notes/Ros/ros_learn/town_ws/install/village_interfaces/share/village_interfaces/msg/dds_connext
-- Up-to-date: /home/amber/code/Notes/Ros/ros_learn/town_ws/install/village_interfaces/share/village_interfaces/msg/dds_connext/Novel_.idl
-- Up-to-date: /home/amber/code/Notes/Ros/ros_learn/town_ws/install/village_interfaces/include/village_interfaces
-- Up-to-date: /home/amber/code/Notes/Ros/ros_learn/town_ws/install/village_interfaces/include/village_interfaces/msg
-- Up-to-date: /home/amber/code/Notes/Ros/ros_learn/town_ws/install/village_interfaces/include/village_interfaces/msg/novel__rosidl_typesupport_connext_cpp.hpp
-- Up-to-date: /home/amber/code/Notes/Ros/ros_learn/town_ws/install/village_interfaces/include/village_interfaces/msg/dds_connext
-- Up-to-date: /home/amber/code/Notes/Ros/ros_learn/town_ws/install/village_interfaces/include/village_interfaces/msg/dds_connext/Novel_Support.h
-- Up-to-date: /home/amber/code/Notes/Ros/ros_learn/town_ws/install/village_interfaces/include/village_interfaces/msg/dds_connext/Novel_.h
-- Up-to-date: /home/amber/code/Notes/Ros/ros_learn/town_ws/install/village_interfaces/include/village_interfaces/msg/dds_connext/Novel_Support.cxx
-- Up-to-date: /home/amber/code/Notes/Ros/ros_learn/town_ws/install/village_interfaces/include/village_interfaces/msg/dds_connext/Novel_.cxx
-- Up-to-date: /home/amber/code/Notes/Ros/ros_learn/town_ws/install/village_interfaces/include/village_interfaces/msg/dds_connext/Novel_Plugin.h
-- Up-to-date: /home/amber/code/Notes/Ros/ros_learn/town_ws/install/village_interfaces/include/village_interfaces/msg/dds_connext/Novel_Plugin.cxx
-- Up-to-date: /home/amber/code/Notes/Ros/ros_learn/town_ws/install/village_interfaces/include/village_interfaces/msg/rosidl_typesupport_connext_cpp__visibility_control.h
-- Up-to-date: /home/amber/code/Notes/Ros/ros_learn/town_ws/install/village_interfaces/lib/libvillage_interfaces__rosidl_typesupport_connext_cpp.so
-- Up-to-date: /home/amber/code/Notes/Ros/ros_learn/town_ws/install/village_interfaces/include/village_interfaces
-- Up-to-date: /home/amber/code/Notes/Ros/ros_learn/town_ws/install/village_interfaces/include/village_interfaces/msg
-- Up-to-date: /home/amber/code/Notes/Ros/ros_learn/town_ws/install/village_interfaces/include/village_interfaces/msg/rosidl_typesupport_fastrtps_c__visibility_control.h
-- Up-to-date: /home/amber/code/Notes/Ros/ros_learn/town_ws/install/village_interfaces/include/village_interfaces/msg/detail
-- Up-to-date: /home/amber/code/Notes/Ros/ros_learn/town_ws/install/village_interfaces/include/village_interfaces/msg/detail/novel__rosidl_typesupport_fastrtps_c.h
-- Up-to-date: /home/amber/code/Notes/Ros/ros_learn/town_ws/install/village_interfaces/lib/libvillage_interfaces__rosidl_typesupport_fastrtps_c.so
-- Up-to-date: /home/amber/code/Notes/Ros/ros_learn/town_ws/install/village_interfaces/include/village_interfaces
-- Up-to-date: /home/amber/code/Notes/Ros/ros_learn/town_ws/install/village_interfaces/include/village_interfaces/msg
-- Up-to-date: /home/amber/code/Notes/Ros/ros_learn/town_ws/install/village_interfaces/include/village_interfaces/msg/rosidl_typesupport_fastrtps_cpp__visibility_control.h
-- Up-to-date: /home/amber/code/Notes/Ros/ros_learn/town_ws/install/village_interfaces/include/village_interfaces/msg/detail
-- Up-to-date: /home/amber/code/Notes/Ros/ros_learn/town_ws/install/village_interfaces/include/village_interfaces/msg/detail/dds_fastrtps
-- Up-to-date: /home/amber/code/Notes/Ros/ros_learn/town_ws/install/village_interfaces/include/village_interfaces/msg/detail/novel__rosidl_typesupport_fastrtps_cpp.hpp
-- Up-to-date: /home/amber/code/Notes/Ros/ros_learn/town_ws/install/village_interfaces/lib/libvillage_interfaces__rosidl_typesupport_fastrtps_cpp.so
-- Up-to-date: /home/amber/code/Notes/Ros/ros_learn/town_ws/install/village_interfaces/include/village_interfaces
-- Up-to-date: /home/amber/code/Notes/Ros/ros_learn/town_ws/install/village_interfaces/include/village_interfaces/msg
-- Up-to-date: /home/amber/code/Notes/Ros/ros_learn/town_ws/install/village_interfaces/include/village_interfaces/msg/rosidl_typesupport_introspection_c__visibility_control.h
-- Up-to-date: /home/amber/code/Notes/Ros/ros_learn/town_ws/install/village_interfaces/include/village_interfaces/msg/detail
-- Up-to-date: /home/amber/code/Notes/Ros/ros_learn/town_ws/install/village_interfaces/include/village_interfaces/msg/detail/novel__rosidl_typesupport_introspection_c.h
-- Up-to-date: /home/amber/code/Notes/Ros/ros_learn/town_ws/install/village_interfaces/include/village_interfaces/msg/detail/novel__type_support.c
-- Up-to-date: /home/amber/code/Notes/Ros/ros_learn/town_ws/install/village_interfaces/lib/libvillage_interfaces__rosidl_typesupport_introspection_c.so
-- Up-to-date: /home/amber/code/Notes/Ros/ros_learn/town_ws/install/village_interfaces/lib/libvillage_interfaces__rosidl_typesupport_c.so
-- Up-to-date: /home/amber/code/Notes/Ros/ros_learn/town_ws/install/village_interfaces/include/village_interfaces
-- Up-to-date: /home/amber/code/Notes/Ros/ros_learn/town_ws/install/village_interfaces/include/village_interfaces/msg
-- Up-to-date: /home/amber/code/Notes/Ros/ros_learn/town_ws/install/village_interfaces/include/village_interfaces/msg/novel.hpp
-- Up-to-date: /home/amber/code/Notes/Ros/ros_learn/town_ws/install/village_interfaces/include/village_interfaces/msg/detail
-- Up-to-date: /home/amber/code/Notes/Ros/ros_learn/town_ws/install/village_interfaces/include/village_interfaces/msg/detail/novel__struct.hpp
-- Up-to-date: /home/amber/code/Notes/Ros/ros_learn/town_ws/install/village_interfaces/include/village_interfaces/msg/detail/novel__builder.hpp
-- Up-to-date: /home/amber/code/Notes/Ros/ros_learn/town_ws/install/village_interfaces/include/village_interfaces/msg/detail/novel__traits.hpp
-- Up-to-date: /home/amber/code/Notes/Ros/ros_learn/town_ws/install/village_interfaces/include/village_interfaces
-- Up-to-date: /home/amber/code/Notes/Ros/ros_learn/town_ws/install/village_interfaces/include/village_interfaces/msg
-- Up-to-date: /home/amber/code/Notes/Ros/ros_learn/town_ws/install/village_interfaces/include/village_interfaces/msg/detail
-- Up-to-date: /home/amber/code/Notes/Ros/ros_learn/town_ws/install/village_interfaces/include/village_interfaces/msg/detail/novel__rosidl_typesupport_introspection_cpp.hpp
-- Up-to-date: /home/amber/code/Notes/Ros/ros_learn/town_ws/install/village_interfaces/include/village_interfaces/msg/detail/novel__type_support.cpp
-- Up-to-date: /home/amber/code/Notes/Ros/ros_learn/town_ws/install/village_interfaces/lib/libvillage_interfaces__rosidl_typesupport_introspection_cpp.so
-- Up-to-date: /home/amber/code/Notes/Ros/ros_learn/town_ws/install/village_interfaces/lib/libvillage_interfaces__rosidl_typesupport_cpp.so
-- Up-to-date: /home/amber/code/Notes/Ros/ros_learn/town_ws/install/village_interfaces/share/village_interfaces/environment/pythonpath.sh
-- Up-to-date: /home/amber/code/Notes/Ros/ros_learn/town_ws/install/village_interfaces/share/village_interfaces/environment/pythonpath.dsv
-- Up-to-date: /home/amber/code/Notes/Ros/ros_learn/town_ws/install/village_interfaces/lib/python3.8/site-packages/village_interfaces/__init__.py
-- Up-to-date: /home/amber/code/Notes/Ros/ros_learn/town_ws/install/village_interfaces/lib/python3.8/site-packages/village_interfaces/msg
-- Up-to-date: /home/amber/code/Notes/Ros/ros_learn/town_ws/install/village_interfaces/lib/python3.8/site-packages/village_interfaces/msg/_novel.py
-- Up-to-date: /home/amber/code/Notes/Ros/ros_learn/town_ws/install/village_interfaces/lib/python3.8/site-packages/village_interfaces/msg/__init__.py
-- Up-to-date: /home/amber/code/Notes/Ros/ros_learn/town_ws/install/village_interfaces/lib/python3.8/site-packages/village_interfaces/msg/_novel_s.c
-- Up-to-date: /home/amber/code/Notes/Ros/ros_learn/town_ws/install/village_interfaces/lib/python3.8/site-packages/village_interfaces/village_interfaces_s__rosidl_typesupport_connext_c.cpython-38-x86_64-linux-gnu.so
-- Up-to-date: /home/amber/code/Notes/Ros/ros_learn/town_ws/install/village_interfaces/lib/python3.8/site-packages/village_interfaces/village_interfaces_s__rosidl_typesupport_fastrtps_c.cpython-38-x86_64-linux-gnu.so
-- Up-to-date: /home/amber/code/Notes/Ros/ros_learn/town_ws/install/village_interfaces/lib/python3.8/site-packages/village_interfaces/village_interfaces_s__rosidl_typesupport_introspection_c.cpython-38-x86_64-linux-gnu.so
-- Up-to-date: /home/amber/code/Notes/Ros/ros_learn/town_ws/install/village_interfaces/lib/python3.8/site-packages/village_interfaces/village_interfaces_s__rosidl_typesupport_c.cpython-38-x86_64-linux-gnu.so
-- Up-to-date: /home/amber/code/Notes/Ros/ros_learn/town_ws/install/village_interfaces/lib/libvillage_interfaces__python.so
-- Up-to-date: /home/amber/code/Notes/Ros/ros_learn/town_ws/install/village_interfaces/share/village_interfaces/msg/Novel.idl
-- Up-to-date: /home/amber/code/Notes/Ros/ros_learn/town_ws/install/village_interfaces/share/village_interfaces/msg/Novel.msg
-- Up-to-date: /home/amber/code/Notes/Ros/ros_learn/town_ws/install/village_interfaces/share/ament_index/resource_index/package_run_dependencies/village_interfaces
-- Up-to-date: /home/amber/code/Notes/Ros/ros_learn/town_ws/install/village_interfaces/share/ament_index/resource_index/parent_prefix_path/village_interfaces
-- Up-to-date: /home/amber/code/Notes/Ros/ros_learn/town_ws/install/village_interfaces/share/village_interfaces/environment/ament_prefix_path.sh
-- Up-to-date: /home/amber/code/Notes/Ros/ros_learn/town_ws/install/village_interfaces/share/village_interfaces/environment/ament_prefix_path.dsv
-- Up-to-date: /home/amber/code/Notes/Ros/ros_learn/town_ws/install/village_interfaces/share/village_interfaces/environment/path.sh
-- Up-to-date: /home/amber/code/Notes/Ros/ros_learn/town_ws/install/village_interfaces/share/village_interfaces/environment/path.dsv
-- Up-to-date: /home/amber/code/Notes/Ros/ros_learn/town_ws/install/village_interfaces/share/village_interfaces/local_setup.bash
-- Up-to-date: /home/amber/code/Notes/Ros/ros_learn/town_ws/install/village_interfaces/share/village_interfaces/local_setup.sh
-- Up-to-date: /home/amber/code/Notes/Ros/ros_learn/town_ws/install/village_interfaces/share/village_interfaces/local_setup.zsh
-- Up-to-date: /home/amber/code/Notes/Ros/ros_learn/town_ws/install/village_interfaces/share/village_interfaces/local_setup.dsv
-- Up-to-date: /home/amber/code/Notes/Ros/ros_learn/town_ws/install/village_interfaces/share/village_interfaces/package.dsv
-- Up-to-date: /home/amber/code/Notes/Ros/ros_learn/town_ws/install/village_interfaces/share/ament_index/resource_index/packages/village_interfaces
-- Up-to-date: /home/amber/code/Notes/Ros/ros_learn/town_ws/install/village_interfaces/share/village_interfaces/cmake/village_interfaces__rosidl_generator_cExport.cmake
-- Up-to-date: /home/amber/code/Notes/Ros/ros_learn/town_ws/install/village_interfaces/share/village_interfaces/cmake/village_interfaces__rosidl_generator_cExport-noconfig.cmake
-- Up-to-date: /home/amber/code/Notes/Ros/ros_learn/town_ws/install/village_interfaces/share/village_interfaces/cmake/village_interfaces__rosidl_typesupport_introspection_cExport.cmake
-- Up-to-date: /home/amber/code/Notes/Ros/ros_learn/town_ws/install/village_interfaces/share/village_interfaces/cmake/village_interfaces__rosidl_typesupport_introspection_cExport-noconfig.cmake
-- Up-to-date: /home/amber/code/Notes/Ros/ros_learn/town_ws/install/village_interfaces/share/village_interfaces/cmake/village_interfaces__rosidl_typesupport_cExport.cmake
-- Up-to-date: /home/amber/code/Notes/Ros/ros_learn/town_ws/install/village_interfaces/share/village_interfaces/cmake/village_interfaces__rosidl_typesupport_cExport-noconfig.cmake
-- Up-to-date: /home/amber/code/Notes/Ros/ros_learn/town_ws/install/village_interfaces/share/village_interfaces/cmake/village_interfaces__rosidl_generator_cppExport.cmake
-- Up-to-date: /home/amber/code/Notes/Ros/ros_learn/town_ws/install/village_interfaces/share/village_interfaces/cmake/village_interfaces__rosidl_typesupport_introspection_cppExport.cmake
-- Up-to-date: /home/amber/code/Notes/Ros/ros_learn/town_ws/install/village_interfaces/share/village_interfaces/cmake/village_interfaces__rosidl_typesupport_introspection_cppExport-noconfig.cmake
-- Up-to-date: /home/amber/code/Notes/Ros/ros_learn/town_ws/install/village_interfaces/share/village_interfaces/cmake/village_interfaces__rosidl_typesupport_cppExport.cmake
-- Up-to-date: /home/amber/code/Notes/Ros/ros_learn/town_ws/install/village_interfaces/share/village_interfaces/cmake/village_interfaces__rosidl_typesupport_cppExport-noconfig.cmake
-- Up-to-date: /home/amber/code/Notes/Ros/ros_learn/town_ws/install/village_interfaces/share/village_interfaces/cmake/rosidl_cmake-extras.cmake
-- Up-to-date: /home/amber/code/Notes/Ros/ros_learn/town_ws/install/village_interfaces/share/village_interfaces/cmake/ament_cmake_export_dependencies-extras.cmake
-- Up-to-date: /home/amber/code/Notes/Ros/ros_learn/town_ws/install/village_interfaces/share/village_interfaces/cmake/ament_cmake_export_libraries-extras.cmake
-- Up-to-date: /home/amber/code/Notes/Ros/ros_learn/town_ws/install/village_interfaces/share/village_interfaces/cmake/ament_cmake_export_targets-extras.cmake
-- Up-to-date: /home/amber/code/Notes/Ros/ros_learn/town_ws/install/village_interfaces/share/village_interfaces/cmake/ament_cmake_export_include_directories-extras.cmake
-- Up-to-date: /home/amber/code/Notes/Ros/ros_learn/town_ws/install/village_interfaces/share/village_interfaces/cmake/rosidl_cmake_export_typesupport_libraries-extras.cmake
-- Up-to-date: /home/amber/code/Notes/Ros/ros_learn/town_ws/install/village_interfaces/share/village_interfaces/cmake/rosidl_cmake_export_typesupport_targets-extras.cmake
-- Up-to-date: /home/amber/code/Notes/Ros/ros_learn/town_ws/install/village_interfaces/share/village_interfaces/cmake/village_interfacesConfig.cmake
-- Up-to-date: /home/amber/code/Notes/Ros/ros_learn/town_ws/install/village_interfaces/share/village_interfaces/cmake/village_interfacesConfig-version.cmake
-- Up-to-date: /home/amber/code/Notes/Ros/ros_learn/town_ws/install/village_interfaces/share/village_interfaces/package.xml
