[0.010s] Invoking command in '/home/amber/code/Notes/Ros/ros_learn/town_ws/build/village_interfaces': CMAKE_PREFIX_PATH=${CMAKE_PREFIX_PATH}:/home/amber/code/Notes/Ros/ros_learn/town_ws/install/village_li:/opt/ros/foxy /usr/bin/cmake --build /home/amber/code/Notes/Ros/ros_learn/town_ws/build/village_interfaces -- -j16 -l16
[0.044s] [  4%] Built target village_interfaces__dds_connext_idl
[0.044s] [  4%] Built target village_interfaces__cpp
[0.045s] [ 10%] Built target village_interfaces__rosidl_generator_c
[0.060s] [ 32%] Built target village_interfaces__rosidl_typesupport_cpp
[0.060s] [ 32%] Built target village_interfaces__rosidl_typesupport_introspection_c
[0.060s] [ 34%] Built target village_interfaces__rosidl_typesupport_c
[0.060s] [ 34%] Built target village_interfaces__rosidl_typesupport_introspection_cpp
[0.062s] [ 40%] Built target village_interfaces__rosidl_typesupport_fastrtps_cpp
[0.066s] [ 55%] Built target village_interfaces__rosidl_typesupport_connext_cpp
[0.080s] [ 61%] Built target village_interfaces__rosidl_typesupport_fastrtps_c
[0.089s] [ 77%] Built target village_interfaces__rosidl_typesupport_connext_c
[0.107s] [ 77%] Built target village_interfaces
[0.138s] [ 79%] Built target village_interfaces__py
[0.176s] [ 83%] Built target village_interfaces__python
[0.199s] [ 97%] Built target village_interfaces__rosidl_typesupport_introspection_c__pyext
[0.199s] [ 97%] Built target village_interfaces__rosidl_typesupport_fastrtps_c__pyext
[0.199s] [100%] Built target village_interfaces__rosidl_typesupport_connext_c__pyext
[0.199s] [ 97%] Built target village_interfaces__rosidl_typesupport_c__pyext
[0.208s] Invoked command in '/home/amber/code/Notes/Ros/ros_learn/town_ws/build/village_interfaces' returned '0': CMAKE_PREFIX_PATH=${CMAKE_PREFIX_PATH}:/home/amber/code/Notes/Ros/ros_learn/town_ws/install/village_li:/opt/ros/foxy /usr/bin/cmake --build /home/amber/code/Notes/Ros/ros_learn/town_ws/build/village_interfaces -- -j16 -l16
[0.259s] Invoking command in '/home/amber/code/Notes/Ros/ros_learn/town_ws/build/village_interfaces': CMAKE_PREFIX_PATH=${CMAKE_PREFIX_PATH}:/home/amber/code/Notes/Ros/ros_learn/town_ws/install/village_li:/opt/ros/foxy /usr/bin/cmake --install /home/amber/code/Notes/Ros/ros_learn/town_ws/build/village_interfaces
[0.267s] -- Install configuration: ""
[0.268s] -- Up-to-date: /home/amber/code/Notes/Ros/ros_learn/town_ws/install/village_interfaces/share/ament_index/resource_index/rosidl_interfaces/village_interfaces
[0.268s] -- Up-to-date: /home/amber/code/Notes/Ros/ros_learn/town_ws/install/village_interfaces/include/village_interfaces
[0.268s] -- Up-to-date: /home/amber/code/Notes/Ros/ros_learn/town_ws/install/village_interfaces/include/village_interfaces/msg
[0.268s] -- Up-to-date: /home/amber/code/Notes/Ros/ros_learn/town_ws/install/village_interfaces/include/village_interfaces/msg/novel.h
[0.268s] -- Up-to-date: /home/amber/code/Notes/Ros/ros_learn/town_ws/install/village_interfaces/include/village_interfaces/msg/rosidl_generator_c__visibility_control.h
[0.268s] -- Up-to-date: /home/amber/code/Notes/Ros/ros_learn/town_ws/install/village_interfaces/include/village_interfaces/msg/detail
[0.268s] -- Up-to-date: /home/amber/code/Notes/Ros/ros_learn/town_ws/install/village_interfaces/include/village_interfaces/msg/detail/novel__type_support.h
[0.268s] -- Up-to-date: /home/amber/code/Notes/Ros/ros_learn/town_ws/install/village_interfaces/include/village_interfaces/msg/detail/novel__functions.h
[0.268s] -- Up-to-date: /home/amber/code/Notes/Ros/ros_learn/town_ws/install/village_interfaces/include/village_interfaces/msg/detail/novel__functions.c
[0.269s] -- Up-to-date: /home/amber/code/Notes/Ros/ros_learn/town_ws/install/village_interfaces/include/village_interfaces/msg/detail/novel__struct.h
[0.269s] -- Up-to-date: /home/amber/code/Notes/Ros/ros_learn/town_ws/install/village_interfaces/share/village_interfaces/environment/library_path.sh
[0.269s] -- Up-to-date: /home/amber/code/Notes/Ros/ros_learn/town_ws/install/village_interfaces/share/village_interfaces/environment/library_path.dsv
[0.269s] -- Up-to-date: /home/amber/code/Notes/Ros/ros_learn/town_ws/install/village_interfaces/lib/libvillage_interfaces__rosidl_generator_c.so
[0.269s] -- Up-to-date: /home/amber/code/Notes/Ros/ros_learn/town_ws/install/village_interfaces/include/village_interfaces
[0.269s] -- Up-to-date: /home/amber/code/Notes/Ros/ros_learn/town_ws/install/village_interfaces/include/village_interfaces/msg
[0.269s] -- Up-to-date: /home/amber/code/Notes/Ros/ros_learn/town_ws/install/village_interfaces/include/village_interfaces/msg/dds_connext
[0.269s] -- Up-to-date: /home/amber/code/Notes/Ros/ros_learn/town_ws/install/village_interfaces/include/village_interfaces/msg/novel__rosidl_typesupport_connext_c.h
[0.269s] -- Up-to-date: /home/amber/code/Notes/Ros/ros_learn/town_ws/install/village_interfaces/include/village_interfaces/msg/rosidl_typesupport_connext_c__visibility_control.h
[0.269s] -- Up-to-date: /home/amber/code/Notes/Ros/ros_learn/town_ws/install/village_interfaces/lib/libvillage_interfaces__rosidl_typesupport_connext_c.so
[0.269s] -- Up-to-date: /home/amber/code/Notes/Ros/ros_learn/town_ws/install/village_interfaces/share/village_interfaces/msg/dds_connext
[0.270s] -- Up-to-date: /home/amber/code/Notes/Ros/ros_learn/town_ws/install/village_interfaces/share/village_interfaces/msg/dds_connext/Novel_.idl
[0.270s] -- Up-to-date: /home/amber/code/Notes/Ros/ros_learn/town_ws/install/village_interfaces/include/village_interfaces
[0.270s] -- Up-to-date: /home/amber/code/Notes/Ros/ros_learn/town_ws/install/village_interfaces/include/village_interfaces/msg
[0.270s] -- Up-to-date: /home/amber/code/Notes/Ros/ros_learn/town_ws/install/village_interfaces/include/village_interfaces/msg/novel__rosidl_typesupport_connext_cpp.hpp
[0.270s] -- Up-to-date: /home/amber/code/Notes/Ros/ros_learn/town_ws/install/village_interfaces/include/village_interfaces/msg/dds_connext
[0.270s] -- Up-to-date: /home/amber/code/Notes/Ros/ros_learn/town_ws/install/village_interfaces/include/village_interfaces/msg/dds_connext/Novel_Support.h
[0.270s] -- Up-to-date: /home/amber/code/Notes/Ros/ros_learn/town_ws/install/village_interfaces/include/village_interfaces/msg/dds_connext/Novel_.h
[0.270s] -- Up-to-date: /home/amber/code/Notes/Ros/ros_learn/town_ws/install/village_interfaces/include/village_interfaces/msg/dds_connext/Novel_Support.cxx
[0.270s] -- Up-to-date: /home/amber/code/Notes/Ros/ros_learn/town_ws/install/village_interfaces/include/village_interfaces/msg/dds_connext/Novel_.cxx
[0.270s] -- Up-to-date: /home/amber/code/Notes/Ros/ros_learn/town_ws/install/village_interfaces/include/village_interfaces/msg/dds_connext/Novel_Plugin.h
[0.270s] -- Up-to-date: /home/amber/code/Notes/Ros/ros_learn/town_ws/install/village_interfaces/include/village_interfaces/msg/dds_connext/Novel_Plugin.cxx
[0.270s] -- Up-to-date: /home/amber/code/Notes/Ros/ros_learn/town_ws/install/village_interfaces/include/village_interfaces/msg/rosidl_typesupport_connext_cpp__visibility_control.h
[0.270s] -- Up-to-date: /home/amber/code/Notes/Ros/ros_learn/town_ws/install/village_interfaces/lib/libvillage_interfaces__rosidl_typesupport_connext_cpp.so
[0.270s] -- Up-to-date: /home/amber/code/Notes/Ros/ros_learn/town_ws/install/village_interfaces/include/village_interfaces
[0.271s] -- Up-to-date: /home/amber/code/Notes/Ros/ros_learn/town_ws/install/village_interfaces/include/village_interfaces/msg
[0.271s] -- Up-to-date: /home/amber/code/Notes/Ros/ros_learn/town_ws/install/village_interfaces/include/village_interfaces/msg/rosidl_typesupport_fastrtps_c__visibility_control.h
[0.271s] -- Up-to-date: /home/amber/code/Notes/Ros/ros_learn/town_ws/install/village_interfaces/include/village_interfaces/msg/detail
[0.271s] -- Up-to-date: /home/amber/code/Notes/Ros/ros_learn/town_ws/install/village_interfaces/include/village_interfaces/msg/detail/novel__rosidl_typesupport_fastrtps_c.h
[0.271s] -- Up-to-date: /home/amber/code/Notes/Ros/ros_learn/town_ws/install/village_interfaces/lib/libvillage_interfaces__rosidl_typesupport_fastrtps_c.so
[0.271s] -- Up-to-date: /home/amber/code/Notes/Ros/ros_learn/town_ws/install/village_interfaces/include/village_interfaces
[0.271s] -- Up-to-date: /home/amber/code/Notes/Ros/ros_learn/town_ws/install/village_interfaces/include/village_interfaces/msg
[0.271s] -- Up-to-date: /home/amber/code/Notes/Ros/ros_learn/town_ws/install/village_interfaces/include/village_interfaces/msg/rosidl_typesupport_fastrtps_cpp__visibility_control.h
[0.271s] -- Up-to-date: /home/amber/code/Notes/Ros/ros_learn/town_ws/install/village_interfaces/include/village_interfaces/msg/detail
[0.271s] -- Up-to-date: /home/amber/code/Notes/Ros/ros_learn/town_ws/install/village_interfaces/include/village_interfaces/msg/detail/dds_fastrtps
[0.271s] -- Up-to-date: /home/amber/code/Notes/Ros/ros_learn/town_ws/install/village_interfaces/include/village_interfaces/msg/detail/novel__rosidl_typesupport_fastrtps_cpp.hpp
[0.271s] -- Up-to-date: /home/amber/code/Notes/Ros/ros_learn/town_ws/install/village_interfaces/lib/libvillage_interfaces__rosidl_typesupport_fastrtps_cpp.so
[0.271s] -- Up-to-date: /home/amber/code/Notes/Ros/ros_learn/town_ws/install/village_interfaces/include/village_interfaces
[0.271s] -- Up-to-date: /home/amber/code/Notes/Ros/ros_learn/town_ws/install/village_interfaces/include/village_interfaces/msg
[0.272s] -- Up-to-date: /home/amber/code/Notes/Ros/ros_learn/town_ws/install/village_interfaces/include/village_interfaces/msg/rosidl_typesupport_introspection_c__visibility_control.h
[0.272s] -- Up-to-date: /home/amber/code/Notes/Ros/ros_learn/town_ws/install/village_interfaces/include/village_interfaces/msg/detail
[0.272s] -- Up-to-date: /home/amber/code/Notes/Ros/ros_learn/town_ws/install/village_interfaces/include/village_interfaces/msg/detail/novel__rosidl_typesupport_introspection_c.h
[0.272s] -- Up-to-date: /home/amber/code/Notes/Ros/ros_learn/town_ws/install/village_interfaces/include/village_interfaces/msg/detail/novel__type_support.c
[0.272s] -- Up-to-date: /home/amber/code/Notes/Ros/ros_learn/town_ws/install/village_interfaces/lib/libvillage_interfaces__rosidl_typesupport_introspection_c.so
[0.272s] -- Up-to-date: /home/amber/code/Notes/Ros/ros_learn/town_ws/install/village_interfaces/lib/libvillage_interfaces__rosidl_typesupport_c.so
[0.272s] -- Up-to-date: /home/amber/code/Notes/Ros/ros_learn/town_ws/install/village_interfaces/include/village_interfaces
[0.272s] -- Up-to-date: /home/amber/code/Notes/Ros/ros_learn/town_ws/install/village_interfaces/include/village_interfaces/msg
[0.272s] -- Up-to-date: /home/amber/code/Notes/Ros/ros_learn/town_ws/install/village_interfaces/include/village_interfaces/msg/novel.hpp
[0.272s] -- Up-to-date: /home/amber/code/Notes/Ros/ros_learn/town_ws/install/village_interfaces/include/village_interfaces/msg/detail
[0.272s] -- Up-to-date: /home/amber/code/Notes/Ros/ros_learn/town_ws/install/village_interfaces/include/village_interfaces/msg/detail/novel__struct.hpp
[0.272s] -- Up-to-date: /home/amber/code/Notes/Ros/ros_learn/town_ws/install/village_interfaces/include/village_interfaces/msg/detail/novel__builder.hpp
[0.272s] -- Up-to-date: /home/amber/code/Notes/Ros/ros_learn/town_ws/install/village_interfaces/include/village_interfaces/msg/detail/novel__traits.hpp
[0.272s] -- Up-to-date: /home/amber/code/Notes/Ros/ros_learn/town_ws/install/village_interfaces/include/village_interfaces
[0.272s] -- Up-to-date: /home/amber/code/Notes/Ros/ros_learn/town_ws/install/village_interfaces/include/village_interfaces/msg
[0.272s] -- Up-to-date: /home/amber/code/Notes/Ros/ros_learn/town_ws/install/village_interfaces/include/village_interfaces/msg/detail
[0.272s] -- Up-to-date: /home/amber/code/Notes/Ros/ros_learn/town_ws/install/village_interfaces/include/village_interfaces/msg/detail/novel__rosidl_typesupport_introspection_cpp.hpp
[0.273s] -- Up-to-date: /home/amber/code/Notes/Ros/ros_learn/town_ws/install/village_interfaces/include/village_interfaces/msg/detail/novel__type_support.cpp
[0.273s] -- Up-to-date: /home/amber/code/Notes/Ros/ros_learn/town_ws/install/village_interfaces/lib/libvillage_interfaces__rosidl_typesupport_introspection_cpp.so
[0.273s] -- Up-to-date: /home/amber/code/Notes/Ros/ros_learn/town_ws/install/village_interfaces/lib/libvillage_interfaces__rosidl_typesupport_cpp.so
[0.273s] -- Up-to-date: /home/amber/code/Notes/Ros/ros_learn/town_ws/install/village_interfaces/share/village_interfaces/environment/pythonpath.sh
[0.273s] -- Up-to-date: /home/amber/code/Notes/Ros/ros_learn/town_ws/install/village_interfaces/share/village_interfaces/environment/pythonpath.dsv
[0.273s] -- Up-to-date: /home/amber/code/Notes/Ros/ros_learn/town_ws/install/village_interfaces/lib/python3.8/site-packages/village_interfaces/__init__.py
[0.293s] -- Up-to-date: /home/amber/code/Notes/Ros/ros_learn/town_ws/install/village_interfaces/lib/python3.8/site-packages/village_interfaces/msg
[0.293s] -- Up-to-date: /home/amber/code/Notes/Ros/ros_learn/town_ws/install/village_interfaces/lib/python3.8/site-packages/village_interfaces/msg/_novel.py
[0.293s] -- Up-to-date: /home/amber/code/Notes/Ros/ros_learn/town_ws/install/village_interfaces/lib/python3.8/site-packages/village_interfaces/msg/__init__.py
[0.294s] -- Up-to-date: /home/amber/code/Notes/Ros/ros_learn/town_ws/install/village_interfaces/lib/python3.8/site-packages/village_interfaces/msg/_novel_s.c
[0.294s] -- Up-to-date: /home/amber/code/Notes/Ros/ros_learn/town_ws/install/village_interfaces/lib/python3.8/site-packages/village_interfaces/village_interfaces_s__rosidl_typesupport_connext_c.cpython-38-x86_64-linux-gnu.so
[0.294s] -- Up-to-date: /home/amber/code/Notes/Ros/ros_learn/town_ws/install/village_interfaces/lib/python3.8/site-packages/village_interfaces/village_interfaces_s__rosidl_typesupport_fastrtps_c.cpython-38-x86_64-linux-gnu.so
[0.294s] -- Up-to-date: /home/amber/code/Notes/Ros/ros_learn/town_ws/install/village_interfaces/lib/python3.8/site-packages/village_interfaces/village_interfaces_s__rosidl_typesupport_introspection_c.cpython-38-x86_64-linux-gnu.so
[0.295s] -- Up-to-date: /home/amber/code/Notes/Ros/ros_learn/town_ws/install/village_interfaces/lib/python3.8/site-packages/village_interfaces/village_interfaces_s__rosidl_typesupport_c.cpython-38-x86_64-linux-gnu.so
[0.295s] -- Up-to-date: /home/amber/code/Notes/Ros/ros_learn/town_ws/install/village_interfaces/lib/libvillage_interfaces__python.so
[0.295s] -- Up-to-date: /home/amber/code/Notes/Ros/ros_learn/town_ws/install/village_interfaces/share/village_interfaces/msg/Novel.idl
[0.295s] -- Up-to-date: /home/amber/code/Notes/Ros/ros_learn/town_ws/install/village_interfaces/share/village_interfaces/msg/Novel.msg
[0.295s] -- Up-to-date: /home/amber/code/Notes/Ros/ros_learn/town_ws/install/village_interfaces/share/ament_index/resource_index/package_run_dependencies/village_interfaces
[0.295s] -- Up-to-date: /home/amber/code/Notes/Ros/ros_learn/town_ws/install/village_interfaces/share/ament_index/resource_index/parent_prefix_path/village_interfaces
[0.296s] -- Up-to-date: /home/amber/code/Notes/Ros/ros_learn/town_ws/install/village_interfaces/share/village_interfaces/environment/ament_prefix_path.sh
[0.296s] -- Up-to-date: /home/amber/code/Notes/Ros/ros_learn/town_ws/install/village_interfaces/share/village_interfaces/environment/ament_prefix_path.dsv
[0.296s] -- Up-to-date: /home/amber/code/Notes/Ros/ros_learn/town_ws/install/village_interfaces/share/village_interfaces/environment/path.sh
[0.296s] -- Up-to-date: /home/amber/code/Notes/Ros/ros_learn/town_ws/install/village_interfaces/share/village_interfaces/environment/path.dsv
[0.296s] -- Up-to-date: /home/amber/code/Notes/Ros/ros_learn/town_ws/install/village_interfaces/share/village_interfaces/local_setup.bash
[0.296s] -- Up-to-date: /home/amber/code/Notes/Ros/ros_learn/town_ws/install/village_interfaces/share/village_interfaces/local_setup.sh
[0.296s] -- Up-to-date: /home/amber/code/Notes/Ros/ros_learn/town_ws/install/village_interfaces/share/village_interfaces/local_setup.zsh
[0.296s] -- Up-to-date: /home/amber/code/Notes/Ros/ros_learn/town_ws/install/village_interfaces/share/village_interfaces/local_setup.dsv
[0.296s] -- Up-to-date: /home/amber/code/Notes/Ros/ros_learn/town_ws/install/village_interfaces/share/village_interfaces/package.dsv
[0.296s] -- Up-to-date: /home/amber/code/Notes/Ros/ros_learn/town_ws/install/village_interfaces/share/ament_index/resource_index/packages/village_interfaces
[0.296s] -- Up-to-date: /home/amber/code/Notes/Ros/ros_learn/town_ws/install/village_interfaces/share/village_interfaces/cmake/village_interfaces__rosidl_generator_cExport.cmake
[0.296s] -- Up-to-date: /home/amber/code/Notes/Ros/ros_learn/town_ws/install/village_interfaces/share/village_interfaces/cmake/village_interfaces__rosidl_generator_cExport-noconfig.cmake
[0.296s] -- Up-to-date: /home/amber/code/Notes/Ros/ros_learn/town_ws/install/village_interfaces/share/village_interfaces/cmake/village_interfaces__rosidl_typesupport_introspection_cExport.cmake
[0.296s] -- Up-to-date: /home/amber/code/Notes/Ros/ros_learn/town_ws/install/village_interfaces/share/village_interfaces/cmake/village_interfaces__rosidl_typesupport_introspection_cExport-noconfig.cmake
[0.296s] -- Up-to-date: /home/amber/code/Notes/Ros/ros_learn/town_ws/install/village_interfaces/share/village_interfaces/cmake/village_interfaces__rosidl_typesupport_cExport.cmake
[0.296s] -- Up-to-date: /home/amber/code/Notes/Ros/ros_learn/town_ws/install/village_interfaces/share/village_interfaces/cmake/village_interfaces__rosidl_typesupport_cExport-noconfig.cmake
[0.296s] -- Up-to-date: /home/amber/code/Notes/Ros/ros_learn/town_ws/install/village_interfaces/share/village_interfaces/cmake/village_interfaces__rosidl_generator_cppExport.cmake
[0.297s] -- Up-to-date: /home/amber/code/Notes/Ros/ros_learn/town_ws/install/village_interfaces/share/village_interfaces/cmake/village_interfaces__rosidl_typesupport_introspection_cppExport.cmake
[0.297s] -- Up-to-date: /home/amber/code/Notes/Ros/ros_learn/town_ws/install/village_interfaces/share/village_interfaces/cmake/village_interfaces__rosidl_typesupport_introspection_cppExport-noconfig.cmake
[0.297s] -- Up-to-date: /home/amber/code/Notes/Ros/ros_learn/town_ws/install/village_interfaces/share/village_interfaces/cmake/village_interfaces__rosidl_typesupport_cppExport.cmake
[0.297s] -- Up-to-date: /home/amber/code/Notes/Ros/ros_learn/town_ws/install/village_interfaces/share/village_interfaces/cmake/village_interfaces__rosidl_typesupport_cppExport-noconfig.cmake
[0.297s] -- Up-to-date: /home/amber/code/Notes/Ros/ros_learn/town_ws/install/village_interfaces/share/village_interfaces/cmake/rosidl_cmake-extras.cmake
[0.297s] -- Up-to-date: /home/amber/code/Notes/Ros/ros_learn/town_ws/install/village_interfaces/share/village_interfaces/cmake/ament_cmake_export_dependencies-extras.cmake
[0.297s] -- Up-to-date: /home/amber/code/Notes/Ros/ros_learn/town_ws/install/village_interfaces/share/village_interfaces/cmake/ament_cmake_export_libraries-extras.cmake
[0.297s] -- Up-to-date: /home/amber/code/Notes/Ros/ros_learn/town_ws/install/village_interfaces/share/village_interfaces/cmake/ament_cmake_export_targets-extras.cmake
[0.297s] -- Up-to-date: /home/amber/code/Notes/Ros/ros_learn/town_ws/install/village_interfaces/share/village_interfaces/cmake/ament_cmake_export_include_directories-extras.cmake
[0.297s] -- Up-to-date: /home/amber/code/Notes/Ros/ros_learn/town_ws/install/village_interfaces/share/village_interfaces/cmake/rosidl_cmake_export_typesupport_libraries-extras.cmake
[0.297s] -- Up-to-date: /home/amber/code/Notes/Ros/ros_learn/town_ws/install/village_interfaces/share/village_interfaces/cmake/rosidl_cmake_export_typesupport_targets-extras.cmake
[0.297s] -- Up-to-date: /home/amber/code/Notes/Ros/ros_learn/town_ws/install/village_interfaces/share/village_interfaces/cmake/village_interfacesConfig.cmake
[0.297s] -- Up-to-date: /home/amber/code/Notes/Ros/ros_learn/town_ws/install/village_interfaces/share/village_interfaces/cmake/village_interfacesConfig-version.cmake
[0.297s] -- Up-to-date: /home/amber/code/Notes/Ros/ros_learn/town_ws/install/village_interfaces/share/village_interfaces/package.xml
[0.299s] Invoked command in '/home/amber/code/Notes/Ros/ros_learn/town_ws/build/village_interfaces' returned '0': CMAKE_PREFIX_PATH=${CMAKE_PREFIX_PATH}:/home/amber/code/Notes/Ros/ros_learn/town_ws/install/village_li:/opt/ros/foxy /usr/bin/cmake --install /home/amber/code/Notes/Ros/ros_learn/town_ws/build/village_interfaces
