[0.151s] Invoking command in '/home/amber/code/Notes/Ros/3_ros2_node/node_ws/build/cognition_node_c++': /usr/bin/cmake /home/amber/code/Notes/Ros/3_ros2_node/node_ws/src/cognition_node_c++ -DCMAKE_INSTALL_PREFIX=/home/amber/code/Notes/Ros/3_ros2_node/node_ws/install/cognition_node_c++
[0.160s] -- Found ament_cmake: 0.9.9 (/opt/ros/foxy/share/ament_cmake/cmake)
[0.174s] -- Using PYTHON_EXECUTABLE: /usr/bin/python3
[0.291s] -- Found rclcpp: 2.4.1 (/opt/ros/foxy/share/rclcpp/cmake)
[0.313s] -- Using all available rosidl_typesupport_c: rosidl_typesupport_connext_c;rosidl_typesupport_fastrtps_c;rosidl_typesupport_introspection_c
[0.315s] -- Found rosidl_adapter: 1.2.1 (/opt/ros/foxy/share/rosidl_adapter/cmake)
[0.316s] -- Found RTI Connext: /opt/rti.com/rti_connext_dds-5.3.1
[0.562s] -- Using all available rosidl_typesupport_cpp: rosidl_typesupport_connext_cpp;rosidl_typesupport_fastrtps_cpp;rosidl_typesupport_introspection_cpp
[0.594s] -- Found rmw_implementation_cmake: 1.0.3 (/opt/ros/foxy/share/rmw_implementation_cmake/cmake)
[0.594s] -- Using RMW implementation 'rmw_fastrtps_cpp' as default
[0.682s] -- Found ament_lint_auto: 0.9.6 (/opt/ros/foxy/share/ament_lint_auto/cmake)
[0.683s] -- Configuring done
[0.687s] -- Generating done
[0.688s] -- Build files have been written to: /home/amber/code/Notes/Ros/3_ros2_node/node_ws/build/cognition_node_c++
[0.692s] Invoked command in '/home/amber/code/Notes/Ros/3_ros2_node/node_ws/build/cognition_node_c++' returned '0': /usr/bin/cmake /home/amber/code/Notes/Ros/3_ros2_node/node_ws/src/cognition_node_c++ -DCMAKE_INSTALL_PREFIX=/home/amber/code/Notes/Ros/3_ros2_node/node_ws/install/cognition_node_c++
[0.695s] Invoking command in '/home/amber/code/Notes/Ros/3_ros2_node/node_ws/build/cognition_node_c++': /usr/bin/cmake --build /home/amber/code/Notes/Ros/3_ros2_node/node_ws/build/cognition_node_c++ -- -j16 -l16
[0.721s] [35m[1mScanning dependencies of target cognition_node_c++[0m
[0.744s] [ 50%] [32mBuilding CXX object CMakeFiles/cognition_node_c++.dir/src/cognition_node_c++.cpp.o[0m
[1.776s] [100%] [32m[1mLinking CXX executable cognition_node_c++[0m
[1.843s] [100%] Built target cognition_node_c++
[1.850s] Invoked command in '/home/amber/code/Notes/Ros/3_ros2_node/node_ws/build/cognition_node_c++' returned '0': /usr/bin/cmake --build /home/amber/code/Notes/Ros/3_ros2_node/node_ws/build/cognition_node_c++ -- -j16 -l16
[1.873s] Invoking command in '/home/amber/code/Notes/Ros/3_ros2_node/node_ws/build/cognition_node_c++': /usr/bin/cmake --install /home/amber/code/Notes/Ros/3_ros2_node/node_ws/build/cognition_node_c++
[1.879s] -- Install configuration: ""
[1.879s] -- Installing: /home/amber/code/Notes/Ros/3_ros2_node/node_ws/install/cognition_node_c++/lib/cognition_node_c++/cognition_node_c++
[1.880s] -- Set runtime path of "/home/amber/code/Notes/Ros/3_ros2_node/node_ws/install/cognition_node_c++/lib/cognition_node_c++/cognition_node_c++" to ""
[1.882s] Invoked command in '/home/amber/code/Notes/Ros/3_ros2_node/node_ws/build/cognition_node_c++' returned '0': /usr/bin/cmake --install /home/amber/code/Notes/Ros/3_ros2_node/node_ws/build/cognition_node_c++
