[0.010s] Invoking command in '/home/amber/code/Notes/Ros/ros_learn/town_ws/build/village_interfaces': CMAKE_PREFIX_PATH=${CMAKE_PREFIX_PATH}:/home/amber/code/Notes/Ros/ros_learn/town_ws/install/village_li:/opt/ros/foxy /usr/bin/cmake --build /home/amber/code/Notes/Ros/ros_learn/town_ws/build/village_interfaces -- -j16 -l16
[0.027s] -- Found ament_cmake: 0.9.9 (/opt/ros/foxy/share/ament_cmake/cmake)
[0.042s] -- Found PythonInterp: /usr/bin/python3 (found suitable version "3.8.10", minimum required is "3") 
[0.042s] -- Using PYTHON_EXECUTABLE: /usr/bin/python3
[0.157s] -- Found sensor_msgs: 2.0.5 (/opt/ros/foxy/share/sensor_msgs/cmake)
[0.171s] -- Using all available rosidl_typesupport_c: rosidl_typesupport_connext_c;rosidl_typesupport_fastrtps_c;rosidl_typesupport_introspection_c
[0.173s] -- Found rosidl_adapter: 1.2.1 (/opt/ros/foxy/share/rosidl_adapter/cmake)
[0.174s] -- Found RTI Connext: /opt/rti.com/rti_connext_dds-5.3.1
[0.461s] -- Using all available rosidl_typesupport_cpp: rosidl_typesupport_connext_cpp;rosidl_typesupport_fastrtps_cpp;rosidl_typesupport_introspection_cpp
[0.555s] -- Found rosidl_default_generators: 1.0.1 (/opt/ros/foxy/share/rosidl_default_generators/cmake)
[0.575s] -- Found PythonInterp: /usr/bin/python3 (found version "3.8.10") 
[0.801s] -- Found ament_cmake_ros: 0.9.2 (/opt/ros/foxy/share/ament_cmake_ros/cmake)
[0.992s] -- Using all available rosidl_typesupport_c: rosidl_typesupport_connext_c;rosidl_typesupport_fastrtps_c;rosidl_typesupport_introspection_c
[1.093s] -- Using all available rosidl_typesupport_cpp: rosidl_typesupport_connext_cpp;rosidl_typesupport_fastrtps_cpp;rosidl_typesupport_introspection_cpp
[1.112s] -- Found PythonInterp: /usr/bin/python3 (found suitable version "3.8.10", minimum required is "3.5") 
[1.113s] -- Found python_cmake_module: 0.8.1 (/opt/ros/foxy/share/python_cmake_module/cmake)
[1.129s] -- Using PYTHON_EXECUTABLE: /usr/bin/python3
[1.129s] -- Using PYTHON_INCLUDE_DIRS: /usr/include/python3.8
[1.129s] -- Using PYTHON_LIBRARIES: /usr/lib/x86_64-linux-gnu/libpython3.8.so
[1.174s] -- Found ament_lint_auto: 0.9.6 (/opt/ros/foxy/share/ament_lint_auto/cmake)
[1.180s] -- Added test 'copyright' to check source files copyright and LICENSE
[1.181s] -- Added test 'lint_cmake' to check CMake code style
[1.181s] -- Added test 'xmllint' to check XML markup files
[1.184s] -- Configuring done
[1.242s] -- Generating done
[1.245s] -- Build files have been written to: /home/amber/code/Notes/Ros/ros_learn/town_ws/build/village_interfaces
[1.264s] [  1%] [34m[1mGenerating C code for ROS interfaces[0m
[1.264s] [35m[1mScanning dependencies of target village_interfaces__dds_connext_idl[0m
[1.264s] [35m[1mScanning dependencies of target village_interfaces__cpp[0m
[1.271s] [  3%] [34m[1mGenerating C++ code for ROS interfaces[0m
[1.271s] [  3%] [34m[1mGenerating DDS interfaces[0m
[1.424s] [  3%] Built target village_interfaces__dds_connext_idl
[1.491s] [  3%] Built target village_interfaces__cpp
[1.491s] [35m[1mScanning dependencies of target village_interfaces__rosidl_generator_c[0m
[1.498s] [  7%] [34m[1mGenerating C++ type support for eProsima Fast-RTPS[0m
[1.498s] [  7%] [34m[1mGenerating C++ type support dispatch for ROS interfaces[0m
[1.499s] [  7%] [34m[1mGenerating C++ introspection for ROS interfaces[0m
[1.499s] [  8%] [32mBuilding C object CMakeFiles/village_interfaces__rosidl_generator_c.dir/rosidl_generator_c/village_interfaces/msg/detail/novel__functions.c.o[0m
[1.500s] [  9%] [32mBuilding C object CMakeFiles/village_interfaces__rosidl_generator_c.dir/rosidl_generator_c/village_interfaces/srv/detail/borrow_money__functions.c.o[0m
[1.500s] [ 11%] [32mBuilding C object CMakeFiles/village_interfaces__rosidl_generator_c.dir/rosidl_generator_c/village_interfaces/srv/detail/sell_novel__functions.c.o[0m
[1.504s] [ 12%] [34m[1mGenerating C++ type support for RTI Connext (using '/opt/rti.com/rti_connext_dds-5.3.1/bin/rtiddsgen_server')[0m
[1.529s] [ 13%] [32m[1mLinking C shared library libvillage_interfaces__rosidl_generator_c.so[0m
[1.554s] [ 13%] Built target village_interfaces__rosidl_generator_c
[1.562s] [ 16%] [34m[1mGenerating C introspection for ROS interfaces[0m
[1.562s] [ 16%] [34m[1mGenerating C type support dispatch for ROS interfaces[0m
[1.669s] [35m[1mScanning dependencies of target village_interfaces__rosidl_typesupport_cpp[0m
[1.678s] [ 18%] [32mBuilding CXX object CMakeFiles/village_interfaces__rosidl_typesupport_cpp.dir/rosidl_typesupport_cpp/village_interfaces/srv/borrow_money__type_support.cpp.o[0m
[1.678s] [ 18%] [32mBuilding CXX object CMakeFiles/village_interfaces__rosidl_typesupport_cpp.dir/rosidl_typesupport_cpp/village_interfaces/msg/novel__type_support.cpp.o[0m
[1.680s] [ 19%] [32mBuilding CXX object CMakeFiles/village_interfaces__rosidl_typesupport_cpp.dir/rosidl_typesupport_cpp/village_interfaces/srv/sell_novel__type_support.cpp.o[0m
[1.696s] [35m[1mScanning dependencies of target village_interfaces__rosidl_typesupport_introspection_cpp[0m
[1.711s] [ 20%] [32mBuilding CXX object CMakeFiles/village_interfaces__rosidl_typesupport_introspection_cpp.dir/rosidl_typesupport_introspection_cpp/village_interfaces/msg/detail/novel__type_support.cpp.o[0m
[1.712s] [ 22%] [32mBuilding CXX object CMakeFiles/village_interfaces__rosidl_typesupport_introspection_cpp.dir/rosidl_typesupport_introspection_cpp/village_interfaces/srv/detail/sell_novel__type_support.cpp.o[0m
[1.712s] [ 23%] [32mBuilding CXX object CMakeFiles/village_interfaces__rosidl_typesupport_introspection_cpp.dir/rosidl_typesupport_introspection_cpp/village_interfaces/srv/detail/borrow_money__type_support.cpp.o[0m
[1.712s] [35m[1mScanning dependencies of target village_interfaces__rosidl_typesupport_fastrtps_cpp[0m
[1.730s] [ 27%] [32mBuilding CXX object CMakeFiles/village_interfaces__rosidl_typesupport_fastrtps_cpp.dir/rosidl_typesupport_fastrtps_cpp/village_interfaces/srv/detail/dds_fastrtps/sell_novel__type_support.cpp.o[0m
[1.730s] [ 27%] [32mBuilding CXX object CMakeFiles/village_interfaces__rosidl_typesupport_fastrtps_cpp.dir/rosidl_typesupport_fastrtps_cpp/village_interfaces/msg/detail/dds_fastrtps/novel__type_support.cpp.o[0m
[1.730s] [ 27%] [32mBuilding CXX object CMakeFiles/village_interfaces__rosidl_typesupport_fastrtps_cpp.dir/rosidl_typesupport_fastrtps_cpp/village_interfaces/srv/detail/dds_fastrtps/borrow_money__type_support.cpp.o[0m
[1.746s] [35m[1mScanning dependencies of target village_interfaces__rosidl_typesupport_c[0m
[1.763s] [ 28%] [32mBuilding CXX object CMakeFiles/village_interfaces__rosidl_typesupport_c.dir/rosidl_typesupport_c/village_interfaces/msg/novel__type_support.cpp.o[0m
[1.763s] [ 29%] [32mBuilding CXX object CMakeFiles/village_interfaces__rosidl_typesupport_c.dir/rosidl_typesupport_c/village_interfaces/srv/sell_novel__type_support.cpp.o[0m
[1.763s] [ 30%] [32mBuilding CXX object CMakeFiles/village_interfaces__rosidl_typesupport_c.dir/rosidl_typesupport_c/village_interfaces/srv/borrow_money__type_support.cpp.o[0m
[1.795s] [ 32%] [32m[1mLinking CXX shared library libvillage_interfaces__rosidl_typesupport_c.so[0m
[1.816s] [35m[1mScanning dependencies of target village_interfaces__rosidl_typesupport_introspection_c[0m
[1.836s] [ 33%] [32mBuilding C object CMakeFiles/village_interfaces__rosidl_typesupport_introspection_c.dir/rosidl_typesupport_introspection_c/village_interfaces/msg/detail/novel__type_support.c.o[0m
[1.838s] [ 34%] [32mBuilding C object CMakeFiles/village_interfaces__rosidl_typesupport_introspection_c.dir/rosidl_typesupport_introspection_c/village_interfaces/srv/detail/borrow_money__type_support.c.o[0m
[1.840s] [ 34%] Built target village_interfaces__rosidl_typesupport_c
[1.843s] [ 35%] [32mBuilding C object CMakeFiles/village_interfaces__rosidl_typesupport_introspection_c.dir/rosidl_typesupport_introspection_c/village_interfaces/srv/detail/sell_novel__type_support.c.o[0m
[1.879s] [ 37%] [32m[1mLinking C shared library libvillage_interfaces__rosidl_typesupport_introspection_c.so[0m
[1.917s] [ 37%] Built target village_interfaces__rosidl_typesupport_introspection_c
[1.975s] [ 38%] [32m[1mLinking CXX shared library libvillage_interfaces__rosidl_typesupport_cpp.so[0m
[2.005s] [ 38%] Built target village_interfaces__rosidl_typesupport_cpp
[2.034s] [ 39%] [32m[1mLinking CXX shared library libvillage_interfaces__rosidl_typesupport_introspection_cpp.so[0m
[2.119s] [ 39%] Built target village_interfaces__rosidl_typesupport_introspection_cpp
[2.196s] [ 40%] [32m[1mLinking CXX shared library libvillage_interfaces__rosidl_typesupport_fastrtps_cpp.so[0m
[2.283s] [ 40%] Built target village_interfaces__rosidl_typesupport_fastrtps_cpp
[2.291s] [ 41%] [34m[1mGenerating C type support for eProsima Fast-RTPS[0m
[2.375s] INFO com.rti.ndds.nddsgen.Main Running rtiddsgen version 2.5.2, please wait ...
[2.375s] INFO com.rti.ndds.nddsgen.Main Done
[2.486s] INFO com.rti.ndds.nddsgen.Main Running rtiddsgen version 2.5.2, please wait ...
[2.486s] INFO com.rti.ndds.nddsgen.Main Done
[2.569s] [35m[1mScanning dependencies of target village_interfaces__rosidl_typesupport_fastrtps_c[0m
[2.574s] INFO com.rti.ndds.nddsgen.Main Running rtiddsgen version 2.5.2, please wait ...
[2.574s] INFO com.rti.ndds.nddsgen.Main Done
[2.585s] [ 45%] [32mBuilding CXX object CMakeFiles/village_interfaces__rosidl_typesupport_fastrtps_c.dir/rosidl_typesupport_fastrtps_c/village_interfaces/msg/detail/novel__type_support_c.cpp.o[0m
[2.585s] [ 45%] [32mBuilding CXX object CMakeFiles/village_interfaces__rosidl_typesupport_fastrtps_c.dir/rosidl_typesupport_fastrtps_c/village_interfaces/srv/detail/sell_novel__type_support_c.cpp.o[0m
[2.585s] [ 45%] [32mBuilding CXX object CMakeFiles/village_interfaces__rosidl_typesupport_fastrtps_c.dir/rosidl_typesupport_fastrtps_c/village_interfaces/srv/detail/borrow_money__type_support_c.cpp.o[0m
[2.615s] [35m[1mScanning dependencies of target village_interfaces__rosidl_typesupport_connext_cpp[0m
[2.674s] [ 50%] [32mBuilding CXX object CMakeFiles/village_interfaces__rosidl_typesupport_connext_cpp.dir/rosidl_typesupport_connext_cpp/village_interfaces/srv/dds_connext/borrow_money__type_support.cpp.o[0m
[2.675s] [ 50%] [32mBuilding CXX object CMakeFiles/village_interfaces__rosidl_typesupport_connext_cpp.dir/rosidl_typesupport_connext_cpp/village_interfaces/msg/dds_connext/novel__type_support.cpp.o[0m
[2.675s] [ 50%] [32mBuilding CXX object CMakeFiles/village_interfaces__rosidl_typesupport_connext_cpp.dir/rosidl_typesupport_connext_cpp/village_interfaces/srv/dds_connext/sell_novel__type_support.cpp.o[0m
[2.675s] [ 51%] [32mBuilding CXX object CMakeFiles/village_interfaces__rosidl_typesupport_connext_cpp.dir/rosidl_typesupport_connext_cpp/village_interfaces/msg/dds_connext/Novel_Plugin.cxx.o[0m
[2.675s] [ 53%] [32mBuilding CXX object CMakeFiles/village_interfaces__rosidl_typesupport_connext_cpp.dir/rosidl_typesupport_connext_cpp/village_interfaces/msg/dds_connext/Novel_Support.cxx.o[0m
[2.675s] [ 53%] [32mBuilding CXX object CMakeFiles/village_interfaces__rosidl_typesupport_connext_cpp.dir/rosidl_typesupport_connext_cpp/village_interfaces/msg/dds_connext/Novel_.cxx.o[0m
[2.675s] [ 55%] [32mBuilding CXX object CMakeFiles/village_interfaces__rosidl_typesupport_connext_cpp.dir/rosidl_typesupport_connext_cpp/village_interfaces/srv/dds_connext/BorrowMoney_Plugin.cxx.o[0m
[2.675s] [ 55%] [32mBuilding CXX object CMakeFiles/village_interfaces__rosidl_typesupport_connext_cpp.dir/rosidl_typesupport_connext_cpp/village_interfaces/srv/dds_connext/BorrowMoney_.cxx.o[0m
[2.676s] [ 56%] [32mBuilding CXX object CMakeFiles/village_interfaces__rosidl_typesupport_connext_cpp.dir/rosidl_typesupport_connext_cpp/village_interfaces/srv/dds_connext/BorrowMoney_Support.cxx.o[0m
[2.676s] [ 58%] [32mBuilding CXX object CMakeFiles/village_interfaces__rosidl_typesupport_connext_cpp.dir/rosidl_typesupport_connext_cpp/village_interfaces/srv/dds_connext/SellNovel_Plugin.cxx.o[0m
[2.679s] [ 59%] [32mBuilding CXX object CMakeFiles/village_interfaces__rosidl_typesupport_connext_cpp.dir/rosidl_typesupport_connext_cpp/village_interfaces/srv/dds_connext/SellNovel_Support.cxx.o[0m
[2.682s] [ 60%] [32mBuilding CXX object CMakeFiles/village_interfaces__rosidl_typesupport_connext_cpp.dir/rosidl_typesupport_connext_cpp/village_interfaces/srv/dds_connext/SellNovel_.cxx.o[0m
[2.922s] [ 61%] [32m[1mLinking CXX shared library libvillage_interfaces__rosidl_typesupport_fastrtps_c.so[0m
[2.983s] [ 61%] Built target village_interfaces__rosidl_typesupport_fastrtps_c
[3.478s] [ 62%] [32m[1mLinking CXX shared library libvillage_interfaces__rosidl_typesupport_connext_cpp.so[0m
[3.645s] [ 64%] Built target village_interfaces__rosidl_typesupport_connext_cpp
[3.658s] [ 65%] [34m[1mGenerating C type support for RTI Connext[0m
[3.855s] [35m[1mScanning dependencies of target village_interfaces__rosidl_typesupport_connext_c[0m
[3.910s] [ 67%] [32mBuilding CXX object CMakeFiles/village_interfaces__rosidl_typesupport_connext_c.dir/rosidl_typesupport_connext_cpp/village_interfaces/msg/dds_connext/Novel_Plugin.cxx.o[0m
[3.910s] [ 67%] [32mBuilding CXX object CMakeFiles/village_interfaces__rosidl_typesupport_connext_c.dir/rosidl_typesupport_connext_cpp/village_interfaces/msg/dds_connext/Novel_.cxx.o[0m
[3.910s] [ 69%] [32mBuilding CXX object CMakeFiles/village_interfaces__rosidl_typesupport_connext_c.dir/rosidl_typesupport_connext_c/village_interfaces/msg/dds_connext/novel__type_support_c.cpp.o[0m
[3.910s] [ 70%] [32mBuilding CXX object CMakeFiles/village_interfaces__rosidl_typesupport_connext_c.dir/rosidl_typesupport_connext_c/village_interfaces/srv/dds_connext/borrow_money__type_support_c.cpp.o[0m
[3.910s] [ 71%] [32mBuilding CXX object CMakeFiles/village_interfaces__rosidl_typesupport_connext_c.dir/rosidl_typesupport_connext_c/village_interfaces/srv/dds_connext/sell_novel__type_support_c.cpp.o[0m
[3.911s] [ 72%] [32mBuilding CXX object CMakeFiles/village_interfaces__rosidl_typesupport_connext_c.dir/rosidl_typesupport_connext_cpp/village_interfaces/srv/dds_connext/SellNovel_Plugin.cxx.o[0m
[3.911s] [ 74%] [32mBuilding CXX object CMakeFiles/village_interfaces__rosidl_typesupport_connext_c.dir/rosidl_typesupport_connext_cpp/village_interfaces/msg/dds_connext/Novel_Support.cxx.o[0m
[3.911s] [ 75%] [32mBuilding CXX object CMakeFiles/village_interfaces__rosidl_typesupport_connext_c.dir/rosidl_typesupport_connext_cpp/village_interfaces/srv/dds_connext/BorrowMoney_.cxx.o[0m
[3.911s] [ 76%] [32mBuilding CXX object CMakeFiles/village_interfaces__rosidl_typesupport_connext_c.dir/rosidl_typesupport_connext_cpp/village_interfaces/srv/dds_connext/BorrowMoney_Plugin.cxx.o[0m
[3.912s] [ 79%] [32mBuilding CXX object CMakeFiles/village_interfaces__rosidl_typesupport_connext_c.dir/rosidl_typesupport_connext_cpp/village_interfaces/srv/dds_connext/BorrowMoney_Support.cxx.o[0m
[3.912s] [ 79%] [32mBuilding CXX object CMakeFiles/village_interfaces__rosidl_typesupport_connext_c.dir/rosidl_typesupport_connext_cpp/village_interfaces/srv/dds_connext/SellNovel_.cxx.o[0m
[3.912s] [ 80%] [32mBuilding CXX object CMakeFiles/village_interfaces__rosidl_typesupport_connext_c.dir/rosidl_typesupport_connext_cpp/village_interfaces/srv/dds_connext/SellNovel_Support.cxx.o[0m
[4.618s] [ 81%] [32m[1mLinking CXX shared library libvillage_interfaces__rosidl_typesupport_connext_c.so[0m
[4.790s] [ 83%] Built target village_interfaces__rosidl_typesupport_connext_c
[4.802s] [ 83%] Built target village_interfaces
[4.809s] [35m[1mScanning dependencies of target village_interfaces__py[0m
[4.817s] [ 85%] [34m[1mGenerating Python code for ROS interfaces[0m
[5.212s] [ 85%] Built target village_interfaces__py
[5.219s] [35m[1mScanning dependencies of target village_interfaces__python[0m
[5.232s] [ 88%] [32mBuilding C object CMakeFiles/village_interfaces__python.dir/rosidl_generator_py/village_interfaces/srv/_borrow_money_s.c.o[0m
[5.232s] [ 88%] [32mBuilding C object CMakeFiles/village_interfaces__python.dir/rosidl_generator_py/village_interfaces/srv/_sell_novel_s.c.o[0m
[5.232s] [ 88%] [32mBuilding C object CMakeFiles/village_interfaces__python.dir/rosidl_generator_py/village_interfaces/msg/_novel_s.c.o[0m
[5.289s] [ 90%] [32m[1mLinking C shared library rosidl_generator_py/village_interfaces/libvillage_interfaces__python.so[0m
[5.319s] [ 90%] Built target village_interfaces__python
[5.326s] [35m[1mScanning dependencies of target village_interfaces__rosidl_typesupport_c__pyext[0m
[5.326s] [35m[1mScanning dependencies of target village_interfaces__rosidl_typesupport_fastrtps_c__pyext[0m
[5.327s] [35m[1mScanning dependencies of target village_interfaces__rosidl_typesupport_introspection_c__pyext[0m
[5.327s] [35m[1mScanning dependencies of target village_interfaces__rosidl_typesupport_connext_c__pyext[0m
[5.337s] [ 91%] [32mBuilding C object CMakeFiles/village_interfaces__rosidl_typesupport_c__pyext.dir/rosidl_generator_py/village_interfaces/_village_interfaces_s.ep.rosidl_typesupport_c.c.o[0m
[5.337s] [ 92%] [32mBuilding C object CMakeFiles/village_interfaces__rosidl_typesupport_introspection_c__pyext.dir/rosidl_generator_py/village_interfaces/_village_interfaces_s.ep.rosidl_typesupport_introspection_c.c.o[0m
[5.337s] [ 93%] [32mBuilding C object CMakeFiles/village_interfaces__rosidl_typesupport_fastrtps_c__pyext.dir/rosidl_generator_py/village_interfaces/_village_interfaces_s.ep.rosidl_typesupport_fastrtps_c.c.o[0m
[5.340s] [ 95%] [32mBuilding C object CMakeFiles/village_interfaces__rosidl_typesupport_connext_c__pyext.dir/rosidl_generator_py/village_interfaces/_village_interfaces_s.ep.rosidl_typesupport_connext_c.c.o[0m
[5.394s] [ 97%] [32m[1mLinking C shared library rosidl_generator_py/village_interfaces/village_interfaces_s__rosidl_typesupport_c.cpython-38-x86_64-linux-gnu.so[0m
[5.394s] [ 97%] [32m[1mLinking C shared library rosidl_generator_py/village_interfaces/village_interfaces_s__rosidl_typesupport_introspection_c.cpython-38-x86_64-linux-gnu.so[0m
[5.396s] [ 98%] [32m[1mLinking CXX shared library rosidl_generator_py/village_interfaces/village_interfaces_s__rosidl_typesupport_fastrtps_c.cpython-38-x86_64-linux-gnu.so[0m
[5.399s] [100%] [32m[1mLinking C shared library rosidl_generator_py/village_interfaces/village_interfaces_s__rosidl_typesupport_connext_c.cpython-38-x86_64-linux-gnu.so[0m
[5.420s] [100%] Built target village_interfaces__rosidl_typesupport_c__pyext
[5.420s] [100%] Built target village_interfaces__rosidl_typesupport_introspection_c__pyext
[5.442s] [100%] Built target village_interfaces__rosidl_typesupport_fastrtps_c__pyext
[5.466s] [100%] Built target village_interfaces__rosidl_typesupport_connext_c__pyext
[22.607s] Invoked command in '/home/amber/code/Notes/Ros/ros_learn/town_ws/build/village_interfaces' returned '0': CMAKE_PREFIX_PATH=${CMAKE_PREFIX_PATH}:/home/amber/code/Notes/Ros/ros_learn/town_ws/install/village_li:/opt/ros/foxy /usr/bin/cmake --build /home/amber/code/Notes/Ros/ros_learn/town_ws/build/village_interfaces -- -j16 -l16
[22.692s] Invoking command in '/home/amber/code/Notes/Ros/ros_learn/town_ws/build/village_interfaces': CMAKE_PREFIX_PATH=${CMAKE_PREFIX_PATH}:/home/amber/code/Notes/Ros/ros_learn/town_ws/install/village_li:/opt/ros/foxy /usr/bin/cmake --install /home/amber/code/Notes/Ros/ros_learn/town_ws/build/village_interfaces
[22.697s] -- Install configuration: ""
[22.697s] -- Installing: /home/amber/code/Notes/Ros/ros_learn/town_ws/install/village_interfaces/share/ament_index/resource_index/rosidl_interfaces/village_interfaces
[22.697s] -- Up-to-date: /home/amber/code/Notes/Ros/ros_learn/town_ws/install/village_interfaces/include/village_interfaces
[22.697s] -- Up-to-date: /home/amber/code/Notes/Ros/ros_learn/town_ws/install/village_interfaces/include/village_interfaces/srv
[22.697s] -- Installing: /home/amber/code/Notes/Ros/ros_learn/town_ws/install/village_interfaces/include/village_interfaces/srv/sell_novel.h
[22.697s] -- Up-to-date: /home/amber/code/Notes/Ros/ros_learn/town_ws/install/village_interfaces/include/village_interfaces/srv/detail
[22.697s] -- Installing: /home/amber/code/Notes/Ros/ros_learn/town_ws/install/village_interfaces/include/village_interfaces/srv/detail/sell_novel__struct.h
[22.697s] -- Installing: /home/amber/code/Notes/Ros/ros_learn/town_ws/install/village_interfaces/include/village_interfaces/srv/detail/borrow_money__functions.c
[22.697s] -- Installing: /home/amber/code/Notes/Ros/ros_learn/town_ws/install/village_interfaces/include/village_interfaces/srv/detail/sell_novel__type_support.h
[22.698s] -- Installing: /home/amber/code/Notes/Ros/ros_learn/town_ws/install/village_interfaces/include/village_interfaces/srv/detail/borrow_money__struct.h
[22.698s] -- Installing: /home/amber/code/Notes/Ros/ros_learn/town_ws/install/village_interfaces/include/village_interfaces/srv/detail/sell_novel__functions.c
[22.698s] -- Installing: /home/amber/code/Notes/Ros/ros_learn/town_ws/install/village_interfaces/include/village_interfaces/srv/detail/borrow_money__type_support.h
[22.698s] -- Installing: /home/amber/code/Notes/Ros/ros_learn/town_ws/install/village_interfaces/include/village_interfaces/srv/detail/sell_novel__functions.h
[22.698s] -- Installing: /home/amber/code/Notes/Ros/ros_learn/town_ws/install/village_interfaces/include/village_interfaces/srv/detail/borrow_money__functions.h
[22.698s] -- Installing: /home/amber/code/Notes/Ros/ros_learn/town_ws/install/village_interfaces/include/village_interfaces/srv/borrow_money.h
[22.698s] -- Up-to-date: /home/amber/code/Notes/Ros/ros_learn/town_ws/install/village_interfaces/include/village_interfaces/msg
[22.698s] -- Installing: /home/amber/code/Notes/Ros/ros_learn/town_ws/install/village_interfaces/include/village_interfaces/msg/novel.h
[22.698s] -- Up-to-date: /home/amber/code/Notes/Ros/ros_learn/town_ws/install/village_interfaces/include/village_interfaces/msg/rosidl_generator_c__visibility_control.h
[22.698s] -- Up-to-date: /home/amber/code/Notes/Ros/ros_learn/town_ws/install/village_interfaces/include/village_interfaces/msg/detail
[22.698s] -- Installing: /home/amber/code/Notes/Ros/ros_learn/town_ws/install/village_interfaces/include/village_interfaces/msg/detail/novel__type_support.h
[22.698s] -- Installing: /home/amber/code/Notes/Ros/ros_learn/town_ws/install/village_interfaces/include/village_interfaces/msg/detail/novel__functions.h
[22.698s] -- Installing: /home/amber/code/Notes/Ros/ros_learn/town_ws/install/village_interfaces/include/village_interfaces/msg/detail/novel__functions.c
[22.698s] -- Installing: /home/amber/code/Notes/Ros/ros_learn/town_ws/install/village_interfaces/include/village_interfaces/msg/detail/novel__struct.h
[22.698s] -- Up-to-date: /home/amber/code/Notes/Ros/ros_learn/town_ws/install/village_interfaces/share/village_interfaces/environment/library_path.sh
[22.699s] -- Installing: /home/amber/code/Notes/Ros/ros_learn/town_ws/install/village_interfaces/share/village_interfaces/environment/library_path.dsv
[22.699s] -- Installing: /home/amber/code/Notes/Ros/ros_learn/town_ws/install/village_interfaces/lib/libvillage_interfaces__rosidl_generator_c.so
[22.699s] -- Set runtime path of "/home/amber/code/Notes/Ros/ros_learn/town_ws/install/village_interfaces/lib/libvillage_interfaces__rosidl_generator_c.so" to ""
[22.699s] -- Up-to-date: /home/amber/code/Notes/Ros/ros_learn/town_ws/install/village_interfaces/include/village_interfaces
[22.699s] -- Up-to-date: /home/amber/code/Notes/Ros/ros_learn/town_ws/install/village_interfaces/include/village_interfaces/srv
[22.699s] -- Installing: /home/amber/code/Notes/Ros/ros_learn/town_ws/install/village_interfaces/include/village_interfaces/srv/sell_novel__rosidl_typesupport_connext_c.h
[22.699s] -- Up-to-date: /home/amber/code/Notes/Ros/ros_learn/town_ws/install/village_interfaces/include/village_interfaces/srv/dds_connext
[22.699s] -- Installing: /home/amber/code/Notes/Ros/ros_learn/town_ws/install/village_interfaces/include/village_interfaces/srv/borrow_money__rosidl_typesupport_connext_c.h
[22.699s] -- Up-to-date: /home/amber/code/Notes/Ros/ros_learn/town_ws/install/village_interfaces/include/village_interfaces/msg
[22.699s] -- Up-to-date: /home/amber/code/Notes/Ros/ros_learn/town_ws/install/village_interfaces/include/village_interfaces/msg/dds_connext
[22.699s] -- Installing: /home/amber/code/Notes/Ros/ros_learn/town_ws/install/village_interfaces/include/village_interfaces/msg/novel__rosidl_typesupport_connext_c.h
[22.699s] -- Up-to-date: /home/amber/code/Notes/Ros/ros_learn/town_ws/install/village_interfaces/include/village_interfaces/msg/rosidl_typesupport_connext_c__visibility_control.h
[22.699s] -- Installing: /home/amber/code/Notes/Ros/ros_learn/town_ws/install/village_interfaces/lib/libvillage_interfaces__rosidl_typesupport_connext_c.so
[22.700s] -- Set runtime path of "/home/amber/code/Notes/Ros/ros_learn/town_ws/install/village_interfaces/lib/libvillage_interfaces__rosidl_typesupport_connext_c.so" to ""
[22.700s] -- Up-to-date: /home/amber/code/Notes/Ros/ros_learn/town_ws/install/village_interfaces/share/village_interfaces/msg/dds_connext
[22.700s] -- Installing: /home/amber/code/Notes/Ros/ros_learn/town_ws/install/village_interfaces/share/village_interfaces/msg/dds_connext/Novel_.idl
[22.700s] -- Up-to-date: /home/amber/code/Notes/Ros/ros_learn/town_ws/install/village_interfaces/share/village_interfaces/srv/dds_connext
[22.700s] -- Installing: /home/amber/code/Notes/Ros/ros_learn/town_ws/install/village_interfaces/share/village_interfaces/srv/dds_connext/BorrowMoney_.idl
[22.700s] -- Installing: /home/amber/code/Notes/Ros/ros_learn/town_ws/install/village_interfaces/share/village_interfaces/srv/dds_connext/SellNovel_.idl
[22.700s] -- Up-to-date: /home/amber/code/Notes/Ros/ros_learn/town_ws/install/village_interfaces/include/village_interfaces
[22.700s] -- Up-to-date: /home/amber/code/Notes/Ros/ros_learn/town_ws/install/village_interfaces/include/village_interfaces/srv
[22.700s] -- Up-to-date: /home/amber/code/Notes/Ros/ros_learn/town_ws/install/village_interfaces/include/village_interfaces/srv/dds_connext
[22.700s] -- Installing: /home/amber/code/Notes/Ros/ros_learn/town_ws/install/village_interfaces/include/village_interfaces/srv/dds_connext/SellNovel_.cxx
[22.700s] -- Installing: /home/amber/code/Notes/Ros/ros_learn/town_ws/install/village_interfaces/include/village_interfaces/srv/dds_connext/SellNovel_Support.cxx
[22.700s] -- Installing: /home/amber/code/Notes/Ros/ros_learn/town_ws/install/village_interfaces/include/village_interfaces/srv/dds_connext/SellNovel_Plugin.h
[22.700s] -- Installing: /home/amber/code/Notes/Ros/ros_learn/town_ws/install/village_interfaces/include/village_interfaces/srv/dds_connext/SellNovel_.h
[22.700s] -- Installing: /home/amber/code/Notes/Ros/ros_learn/town_ws/install/village_interfaces/include/village_interfaces/srv/dds_connext/BorrowMoney_Plugin.h
[22.701s] -- Installing: /home/amber/code/Notes/Ros/ros_learn/town_ws/install/village_interfaces/include/village_interfaces/srv/dds_connext/BorrowMoney_Plugin.cxx
[22.701s] -- Installing: /home/amber/code/Notes/Ros/ros_learn/town_ws/install/village_interfaces/include/village_interfaces/srv/dds_connext/BorrowMoney_Support.cxx
[22.701s] -- Installing: /home/amber/code/Notes/Ros/ros_learn/town_ws/install/village_interfaces/include/village_interfaces/srv/dds_connext/BorrowMoney_Support.h
[22.701s] -- Installing: /home/amber/code/Notes/Ros/ros_learn/town_ws/install/village_interfaces/include/village_interfaces/srv/dds_connext/BorrowMoney_.h
[22.701s] -- Installing: /home/amber/code/Notes/Ros/ros_learn/town_ws/install/village_interfaces/include/village_interfaces/srv/dds_connext/SellNovel_Support.h
[22.701s] -- Installing: /home/amber/code/Notes/Ros/ros_learn/town_ws/install/village_interfaces/include/village_interfaces/srv/dds_connext/BorrowMoney_.cxx
[22.701s] -- Installing: /home/amber/code/Notes/Ros/ros_learn/town_ws/install/village_interfaces/include/village_interfaces/srv/dds_connext/SellNovel_Plugin.cxx
[22.701s] -- Installing: /home/amber/code/Notes/Ros/ros_learn/town_ws/install/village_interfaces/include/village_interfaces/srv/borrow_money__rosidl_typesupport_connext_cpp.hpp
[22.701s] -- Installing: /home/amber/code/Notes/Ros/ros_learn/town_ws/install/village_interfaces/include/village_interfaces/srv/sell_novel__rosidl_typesupport_connext_cpp.hpp
[22.701s] -- Up-to-date: /home/amber/code/Notes/Ros/ros_learn/town_ws/install/village_interfaces/include/village_interfaces/msg
[22.701s] -- Installing: /home/amber/code/Notes/Ros/ros_learn/town_ws/install/village_interfaces/include/village_interfaces/msg/novel__rosidl_typesupport_connext_cpp.hpp
[22.701s] -- Up-to-date: /home/amber/code/Notes/Ros/ros_learn/town_ws/install/village_interfaces/include/village_interfaces/msg/dds_connext
[22.701s] -- Installing: /home/amber/code/Notes/Ros/ros_learn/town_ws/install/village_interfaces/include/village_interfaces/msg/dds_connext/Novel_Support.h
[22.701s] -- Installing: /home/amber/code/Notes/Ros/ros_learn/town_ws/install/village_interfaces/include/village_interfaces/msg/dds_connext/Novel_.h
[22.701s] -- Installing: /home/amber/code/Notes/Ros/ros_learn/town_ws/install/village_interfaces/include/village_interfaces/msg/dds_connext/Novel_Support.cxx
[22.701s] -- Installing: /home/amber/code/Notes/Ros/ros_learn/town_ws/install/village_interfaces/include/village_interfaces/msg/dds_connext/Novel_.cxx
[22.701s] -- Installing: /home/amber/code/Notes/Ros/ros_learn/town_ws/install/village_interfaces/include/village_interfaces/msg/dds_connext/Novel_Plugin.h
[22.701s] -- Installing: /home/amber/code/Notes/Ros/ros_learn/town_ws/install/village_interfaces/include/village_interfaces/msg/dds_connext/Novel_Plugin.cxx
[22.702s] -- Up-to-date: /home/amber/code/Notes/Ros/ros_learn/town_ws/install/village_interfaces/include/village_interfaces/msg/rosidl_typesupport_connext_cpp__visibility_control.h
[22.702s] -- Installing: /home/amber/code/Notes/Ros/ros_learn/town_ws/install/village_interfaces/lib/libvillage_interfaces__rosidl_typesupport_connext_cpp.so
[22.702s] -- Set runtime path of "/home/amber/code/Notes/Ros/ros_learn/town_ws/install/village_interfaces/lib/libvillage_interfaces__rosidl_typesupport_connext_cpp.so" to ""
[22.702s] -- Up-to-date: /home/amber/code/Notes/Ros/ros_learn/town_ws/install/village_interfaces/include/village_interfaces
[22.702s] -- Up-to-date: /home/amber/code/Notes/Ros/ros_learn/town_ws/install/village_interfaces/include/village_interfaces/srv
[22.702s] -- Up-to-date: /home/amber/code/Notes/Ros/ros_learn/town_ws/install/village_interfaces/include/village_interfaces/srv/detail
[22.702s] -- Installing: /home/amber/code/Notes/Ros/ros_learn/town_ws/install/village_interfaces/include/village_interfaces/srv/detail/sell_novel__rosidl_typesupport_fastrtps_c.h
[22.703s] -- Installing: /home/amber/code/Notes/Ros/ros_learn/town_ws/install/village_interfaces/include/village_interfaces/srv/detail/borrow_money__rosidl_typesupport_fastrtps_c.h
[22.703s] -- Up-to-date: /home/amber/code/Notes/Ros/ros_learn/town_ws/install/village_interfaces/include/village_interfaces/msg
[22.703s] -- Up-to-date: /home/amber/code/Notes/Ros/ros_learn/town_ws/install/village_interfaces/include/village_interfaces/msg/rosidl_typesupport_fastrtps_c__visibility_control.h
[22.703s] -- Up-to-date: /home/amber/code/Notes/Ros/ros_learn/town_ws/install/village_interfaces/include/village_interfaces/msg/detail
[22.703s] -- Installing: /home/amber/code/Notes/Ros/ros_learn/town_ws/install/village_interfaces/include/village_interfaces/msg/detail/novel__rosidl_typesupport_fastrtps_c.h
[22.703s] -- Installing: /home/amber/code/Notes/Ros/ros_learn/town_ws/install/village_interfaces/lib/libvillage_interfaces__rosidl_typesupport_fastrtps_c.so
[22.703s] -- Set runtime path of "/home/amber/code/Notes/Ros/ros_learn/town_ws/install/village_interfaces/lib/libvillage_interfaces__rosidl_typesupport_fastrtps_c.so" to ""
[22.703s] -- Up-to-date: /home/amber/code/Notes/Ros/ros_learn/town_ws/install/village_interfaces/include/village_interfaces
[22.703s] -- Up-to-date: /home/amber/code/Notes/Ros/ros_learn/town_ws/install/village_interfaces/include/village_interfaces/srv
[22.703s] -- Up-to-date: /home/amber/code/Notes/Ros/ros_learn/town_ws/install/village_interfaces/include/village_interfaces/srv/detail
[22.703s] -- Installing: /home/amber/code/Notes/Ros/ros_learn/town_ws/install/village_interfaces/include/village_interfaces/srv/detail/borrow_money__rosidl_typesupport_fastrtps_cpp.hpp
[22.703s] -- Installing: /home/amber/code/Notes/Ros/ros_learn/town_ws/install/village_interfaces/include/village_interfaces/srv/detail/sell_novel__rosidl_typesupport_fastrtps_cpp.hpp
[22.703s] -- Up-to-date: /home/amber/code/Notes/Ros/ros_learn/town_ws/install/village_interfaces/include/village_interfaces/srv/detail/dds_fastrtps
[22.703s] -- Up-to-date: /home/amber/code/Notes/Ros/ros_learn/town_ws/install/village_interfaces/include/village_interfaces/msg
[22.703s] -- Up-to-date: /home/amber/code/Notes/Ros/ros_learn/town_ws/install/village_interfaces/include/village_interfaces/msg/rosidl_typesupport_fastrtps_cpp__visibility_control.h
[22.703s] -- Up-to-date: /home/amber/code/Notes/Ros/ros_learn/town_ws/install/village_interfaces/include/village_interfaces/msg/detail
[22.703s] -- Up-to-date: /home/amber/code/Notes/Ros/ros_learn/town_ws/install/village_interfaces/include/village_interfaces/msg/detail/dds_fastrtps
[22.703s] -- Installing: /home/amber/code/Notes/Ros/ros_learn/town_ws/install/village_interfaces/include/village_interfaces/msg/detail/novel__rosidl_typesupport_fastrtps_cpp.hpp
[22.704s] -- Installing: /home/amber/code/Notes/Ros/ros_learn/town_ws/install/village_interfaces/lib/libvillage_interfaces__rosidl_typesupport_fastrtps_cpp.so
[22.704s] -- Set runtime path of "/home/amber/code/Notes/Ros/ros_learn/town_ws/install/village_interfaces/lib/libvillage_interfaces__rosidl_typesupport_fastrtps_cpp.so" to ""
[22.704s] -- Up-to-date: /home/amber/code/Notes/Ros/ros_learn/town_ws/install/village_interfaces/include/village_interfaces
[22.704s] -- Up-to-date: /home/amber/code/Notes/Ros/ros_learn/town_ws/install/village_interfaces/include/village_interfaces/srv
[22.704s] -- Up-to-date: /home/amber/code/Notes/Ros/ros_learn/town_ws/install/village_interfaces/include/village_interfaces/srv/detail
[22.704s] -- Installing: /home/amber/code/Notes/Ros/ros_learn/town_ws/install/village_interfaces/include/village_interfaces/srv/detail/borrow_money__type_support.c
[22.704s] -- Installing: /home/amber/code/Notes/Ros/ros_learn/town_ws/install/village_interfaces/include/village_interfaces/srv/detail/borrow_money__rosidl_typesupport_introspection_c.h
[22.704s] -- Installing: /home/amber/code/Notes/Ros/ros_learn/town_ws/install/village_interfaces/include/village_interfaces/srv/detail/sell_novel__type_support.c
[22.704s] -- Installing: /home/amber/code/Notes/Ros/ros_learn/town_ws/install/village_interfaces/include/village_interfaces/srv/detail/sell_novel__rosidl_typesupport_introspection_c.h
[22.704s] -- Up-to-date: /home/amber/code/Notes/Ros/ros_learn/town_ws/install/village_interfaces/include/village_interfaces/msg
[22.704s] -- Up-to-date: /home/amber/code/Notes/Ros/ros_learn/town_ws/install/village_interfaces/include/village_interfaces/msg/rosidl_typesupport_introspection_c__visibility_control.h
[22.704s] -- Up-to-date: /home/amber/code/Notes/Ros/ros_learn/town_ws/install/village_interfaces/include/village_interfaces/msg/detail
[22.704s] -- Installing: /home/amber/code/Notes/Ros/ros_learn/town_ws/install/village_interfaces/include/village_interfaces/msg/detail/novel__rosidl_typesupport_introspection_c.h
[22.704s] -- Installing: /home/amber/code/Notes/Ros/ros_learn/town_ws/install/village_interfaces/include/village_interfaces/msg/detail/novel__type_support.c
[22.704s] -- Installing: /home/amber/code/Notes/Ros/ros_learn/town_ws/install/village_interfaces/lib/libvillage_interfaces__rosidl_typesupport_introspection_c.so
[22.704s] -- Set runtime path of "/home/amber/code/Notes/Ros/ros_learn/town_ws/install/village_interfaces/lib/libvillage_interfaces__rosidl_typesupport_introspection_c.so" to ""
[22.704s] -- Installing: /home/amber/code/Notes/Ros/ros_learn/town_ws/install/village_interfaces/lib/libvillage_interfaces__rosidl_typesupport_c.so
[22.705s] -- Set runtime path of "/home/amber/code/Notes/Ros/ros_learn/town_ws/install/village_interfaces/lib/libvillage_interfaces__rosidl_typesupport_c.so" to ""
[22.705s] -- Up-to-date: /home/amber/code/Notes/Ros/ros_learn/town_ws/install/village_interfaces/include/village_interfaces
[22.705s] -- Up-to-date: /home/amber/code/Notes/Ros/ros_learn/town_ws/install/village_interfaces/include/village_interfaces/srv
[22.705s] -- Installing: /home/amber/code/Notes/Ros/ros_learn/town_ws/install/village_interfaces/include/village_interfaces/srv/borrow_money.hpp
[22.705s] -- Installing: /home/amber/code/Notes/Ros/ros_learn/town_ws/install/village_interfaces/include/village_interfaces/srv/sell_novel.hpp
[22.705s] -- Up-to-date: /home/amber/code/Notes/Ros/ros_learn/town_ws/install/village_interfaces/include/village_interfaces/srv/detail
[22.705s] -- Installing: /home/amber/code/Notes/Ros/ros_learn/town_ws/install/village_interfaces/include/village_interfaces/srv/detail/borrow_money__struct.hpp
[22.705s] -- Installing: /home/amber/code/Notes/Ros/ros_learn/town_ws/install/village_interfaces/include/village_interfaces/srv/detail/borrow_money__builder.hpp
[22.705s] -- Installing: /home/amber/code/Notes/Ros/ros_learn/town_ws/install/village_interfaces/include/village_interfaces/srv/detail/sell_novel__traits.hpp
[22.705s] -- Installing: /home/amber/code/Notes/Ros/ros_learn/town_ws/install/village_interfaces/include/village_interfaces/srv/detail/sell_novel__builder.hpp
[22.705s] -- Installing: /home/amber/code/Notes/Ros/ros_learn/town_ws/install/village_interfaces/include/village_interfaces/srv/detail/borrow_money__traits.hpp
[22.705s] -- Installing: /home/amber/code/Notes/Ros/ros_learn/town_ws/install/village_interfaces/include/village_interfaces/srv/detail/sell_novel__struct.hpp
[22.705s] -- Up-to-date: /home/amber/code/Notes/Ros/ros_learn/town_ws/install/village_interfaces/include/village_interfaces/msg
[22.705s] -- Installing: /home/amber/code/Notes/Ros/ros_learn/town_ws/install/village_interfaces/include/village_interfaces/msg/novel.hpp
[22.705s] -- Up-to-date: /home/amber/code/Notes/Ros/ros_learn/town_ws/install/village_interfaces/include/village_interfaces/msg/detail
[22.705s] -- Installing: /home/amber/code/Notes/Ros/ros_learn/town_ws/install/village_interfaces/include/village_interfaces/msg/detail/novel__struct.hpp
[22.706s] -- Installing: /home/amber/code/Notes/Ros/ros_learn/town_ws/install/village_interfaces/include/village_interfaces/msg/detail/novel__builder.hpp
[22.706s] -- Installing: /home/amber/code/Notes/Ros/ros_learn/town_ws/install/village_interfaces/include/village_interfaces/msg/detail/novel__traits.hpp
[22.706s] -- Up-to-date: /home/amber/code/Notes/Ros/ros_learn/town_ws/install/village_interfaces/include/village_interfaces
[22.706s] -- Up-to-date: /home/amber/code/Notes/Ros/ros_learn/town_ws/install/village_interfaces/include/village_interfaces/srv
[22.706s] -- Up-to-date: /home/amber/code/Notes/Ros/ros_learn/town_ws/install/village_interfaces/include/village_interfaces/srv/detail
[22.706s] -- Installing: /home/amber/code/Notes/Ros/ros_learn/town_ws/install/village_interfaces/include/village_interfaces/srv/detail/sell_novel__rosidl_typesupport_introspection_cpp.hpp
[22.706s] -- Installing: /home/amber/code/Notes/Ros/ros_learn/town_ws/install/village_interfaces/include/village_interfaces/srv/detail/sell_novel__type_support.cpp
[22.706s] -- Installing: /home/amber/code/Notes/Ros/ros_learn/town_ws/install/village_interfaces/include/village_interfaces/srv/detail/borrow_money__type_support.cpp
[22.706s] -- Installing: /home/amber/code/Notes/Ros/ros_learn/town_ws/install/village_interfaces/include/village_interfaces/srv/detail/borrow_money__rosidl_typesupport_introspection_cpp.hpp
[22.706s] -- Up-to-date: /home/amber/code/Notes/Ros/ros_learn/town_ws/install/village_interfaces/include/village_interfaces/msg
[22.706s] -- Up-to-date: /home/amber/code/Notes/Ros/ros_learn/town_ws/install/village_interfaces/include/village_interfaces/msg/detail
[22.706s] -- Installing: /home/amber/code/Notes/Ros/ros_learn/town_ws/install/village_interfaces/include/village_interfaces/msg/detail/novel__rosidl_typesupport_introspection_cpp.hpp
[22.706s] -- Installing: /home/amber/code/Notes/Ros/ros_learn/town_ws/install/village_interfaces/include/village_interfaces/msg/detail/novel__type_support.cpp
[22.706s] -- Installing: /home/amber/code/Notes/Ros/ros_learn/town_ws/install/village_interfaces/lib/libvillage_interfaces__rosidl_typesupport_introspection_cpp.so
[22.706s] -- Set runtime path of "/home/amber/code/Notes/Ros/ros_learn/town_ws/install/village_interfaces/lib/libvillage_interfaces__rosidl_typesupport_introspection_cpp.so" to ""
[22.706s] -- Installing: /home/amber/code/Notes/Ros/ros_learn/town_ws/install/village_interfaces/lib/libvillage_interfaces__rosidl_typesupport_cpp.so
[22.706s] -- Set runtime path of "/home/amber/code/Notes/Ros/ros_learn/town_ws/install/village_interfaces/lib/libvillage_interfaces__rosidl_typesupport_cpp.so" to ""
[22.707s] -- Up-to-date: /home/amber/code/Notes/Ros/ros_learn/town_ws/install/village_interfaces/share/village_interfaces/environment/pythonpath.sh
[22.707s] -- Installing: /home/amber/code/Notes/Ros/ros_learn/town_ws/install/village_interfaces/share/village_interfaces/environment/pythonpath.dsv
[22.707s] -- Installing: /home/amber/code/Notes/Ros/ros_learn/town_ws/install/village_interfaces/lib/python3.8/site-packages/village_interfaces/__init__.py
[22.727s] Compiling '/home/amber/code/Notes/Ros/ros_learn/town_ws/install/village_interfaces/lib/python3.8/site-packages/village_interfaces/__init__.py'...
[22.729s] -- Up-to-date: /home/amber/code/Notes/Ros/ros_learn/town_ws/install/village_interfaces/lib/python3.8/site-packages/village_interfaces/msg
[22.729s] -- Installing: /home/amber/code/Notes/Ros/ros_learn/town_ws/install/village_interfaces/lib/python3.8/site-packages/village_interfaces/msg/_novel.py
[22.729s] -- Installing: /home/amber/code/Notes/Ros/ros_learn/town_ws/install/village_interfaces/lib/python3.8/site-packages/village_interfaces/msg/__init__.py
[22.730s] -- Installing: /home/amber/code/Notes/Ros/ros_learn/town_ws/install/village_interfaces/lib/python3.8/site-packages/village_interfaces/msg/_novel_s.c
[22.730s] -- Up-to-date: /home/amber/code/Notes/Ros/ros_learn/town_ws/install/village_interfaces/lib/python3.8/site-packages/village_interfaces/srv
[22.730s] -- Installing: /home/amber/code/Notes/Ros/ros_learn/town_ws/install/village_interfaces/lib/python3.8/site-packages/village_interfaces/srv/_sell_novel_s.c
[22.730s] -- Installing: /home/amber/code/Notes/Ros/ros_learn/town_ws/install/village_interfaces/lib/python3.8/site-packages/village_interfaces/srv/_borrow_money.py
[22.730s] -- Installing: /home/amber/code/Notes/Ros/ros_learn/town_ws/install/village_interfaces/lib/python3.8/site-packages/village_interfaces/srv/_borrow_money_s.c
[22.730s] -- Installing: /home/amber/code/Notes/Ros/ros_learn/town_ws/install/village_interfaces/lib/python3.8/site-packages/village_interfaces/srv/__init__.py
[22.730s] -- Installing: /home/amber/code/Notes/Ros/ros_learn/town_ws/install/village_interfaces/lib/python3.8/site-packages/village_interfaces/srv/_sell_novel.py
[22.730s] -- Installing: /home/amber/code/Notes/Ros/ros_learn/town_ws/install/village_interfaces/lib/python3.8/site-packages/village_interfaces/village_interfaces_s__rosidl_typesupport_connext_c.cpython-38-x86_64-linux-gnu.so
[22.730s] -- Set runtime path of "/home/amber/code/Notes/Ros/ros_learn/town_ws/install/village_interfaces/lib/python3.8/site-packages/village_interfaces/village_interfaces_s__rosidl_typesupport_connext_c.cpython-38-x86_64-linux-gnu.so" to ""
[22.731s] -- Installing: /home/amber/code/Notes/Ros/ros_learn/town_ws/install/village_interfaces/lib/python3.8/site-packages/village_interfaces/village_interfaces_s__rosidl_typesupport_fastrtps_c.cpython-38-x86_64-linux-gnu.so
[22.731s] -- Set runtime path of "/home/amber/code/Notes/Ros/ros_learn/town_ws/install/village_interfaces/lib/python3.8/site-packages/village_interfaces/village_interfaces_s__rosidl_typesupport_fastrtps_c.cpython-38-x86_64-linux-gnu.so" to ""
[22.731s] -- Installing: /home/amber/code/Notes/Ros/ros_learn/town_ws/install/village_interfaces/lib/python3.8/site-packages/village_interfaces/village_interfaces_s__rosidl_typesupport_introspection_c.cpython-38-x86_64-linux-gnu.so
[22.732s] -- Set runtime path of "/home/amber/code/Notes/Ros/ros_learn/town_ws/install/village_interfaces/lib/python3.8/site-packages/village_interfaces/village_interfaces_s__rosidl_typesupport_introspection_c.cpython-38-x86_64-linux-gnu.so" to ""
[22.732s] -- Installing: /home/amber/code/Notes/Ros/ros_learn/town_ws/install/village_interfaces/lib/python3.8/site-packages/village_interfaces/village_interfaces_s__rosidl_typesupport_c.cpython-38-x86_64-linux-gnu.so
[22.732s] -- Set runtime path of "/home/amber/code/Notes/Ros/ros_learn/town_ws/install/village_interfaces/lib/python3.8/site-packages/village_interfaces/village_interfaces_s__rosidl_typesupport_c.cpython-38-x86_64-linux-gnu.so" to ""
[22.732s] -- Installing: /home/amber/code/Notes/Ros/ros_learn/town_ws/install/village_interfaces/lib/libvillage_interfaces__python.so
[22.732s] -- Set runtime path of "/home/amber/code/Notes/Ros/ros_learn/town_ws/install/village_interfaces/lib/libvillage_interfaces__python.so" to ""
[22.732s] -- Up-to-date: /home/amber/code/Notes/Ros/ros_learn/town_ws/install/village_interfaces/share/village_interfaces/msg/Novel.idl
[22.732s] -- Up-to-date: /home/amber/code/Notes/Ros/ros_learn/town_ws/install/village_interfaces/share/village_interfaces/srv/BorrowMoney.idl
[22.733s] -- Installing: /home/amber/code/Notes/Ros/ros_learn/town_ws/install/village_interfaces/share/village_interfaces/srv/SellNovel.idl
[22.733s] -- Up-to-date: /home/amber/code/Notes/Ros/ros_learn/town_ws/install/village_interfaces/share/village_interfaces/msg/Novel.msg
[22.733s] -- Up-to-date: /home/amber/code/Notes/Ros/ros_learn/town_ws/install/village_interfaces/share/village_interfaces/srv/BorrowMoney.srv
[22.733s] -- Up-to-date: /home/amber/code/Notes/Ros/ros_learn/town_ws/install/village_interfaces/share/village_interfaces/srv/BorrowMoney_Request.msg
[22.733s] -- Up-to-date: /home/amber/code/Notes/Ros/ros_learn/town_ws/install/village_interfaces/share/village_interfaces/srv/BorrowMoney_Response.msg
[22.733s] -- Installing: /home/amber/code/Notes/Ros/ros_learn/town_ws/install/village_interfaces/share/village_interfaces/srv/SellNovel.srv
[22.733s] -- Installing: /home/amber/code/Notes/Ros/ros_learn/town_ws/install/village_interfaces/share/village_interfaces/srv/SellNovel_Request.msg
[22.733s] -- Installing: /home/amber/code/Notes/Ros/ros_learn/town_ws/install/village_interfaces/share/village_interfaces/srv/SellNovel_Response.msg
[22.733s] -- Up-to-date: /home/amber/code/Notes/Ros/ros_learn/town_ws/install/village_interfaces/share/ament_index/resource_index/package_run_dependencies/village_interfaces
[22.733s] -- Up-to-date: /home/amber/code/Notes/Ros/ros_learn/town_ws/install/village_interfaces/share/ament_index/resource_index/parent_prefix_path/village_interfaces
[22.733s] -- Up-to-date: /home/amber/code/Notes/Ros/ros_learn/town_ws/install/village_interfaces/share/village_interfaces/environment/ament_prefix_path.sh
[22.733s] -- Installing: /home/amber/code/Notes/Ros/ros_learn/town_ws/install/village_interfaces/share/village_interfaces/environment/ament_prefix_path.dsv
[22.733s] -- Up-to-date: /home/amber/code/Notes/Ros/ros_learn/town_ws/install/village_interfaces/share/village_interfaces/environment/path.sh
[22.733s] -- Installing: /home/amber/code/Notes/Ros/ros_learn/town_ws/install/village_interfaces/share/village_interfaces/environment/path.dsv
[22.733s] -- Up-to-date: /home/amber/code/Notes/Ros/ros_learn/town_ws/install/village_interfaces/share/village_interfaces/local_setup.bash
[22.733s] -- Up-to-date: /home/amber/code/Notes/Ros/ros_learn/town_ws/install/village_interfaces/share/village_interfaces/local_setup.sh
[22.733s] -- Up-to-date: /home/amber/code/Notes/Ros/ros_learn/town_ws/install/village_interfaces/share/village_interfaces/local_setup.zsh
[22.734s] -- Installing: /home/amber/code/Notes/Ros/ros_learn/town_ws/install/village_interfaces/share/village_interfaces/local_setup.dsv
[22.734s] -- Installing: /home/amber/code/Notes/Ros/ros_learn/town_ws/install/village_interfaces/share/village_interfaces/package.dsv
[22.734s] -- Up-to-date: /home/amber/code/Notes/Ros/ros_learn/town_ws/install/village_interfaces/share/ament_index/resource_index/packages/village_interfaces
[22.734s] -- Up-to-date: /home/amber/code/Notes/Ros/ros_learn/town_ws/install/village_interfaces/share/village_interfaces/cmake/village_interfaces__rosidl_generator_cExport.cmake
[22.734s] -- Installing: /home/amber/code/Notes/Ros/ros_learn/town_ws/install/village_interfaces/share/village_interfaces/cmake/village_interfaces__rosidl_generator_cExport-noconfig.cmake
[22.734s] -- Up-to-date: /home/amber/code/Notes/Ros/ros_learn/town_ws/install/village_interfaces/share/village_interfaces/cmake/village_interfaces__rosidl_typesupport_introspection_cExport.cmake
[22.734s] -- Installing: /home/amber/code/Notes/Ros/ros_learn/town_ws/install/village_interfaces/share/village_interfaces/cmake/village_interfaces__rosidl_typesupport_introspection_cExport-noconfig.cmake
[22.734s] -- Up-to-date: /home/amber/code/Notes/Ros/ros_learn/town_ws/install/village_interfaces/share/village_interfaces/cmake/village_interfaces__rosidl_typesupport_cExport.cmake
[22.734s] -- Installing: /home/amber/code/Notes/Ros/ros_learn/town_ws/install/village_interfaces/share/village_interfaces/cmake/village_interfaces__rosidl_typesupport_cExport-noconfig.cmake
[22.734s] -- Up-to-date: /home/amber/code/Notes/Ros/ros_learn/town_ws/install/village_interfaces/share/village_interfaces/cmake/village_interfaces__rosidl_generator_cppExport.cmake
[22.734s] -- Up-to-date: /home/amber/code/Notes/Ros/ros_learn/town_ws/install/village_interfaces/share/village_interfaces/cmake/village_interfaces__rosidl_typesupport_introspection_cppExport.cmake
[22.734s] -- Installing: /home/amber/code/Notes/Ros/ros_learn/town_ws/install/village_interfaces/share/village_interfaces/cmake/village_interfaces__rosidl_typesupport_introspection_cppExport-noconfig.cmake
[22.734s] -- Up-to-date: /home/amber/code/Notes/Ros/ros_learn/town_ws/install/village_interfaces/share/village_interfaces/cmake/village_interfaces__rosidl_typesupport_cppExport.cmake
[22.734s] -- Installing: /home/amber/code/Notes/Ros/ros_learn/town_ws/install/village_interfaces/share/village_interfaces/cmake/village_interfaces__rosidl_typesupport_cppExport-noconfig.cmake
[22.735s] -- Installing: /home/amber/code/Notes/Ros/ros_learn/town_ws/install/village_interfaces/share/village_interfaces/cmake/rosidl_cmake-extras.cmake
[22.735s] -- Up-to-date: /home/amber/code/Notes/Ros/ros_learn/town_ws/install/village_interfaces/share/village_interfaces/cmake/ament_cmake_export_dependencies-extras.cmake
[22.735s] -- Up-to-date: /home/amber/code/Notes/Ros/ros_learn/town_ws/install/village_interfaces/share/village_interfaces/cmake/ament_cmake_export_libraries-extras.cmake
[22.735s] -- Up-to-date: /home/amber/code/Notes/Ros/ros_learn/town_ws/install/village_interfaces/share/village_interfaces/cmake/ament_cmake_export_targets-extras.cmake
[22.735s] -- Up-to-date: /home/amber/code/Notes/Ros/ros_learn/town_ws/install/village_interfaces/share/village_interfaces/cmake/ament_cmake_export_include_directories-extras.cmake
[22.735s] -- Up-to-date: /home/amber/code/Notes/Ros/ros_learn/town_ws/install/village_interfaces/share/village_interfaces/cmake/rosidl_cmake_export_typesupport_libraries-extras.cmake
[22.735s] -- Up-to-date: /home/amber/code/Notes/Ros/ros_learn/town_ws/install/village_interfaces/share/village_interfaces/cmake/rosidl_cmake_export_typesupport_targets-extras.cmake
[22.735s] -- Up-to-date: /home/amber/code/Notes/Ros/ros_learn/town_ws/install/village_interfaces/share/village_interfaces/cmake/village_interfacesConfig.cmake
[22.735s] -- Up-to-date: /home/amber/code/Notes/Ros/ros_learn/town_ws/install/village_interfaces/share/village_interfaces/cmake/village_interfacesConfig-version.cmake
[22.735s] -- Up-to-date: /home/amber/code/Notes/Ros/ros_learn/town_ws/install/village_interfaces/share/village_interfaces/package.xml
[22.737s] Invoked command in '/home/amber/code/Notes/Ros/ros_learn/town_ws/build/village_interfaces' returned '0': CMAKE_PREFIX_PATH=${CMAKE_PREFIX_PATH}:/home/amber/code/Notes/Ros/ros_learn/town_ws/install/village_li:/opt/ros/foxy /usr/bin/cmake --install /home/amber/code/Notes/Ros/ros_learn/town_ws/build/village_interfaces
