[0.010s] Invoking command in '/home/amber/code/Notes/Ros/ros_learn/town_ws/build/village_wang': CMAKE_PREFIX_PATH=${CMAKE_PREFIX_PATH}:/home/amber/code/Notes/Ros/ros_learn/town_ws/install/village_li:/opt/ros/foxy /usr/bin/cmake --build /home/amber/code/Notes/Ros/ros_learn/town_ws/build/village_wang -- -j16 -l16
[0.040s] [35m[1mScanning dependencies of target wang2_node[0m
[0.057s] [ 50%] [32mBuilding CXX object CMakeFiles/wang2_node.dir/src/wang2.cpp.o[0m
[3.041s] [100%] [32m[1mLinking CXX executable wang2_node[0m
[3.172s] [100%] Built target wang2_node
[3.180s] Invoked command in '/home/amber/code/Notes/Ros/ros_learn/town_ws/build/village_wang' returned '0': CMAKE_PREFIX_PATH=${CMAKE_PREFIX_PATH}:/home/amber/code/Notes/Ros/ros_learn/town_ws/install/village_li:/opt/ros/foxy /usr/bin/cmake --build /home/amber/code/Notes/Ros/ros_learn/town_ws/build/village_wang -- -j16 -l16
[3.203s] Invoking command in '/home/amber/code/Notes/Ros/ros_learn/town_ws/build/village_wang': CMAKE_PREFIX_PATH=${CMAKE_PREFIX_PATH}:/home/amber/code/Notes/Ros/ros_learn/town_ws/install/village_li:/opt/ros/foxy /usr/bin/cmake --install /home/amber/code/Notes/Ros/ros_learn/town_ws/build/village_wang
[3.210s] -- Install configuration: ""
[3.211s] -- Up-to-date: /home/amber/code/Notes/Ros/ros_learn/town_ws/install/village_wang/share/ament_index/resource_index/package_run_dependencies/village_wang
[3.211s] -- Up-to-date: /home/amber/code/Notes/Ros/ros_learn/town_ws/install/village_wang/share/ament_index/resource_index/parent_prefix_path/village_wang
[3.211s] -- Up-to-date: /home/amber/code/Notes/Ros/ros_learn/town_ws/install/village_wang/share/village_wang/environment/ament_prefix_path.sh
[3.211s] -- Up-to-date: /home/amber/code/Notes/Ros/ros_learn/town_ws/install/village_wang/share/village_wang/environment/ament_prefix_path.dsv
[3.211s] -- Up-to-date: /home/amber/code/Notes/Ros/ros_learn/town_ws/install/village_wang/share/village_wang/environment/path.sh
[3.211s] -- Up-to-date: /home/amber/code/Notes/Ros/ros_learn/town_ws/install/village_wang/share/village_wang/environment/path.dsv
[3.211s] -- Up-to-date: /home/amber/code/Notes/Ros/ros_learn/town_ws/install/village_wang/share/village_wang/local_setup.bash
[3.212s] -- Up-to-date: /home/amber/code/Notes/Ros/ros_learn/town_ws/install/village_wang/share/village_wang/local_setup.sh
[3.212s] -- Up-to-date: /home/amber/code/Notes/Ros/ros_learn/town_ws/install/village_wang/share/village_wang/local_setup.zsh
[3.212s] -- Up-to-date: /home/amber/code/Notes/Ros/ros_learn/town_ws/install/village_wang/share/village_wang/local_setup.dsv
[3.212s] -- Installing: /home/amber/code/Notes/Ros/ros_learn/town_ws/install/village_wang/share/village_wang/package.dsv
[3.212s] -- Up-to-date: /home/amber/code/Notes/Ros/ros_learn/town_ws/install/village_wang/share/ament_index/resource_index/packages/village_wang
[3.212s] -- Up-to-date: /home/amber/code/Notes/Ros/ros_learn/town_ws/install/village_wang/share/village_wang/cmake/village_wangConfig.cmake
[3.212s] -- Up-to-date: /home/amber/code/Notes/Ros/ros_learn/town_ws/install/village_wang/share/village_wang/cmake/village_wangConfig-version.cmake
[3.212s] -- Up-to-date: /home/amber/code/Notes/Ros/ros_learn/town_ws/install/village_wang/share/village_wang/package.xml
[3.212s] -- Installing: /home/amber/code/Notes/Ros/ros_learn/town_ws/install/village_wang/lib/village_wang/wang2_node
[3.213s] -- Set runtime path of "/home/amber/code/Notes/Ros/ros_learn/town_ws/install/village_wang/lib/village_wang/wang2_node" to ""
[3.215s] Invoked command in '/home/amber/code/Notes/Ros/ros_learn/town_ws/build/village_wang' returned '0': CMAKE_PREFIX_PATH=${CMAKE_PREFIX_PATH}:/home/amber/code/Notes/Ros/ros_learn/town_ws/install/village_li:/opt/ros/foxy /usr/bin/cmake --install /home/amber/code/Notes/Ros/ros_learn/town_ws/build/village_wang
