[0.084s] DEBUG:colcon:Command line arguments: ['/usr/bin/colcon', 'build', '--packages-select', 'village_wang', '--allow-overriding', 'village_wang']
[0.084s] DEBUG:colcon:Parsed command line arguments: Namespace(allow_overriding=['village_wang'], ament_cmake_args=None, base_paths=['.'], build_base='build', catkin_cmake_args=None, catkin_skip_building_tests=False, cmake_args=None, cmake_clean_cache=False, cmake_clean_first=False, cmake_force_configure=False, cmake_target=None, cmake_target_skip_unavailable=False, continue_on_error=False, event_handlers=None, executor='parallel', ignore_user_meta=False, install_base='install', log_base=None, log_level=None, main=<bound method BuildVerb.main of <colcon_core.verb.build.BuildVerb object at 0x7fe67c9fddc0>>, merge_install=False, metas=['./colcon.meta'], packages_above=None, packages_above_and_dependencies=None, packages_above_depth=None, packages_end=None, packages_ignore=None, packages_ignore_regex=None, packages_select=['village_wang'], packages_select_build_failed=False, packages_select_by_dep=None, packages_select_regex=None, packages_select_test_failures=False, packages_skip=None, packages_skip_build_finished=False, packages_skip_by_dep=None, packages_skip_regex=None, packages_skip_test_passed=False, packages_skip_up_to=None, packages_start=None, packages_up_to=None, packages_up_to_regex=None, parallel_workers=16, paths=None, symlink_install=False, test_result_base=None, verb_extension=<colcon_core.verb.build.BuildVerb object at 0x7fe67c9fddc0>, verb_name='build', verb_parser=<colcon_defaults.argument_parser.defaults.DefaultArgumentsDecorator object at 0x7fe67ca06370>)
[0.087s] Level 1:colcon.colcon_core.package_discovery:discover_packages(colcon_meta) check parameters
[0.087s] Level 1:colcon.colcon_core.package_discovery:discover_packages(recursive) check parameters
[0.087s] Level 1:colcon.colcon_core.package_discovery:discover_packages(ignore) check parameters
[0.087s] Level 1:colcon.colcon_core.package_discovery:discover_packages(path) check parameters
[0.087s] Level 1:colcon.colcon_core.package_discovery:discover_packages(colcon_meta) discover
[0.087s] Level 1:colcon.colcon_core.package_discovery:discover_packages(recursive) discover
[0.087s] INFO:colcon.colcon_core.package_discovery:Crawling recursively for packages in '/home/amber/code/Notes/Ros/ros_learn/town_ws'
[0.087s] Level 1:colcon.colcon_core.package_identification:_identify(.) by extensions ['ignore', 'ignore_ament_install']
[0.087s] Level 1:colcon.colcon_core.package_identification:_identify(.) by extension 'ignore'
[0.087s] Level 1:colcon.colcon_core.package_identification:_identify(.) by extension 'ignore_ament_install'
[0.087s] Level 1:colcon.colcon_core.package_identification:_identify(.) by extensions ['colcon_pkg']
[0.087s] Level 1:colcon.colcon_core.package_identification:_identify(.) by extension 'colcon_pkg'
[0.088s] Level 1:colcon.colcon_core.package_identification:_identify(.) by extensions ['colcon_meta']
[0.088s] Level 1:colcon.colcon_core.package_identification:_identify(.) by extension 'colcon_meta'
[0.088s] Level 1:colcon.colcon_core.package_identification:_identify(.) by extensions ['ros']
[0.088s] Level 1:colcon.colcon_core.package_identification:_identify(.) by extension 'ros'
[0.094s] Level 1:colcon.colcon_core.package_identification:_identify(.) by extensions ['cmake', 'python']
[0.094s] Level 1:colcon.colcon_core.package_identification:_identify(.) by extension 'cmake'
[0.095s] Level 1:colcon.colcon_core.package_identification:_identify(.) by extension 'python'
[0.095s] Level 1:colcon.colcon_core.package_identification:_identify(.) by extensions ['python_setup_py']
[0.095s] Level 1:colcon.colcon_core.package_identification:_identify(.) by extension 'python_setup_py'
[0.095s] Level 1:colcon.colcon_core.package_identification:_identify(build) by extensions ['ignore', 'ignore_ament_install']
[0.095s] Level 1:colcon.colcon_core.package_identification:_identify(build) by extension 'ignore'
[0.095s] Level 1:colcon.colcon_core.package_identification:_identify(build) ignored
[0.095s] Level 1:colcon.colcon_core.package_identification:_identify(install) by extensions ['ignore', 'ignore_ament_install']
[0.095s] Level 1:colcon.colcon_core.package_identification:_identify(install) by extension 'ignore'
[0.095s] Level 1:colcon.colcon_core.package_identification:_identify(install) ignored
[0.095s] Level 1:colcon.colcon_core.package_identification:_identify(log) by extensions ['ignore', 'ignore_ament_install']
[0.095s] Level 1:colcon.colcon_core.package_identification:_identify(log) by extension 'ignore'
[0.095s] Level 1:colcon.colcon_core.package_identification:_identify(log) ignored
[0.095s] Level 1:colcon.colcon_core.package_identification:_identify(src) by extensions ['ignore', 'ignore_ament_install']
[0.095s] Level 1:colcon.colcon_core.package_identification:_identify(src) by extension 'ignore'
[0.095s] Level 1:colcon.colcon_core.package_identification:_identify(src) by extension 'ignore_ament_install'
[0.095s] Level 1:colcon.colcon_core.package_identification:_identify(src) by extensions ['colcon_pkg']
[0.095s] Level 1:colcon.colcon_core.package_identification:_identify(src) by extension 'colcon_pkg'
[0.095s] Level 1:colcon.colcon_core.package_identification:_identify(src) by extensions ['colcon_meta']
[0.095s] Level 1:colcon.colcon_core.package_identification:_identify(src) by extension 'colcon_meta'
[0.095s] Level 1:colcon.colcon_core.package_identification:_identify(src) by extensions ['ros']
[0.095s] Level 1:colcon.colcon_core.package_identification:_identify(src) by extension 'ros'
[0.096s] Level 1:colcon.colcon_core.package_identification:_identify(src) by extensions ['cmake', 'python']
[0.096s] Level 1:colcon.colcon_core.package_identification:_identify(src) by extension 'cmake'
[0.096s] Level 1:colcon.colcon_core.package_identification:_identify(src) by extension 'python'
[0.096s] Level 1:colcon.colcon_core.package_identification:_identify(src) by extensions ['python_setup_py']
[0.096s] Level 1:colcon.colcon_core.package_identification:_identify(src) by extension 'python_setup_py'
[0.096s] Level 1:colcon.colcon_core.package_identification:_identify(src/village_li) by extensions ['ignore', 'ignore_ament_install']
[0.096s] Level 1:colcon.colcon_core.package_identification:_identify(src/village_li) by extension 'ignore'
[0.096s] Level 1:colcon.colcon_core.package_identification:_identify(src/village_li) by extension 'ignore_ament_install'
[0.096s] Level 1:colcon.colcon_core.package_identification:_identify(src/village_li) by extensions ['colcon_pkg']
[0.096s] Level 1:colcon.colcon_core.package_identification:_identify(src/village_li) by extension 'colcon_pkg'
[0.096s] Level 1:colcon.colcon_core.package_identification:_identify(src/village_li) by extensions ['colcon_meta']
[0.096s] Level 1:colcon.colcon_core.package_identification:_identify(src/village_li) by extension 'colcon_meta'
[0.096s] Level 1:colcon.colcon_core.package_identification:_identify(src/village_li) by extensions ['ros']
[0.096s] Level 1:colcon.colcon_core.package_identification:_identify(src/village_li) by extension 'ros'
[0.097s] DEBUG:colcon.colcon_core.package_identification:Package 'src/village_li' with type 'ros.ament_python' and name 'village_li'
[0.097s] Level 1:colcon.colcon_core.package_identification:_identify(src/village_wang) by extensions ['ignore', 'ignore_ament_install']
[0.097s] Level 1:colcon.colcon_core.package_identification:_identify(src/village_wang) by extension 'ignore'
[0.098s] Level 1:colcon.colcon_core.package_identification:_identify(src/village_wang) by extension 'ignore_ament_install'
[0.098s] Level 1:colcon.colcon_core.package_identification:_identify(src/village_wang) by extensions ['colcon_pkg']
[0.098s] Level 1:colcon.colcon_core.package_identification:_identify(src/village_wang) by extension 'colcon_pkg'
[0.098s] Level 1:colcon.colcon_core.package_identification:_identify(src/village_wang) by extensions ['colcon_meta']
[0.098s] Level 1:colcon.colcon_core.package_identification:_identify(src/village_wang) by extension 'colcon_meta'
[0.098s] Level 1:colcon.colcon_core.package_identification:_identify(src/village_wang) by extensions ['ros']
[0.098s] Level 1:colcon.colcon_core.package_identification:_identify(src/village_wang) by extension 'ros'
[0.098s] DEBUG:colcon.colcon_core.package_identification:Package 'src/village_wang' with type 'ros.ament_cmake' and name 'village_wang'
[0.098s] Level 1:colcon.colcon_core.package_discovery:discover_packages(recursive) using defaults
[0.098s] Level 1:colcon.colcon_core.package_discovery:discover_packages(ignore) discover
[0.098s] Level 1:colcon.colcon_core.package_discovery:discover_packages(ignore) using defaults
[0.098s] Level 1:colcon.colcon_core.package_discovery:discover_packages(path) discover
[0.098s] Level 1:colcon.colcon_core.package_discovery:discover_packages(path) using defaults
[0.108s] INFO:colcon.colcon_core.package_selection:Skipping not selected package 'village_li' in 'src/village_li'
[0.109s] Level 5:colcon.colcon_core.verb:set package 'village_wang' build argument 'cmake_args' from command line to 'None'
[0.109s] Level 5:colcon.colcon_core.verb:set package 'village_wang' build argument 'cmake_target' from command line to 'None'
[0.109s] Level 5:colcon.colcon_core.verb:set package 'village_wang' build argument 'cmake_target_skip_unavailable' from command line to 'False'
[0.109s] Level 5:colcon.colcon_core.verb:set package 'village_wang' build argument 'cmake_clean_cache' from command line to 'False'
[0.109s] Level 5:colcon.colcon_core.verb:set package 'village_wang' build argument 'cmake_clean_first' from command line to 'False'
[0.109s] Level 5:colcon.colcon_core.verb:set package 'village_wang' build argument 'cmake_force_configure' from command line to 'False'
[0.109s] Level 5:colcon.colcon_core.verb:set package 'village_wang' build argument 'ament_cmake_args' from command line to 'None'
[0.109s] Level 5:colcon.colcon_core.verb:set package 'village_wang' build argument 'catkin_cmake_args' from command line to 'None'
[0.109s] Level 5:colcon.colcon_core.verb:set package 'village_wang' build argument 'catkin_skip_building_tests' from command line to 'False'
[0.109s] DEBUG:colcon.colcon_core.verb:Building package 'village_wang' with the following arguments: {'ament_cmake_args': None, 'build_base': '/home/amber/code/Notes/Ros/ros_learn/town_ws/build/village_wang', 'catkin_cmake_args': None, 'catkin_skip_building_tests': False, 'cmake_args': None, 'cmake_clean_cache': False, 'cmake_clean_first': False, 'cmake_force_configure': False, 'cmake_target': None, 'cmake_target_skip_unavailable': False, 'install_base': '/home/amber/code/Notes/Ros/ros_learn/town_ws/install/village_wang', 'merge_install': False, 'path': '/home/amber/code/Notes/Ros/ros_learn/town_ws/src/village_wang', 'symlink_install': False, 'test_result_base': None}
[0.111s] INFO:colcon.colcon_core.executor:Executing jobs using 'parallel' executor
[0.113s] DEBUG:colcon.colcon_parallel_executor.executor.parallel:run_until_complete
[0.113s] INFO:colcon.colcon_ros.task.ament_cmake.build:Building ROS package in '/home/amber/code/Notes/Ros/ros_learn/town_ws/src/village_wang' with build type 'ament_cmake'
[0.113s] INFO:colcon.colcon_cmake.task.cmake.build:Building CMake package in '/home/amber/code/Notes/Ros/ros_learn/town_ws/src/village_wang'
[0.115s] INFO:colcon.colcon_core.plugin_system:Skipping extension 'colcon_core.shell.bat': Not used on non-Windows systems
[0.115s] INFO:colcon.colcon_core.shell:Skip shell extension 'powershell' for command environment: Not usable outside of PowerShell
[0.115s] DEBUG:colcon.colcon_core.shell:Skip shell extension 'dsv' for command environment
[0.124s] DEBUG:colcon.colcon_core.event_handler.log_command:Invoking command in '/home/amber/code/Notes/Ros/ros_learn/town_ws/build/village_wang': CMAKE_PREFIX_PATH=${CMAKE_PREFIX_PATH}:/home/amber/code/Notes/Ros/ros_learn/town_ws/install/village_li:/opt/ros/foxy /usr/bin/cmake --build /home/amber/code/Notes/Ros/ros_learn/town_ws/build/village_wang -- -j16 -l16
[0.184s] DEBUG:colcon.colcon_core.event_handler.log_command:Invoked command in '/home/amber/code/Notes/Ros/ros_learn/town_ws/build/village_wang' returned '0': CMAKE_PREFIX_PATH=${CMAKE_PREFIX_PATH}:/home/amber/code/Notes/Ros/ros_learn/town_ws/install/village_li:/opt/ros/foxy /usr/bin/cmake --build /home/amber/code/Notes/Ros/ros_learn/town_ws/build/village_wang -- -j16 -l16
[0.252s] DEBUG:colcon.colcon_core.event_handler.log_command:Invoking command in '/home/amber/code/Notes/Ros/ros_learn/town_ws/build/village_wang': CMAKE_PREFIX_PATH=${CMAKE_PREFIX_PATH}:/home/amber/code/Notes/Ros/ros_learn/town_ws/install/village_li:/opt/ros/foxy /usr/bin/cmake --install /home/amber/code/Notes/Ros/ros_learn/town_ws/build/village_wang
[0.265s] Level 1:colcon.colcon_core.environment:create_environment_scripts_only(village_wang)
[0.266s] DEBUG:colcon.colcon_core.event_handler.log_command:Invoked command in '/home/amber/code/Notes/Ros/ros_learn/town_ws/build/village_wang' returned '0': CMAKE_PREFIX_PATH=${CMAKE_PREFIX_PATH}:/home/amber/code/Notes/Ros/ros_learn/town_ws/install/village_li:/opt/ros/foxy /usr/bin/cmake --install /home/amber/code/Notes/Ros/ros_learn/town_ws/build/village_wang
[0.268s] Level 1:colcon.colcon_core.environment:checking '/home/amber/code/Notes/Ros/ros_learn/town_ws/install/village_wang' for CMake module files
[0.268s] Level 1:colcon.colcon_core.environment:checking '/home/amber/code/Notes/Ros/ros_learn/town_ws/install/village_wang' for CMake config files
[0.269s] Level 1:colcon.colcon_core.shell:create_environment_hook('village_wang', 'cmake_prefix_path')
[0.269s] INFO:colcon.colcon_core.shell:Creating environment hook '/home/amber/code/Notes/Ros/ros_learn/town_ws/install/village_wang/share/village_wang/hook/cmake_prefix_path.ps1'
[0.269s] INFO:colcon.colcon_core.shell:Creating environment descriptor '/home/amber/code/Notes/Ros/ros_learn/town_ws/install/village_wang/share/village_wang/hook/cmake_prefix_path.dsv'
[0.270s] INFO:colcon.colcon_core.shell:Creating environment hook '/home/amber/code/Notes/Ros/ros_learn/town_ws/install/village_wang/share/village_wang/hook/cmake_prefix_path.sh'
[0.270s] Level 1:colcon.colcon_core.environment:checking '/home/amber/code/Notes/Ros/ros_learn/town_ws/install/village_wang/lib'
[0.270s] Level 1:colcon.colcon_core.environment:checking '/home/amber/code/Notes/Ros/ros_learn/town_ws/install/village_wang/bin'
[0.270s] Level 1:colcon.colcon_core.environment:checking '/home/amber/code/Notes/Ros/ros_learn/town_ws/install/village_wang/lib/pkgconfig/village_wang.pc'
[0.270s] Level 1:colcon.colcon_core.environment:checking '/home/amber/code/Notes/Ros/ros_learn/town_ws/install/village_wang/lib/python3.8/site-packages'
[0.271s] INFO:colcon.colcon_core.shell:Creating package script '/home/amber/code/Notes/Ros/ros_learn/town_ws/install/village_wang/share/village_wang/package.ps1'
[0.271s] INFO:colcon.colcon_core.shell:Creating package descriptor '/home/amber/code/Notes/Ros/ros_learn/town_ws/install/village_wang/share/village_wang/package.dsv'
[0.272s] INFO:colcon.colcon_core.shell:Creating package script '/home/amber/code/Notes/Ros/ros_learn/town_ws/install/village_wang/share/village_wang/package.sh'
[0.272s] INFO:colcon.colcon_core.shell:Creating package script '/home/amber/code/Notes/Ros/ros_learn/town_ws/install/village_wang/share/village_wang/package.bash'
[0.272s] INFO:colcon.colcon_core.shell:Creating package script '/home/amber/code/Notes/Ros/ros_learn/town_ws/install/village_wang/share/village_wang/package.zsh'
[0.273s] Level 1:colcon.colcon_core.environment:create_file_with_runtime_dependencies(/home/amber/code/Notes/Ros/ros_learn/town_ws/install/village_wang/share/colcon-core/packages/village_wang)
[0.288s] Level 1:colcon.colcon_core.environment:create_environment_scripts_only(village_wang)
[0.288s] Level 1:colcon.colcon_core.environment:checking '/home/amber/code/Notes/Ros/ros_learn/town_ws/install/village_wang' for CMake module files
[0.289s] Level 1:colcon.colcon_core.environment:checking '/home/amber/code/Notes/Ros/ros_learn/town_ws/install/village_wang' for CMake config files
[0.289s] Level 1:colcon.colcon_core.shell:create_environment_hook('village_wang', 'cmake_prefix_path')
[0.289s] INFO:colcon.colcon_core.shell:Creating environment hook '/home/amber/code/Notes/Ros/ros_learn/town_ws/install/village_wang/share/village_wang/hook/cmake_prefix_path.ps1'
[0.289s] INFO:colcon.colcon_core.shell:Creating environment descriptor '/home/amber/code/Notes/Ros/ros_learn/town_ws/install/village_wang/share/village_wang/hook/cmake_prefix_path.dsv'
[0.289s] INFO:colcon.colcon_core.shell:Creating environment hook '/home/amber/code/Notes/Ros/ros_learn/town_ws/install/village_wang/share/village_wang/hook/cmake_prefix_path.sh'
[0.290s] Level 1:colcon.colcon_core.environment:checking '/home/amber/code/Notes/Ros/ros_learn/town_ws/install/village_wang/lib'
[0.290s] Level 1:colcon.colcon_core.environment:checking '/home/amber/code/Notes/Ros/ros_learn/town_ws/install/village_wang/bin'
[0.290s] Level 1:colcon.colcon_core.environment:checking '/home/amber/code/Notes/Ros/ros_learn/town_ws/install/village_wang/lib/pkgconfig/village_wang.pc'
[0.290s] Level 1:colcon.colcon_core.environment:checking '/home/amber/code/Notes/Ros/ros_learn/town_ws/install/village_wang/lib/python3.8/site-packages'
[0.290s] INFO:colcon.colcon_core.shell:Creating package script '/home/amber/code/Notes/Ros/ros_learn/town_ws/install/village_wang/share/village_wang/package.ps1'
[0.291s] INFO:colcon.colcon_core.shell:Creating package descriptor '/home/amber/code/Notes/Ros/ros_learn/town_ws/install/village_wang/share/village_wang/package.dsv'
[0.291s] INFO:colcon.colcon_core.shell:Creating package script '/home/amber/code/Notes/Ros/ros_learn/town_ws/install/village_wang/share/village_wang/package.sh'
[0.291s] INFO:colcon.colcon_core.shell:Creating package script '/home/amber/code/Notes/Ros/ros_learn/town_ws/install/village_wang/share/village_wang/package.bash'
[0.291s] INFO:colcon.colcon_core.shell:Creating package script '/home/amber/code/Notes/Ros/ros_learn/town_ws/install/village_wang/share/village_wang/package.zsh'
[0.291s] Level 1:colcon.colcon_core.environment:create_file_with_runtime_dependencies(/home/amber/code/Notes/Ros/ros_learn/town_ws/install/village_wang/share/colcon-core/packages/village_wang)
[0.292s] DEBUG:colcon.colcon_parallel_executor.executor.parallel:closing loop
[0.292s] DEBUG:colcon.colcon_parallel_executor.executor.parallel:loop closed
[0.292s] DEBUG:colcon.colcon_parallel_executor.executor.parallel:run_until_complete finished with '0'
[0.292s] DEBUG:colcon.colcon_core.event_reactor:joining thread
[0.296s] INFO:colcon.colcon_core.plugin_system:Skipping extension 'colcon_notification.desktop_notification.terminal_notifier': Not used on non-Darwin systems
[0.296s] INFO:colcon.colcon_core.plugin_system:Skipping extension 'colcon_notification.desktop_notification.win32': Not used on non-Windows systems
[0.296s] INFO:colcon.colcon_notification.desktop_notification:Sending desktop notification using 'notify2'
[0.304s] DEBUG:colcon.colcon_core.event_reactor:joined thread
[0.304s] INFO:colcon.colcon_core.shell:Creating prefix script '/home/amber/code/Notes/Ros/ros_learn/town_ws/install/local_setup.ps1'
[0.305s] INFO:colcon.colcon_core.shell:Creating prefix util module '/home/amber/code/Notes/Ros/ros_learn/town_ws/install/_local_setup_util_ps1.py'
[0.306s] INFO:colcon.colcon_core.shell:Creating prefix chain script '/home/amber/code/Notes/Ros/ros_learn/town_ws/install/setup.ps1'
[0.306s] INFO:colcon.colcon_core.shell:Creating prefix script '/home/amber/code/Notes/Ros/ros_learn/town_ws/install/local_setup.sh'
[0.307s] INFO:colcon.colcon_core.shell:Creating prefix util module '/home/amber/code/Notes/Ros/ros_learn/town_ws/install/_local_setup_util_sh.py'
[0.307s] INFO:colcon.colcon_core.shell:Creating prefix chain script '/home/amber/code/Notes/Ros/ros_learn/town_ws/install/setup.sh'
[0.308s] INFO:colcon.colcon_core.shell:Creating prefix script '/home/amber/code/Notes/Ros/ros_learn/town_ws/install/local_setup.bash'
[0.308s] INFO:colcon.colcon_core.shell:Creating prefix chain script '/home/amber/code/Notes/Ros/ros_learn/town_ws/install/setup.bash'
[0.308s] INFO:colcon.colcon_core.shell:Creating prefix script '/home/amber/code/Notes/Ros/ros_learn/town_ws/install/local_setup.zsh'
[0.309s] INFO:colcon.colcon_core.shell:Creating prefix chain script '/home/amber/code/Notes/Ros/ros_learn/town_ws/install/setup.zsh'
