[0.490s] Invoking command in '/home/amber/code/Notes/Ros/3_ros2_node/node_ws/src/cognition_node': PYTHONPATH=/home/amber/code/Notes/Ros/3_ros2_node/node_ws/install/cognition_node/lib/python3.8/site-packages:${PYTHONPATH} /usr/bin/python3 setup.py egg_info --egg-base ../../build/cognition_node build --build-base /home/amber/code/Notes/Ros/3_ros2_node/node_ws/build/cognition_node/build install --prefix /home/amber/code/Notes/Ros/3_ros2_node/node_ws/install/cognition_node --record /home/amber/code/Notes/Ros/3_ros2_node/node_ws/build/cognition_node/install.log --single-version-externally-managed
[0.632s] running egg_info
[0.632s] writing ../../build/cognition_node/cognition_node.egg-info/PKG-INFO
[0.633s] writing dependency_links to ../../build/cognition_node/cognition_node.egg-info/dependency_links.txt
[0.633s] writing entry points to ../../build/cognition_node/cognition_node.egg-info/entry_points.txt
[0.633s] writing requirements to ../../build/cognition_node/cognition_node.egg-info/requires.txt
[0.633s] writing top-level names to ../../build/cognition_node/cognition_node.egg-info/top_level.txt
[0.654s] reading manifest file '../../build/cognition_node/cognition_node.egg-info/SOURCES.txt'
[0.655s] writing manifest file '../../build/cognition_node/cognition_node.egg-info/SOURCES.txt'
[0.655s] running build
[0.655s] running build_py
[0.655s] copying cognition_node/cognition_node.py -> /home/amber/code/Notes/Ros/3_ros2_node/node_ws/build/cognition_node/build/lib/cognition_node
[0.655s] running install
[0.656s] running install_lib
[0.656s] copying /home/amber/code/Notes/Ros/3_ros2_node/node_ws/build/cognition_node/build/lib/cognition_node/cognition_node.py -> /home/amber/code/Notes/Ros/3_ros2_node/node_ws/install/cognition_node/lib/python3.8/site-packages/cognition_node
[0.657s] byte-compiling /home/amber/code/Notes/Ros/3_ros2_node/node_ws/install/cognition_node/lib/python3.8/site-packages/cognition_node/cognition_node.py to cognition_node.cpython-38.pyc
[0.658s] running install_data
[0.658s] running install_egg_info
[0.659s] removing '/home/amber/code/Notes/Ros/3_ros2_node/node_ws/install/cognition_node/lib/python3.8/site-packages/cognition_node-0.0.0-py3.8.egg-info' (and everything under it)
[0.659s] Copying ../../build/cognition_node/cognition_node.egg-info to /home/amber/code/Notes/Ros/3_ros2_node/node_ws/install/cognition_node/lib/python3.8/site-packages/cognition_node-0.0.0-py3.8.egg-info
[0.659s] running install_scripts
[0.670s] Installing cognition_node script to /home/amber/code/Notes/Ros/3_ros2_node/node_ws/install/cognition_node/lib/cognition_node
[0.670s] writing list of installed files to '/home/amber/code/Notes/Ros/3_ros2_node/node_ws/build/cognition_node/install.log'
[0.685s] Invoked command in '/home/amber/code/Notes/Ros/3_ros2_node/node_ws/src/cognition_node' returned '0': PYTHONPATH=/home/amber/code/Notes/Ros/3_ros2_node/node_ws/install/cognition_node/lib/python3.8/site-packages:${PYTHONPATH} /usr/bin/python3 setup.py egg_info --egg-base ../../build/cognition_node build --build-base /home/amber/code/Notes/Ros/3_ros2_node/node_ws/build/cognition_node/build install --prefix /home/amber/code/Notes/Ros/3_ros2_node/node_ws/install/cognition_node --record /home/amber/code/Notes/Ros/3_ros2_node/node_ws/build/cognition_node/install.log --single-version-externally-managed
