[0.152s] Invoking command in '/home/amber/code/Notes/Ros/3_ros2_node/node_ws/build/cognition_node_c++': /usr/bin/cmake /home/amber/code/Notes/Ros/3_ros2_node/node_ws/src/cognition_node_c++ -DCMAKE_INSTALL_PREFIX=/home/amber/code/Notes/Ros/3_ros2_node/node_ws/install/cognition_node_c++
[0.186s] -- The C compiler identification is GNU 9.4.0
[0.218s] -- The CXX compiler identification is GNU 9.4.0
[0.220s] -- Check for working C compiler: /usr/bin/cc
[0.262s] -- Check for working C compiler: /usr/bin/cc -- works
[0.262s] -- Detecting C compiler ABI info
[0.306s] -- Detecting C compiler ABI info - done
[0.312s] -- Detecting C compile features
[0.312s] -- Detecting C compile features - done
[0.314s] -- Check for working CXX compiler: /usr/bin/c++
[0.362s] -- Check for working CXX compiler: /usr/bin/c++ -- works
[0.362s] -- Detecting CXX compiler ABI info
[0.412s] -- Detecting CXX compiler ABI info - done
[0.419s] -- Detecting CXX compile features
[0.419s] -- Detecting CXX compile features - done
[0.421s] -- Found ament_cmake: 0.9.9 (/opt/ros/foxy/share/ament_cmake/cmake)
[0.437s] -- Found PythonInterp: /usr/bin/python3 (found suitable version "3.8.10", minimum required is "3") 
[0.437s] -- Using PYTHON_EXECUTABLE: /usr/bin/python3
[0.577s] -- Found rclcpp: 2.4.1 (/opt/ros/foxy/share/rclcpp/cmake)
[0.614s] -- Using all available rosidl_typesupport_c: rosidl_typesupport_connext_c;rosidl_typesupport_fastrtps_c;rosidl_typesupport_introspection_c
[0.619s] -- Found rosidl_adapter: 1.2.1 (/opt/ros/foxy/share/rosidl_adapter/cmake)
[0.623s] -- Found RTI Connext: /opt/rti.com/rti_connext_dds-5.3.1
[1.201s] -- Found OpenSSL: /usr/lib/x86_64-linux-gnu/libcrypto.so (found version "1.1.1f")  
[1.228s] -- Found FastRTPS: /opt/ros/foxy/include  
[1.273s] -- Using all available rosidl_typesupport_cpp: rosidl_typesupport_connext_cpp;rosidl_typesupport_fastrtps_cpp;rosidl_typesupport_introspection_cpp
[1.308s] -- Found rmw_implementation_cmake: 1.0.3 (/opt/ros/foxy/share/rmw_implementation_cmake/cmake)
[1.309s] -- Using RMW implementation 'rmw_fastrtps_cpp' as default
[1.310s] -- Looking for pthread.h
[1.357s] -- Looking for pthread.h - found
[1.357s] -- Performing Test CMAKE_HAVE_LIBC_PTHREAD
[1.424s] -- Performing Test CMAKE_HAVE_LIBC_PTHREAD - Failed
[1.424s] -- Looking for pthread_create in pthreads
[1.462s] -- Looking for pthread_create in pthreads - not found
[1.462s] -- Looking for pthread_create in pthread
[1.509s] -- Looking for pthread_create in pthread - found
[1.509s] -- Found Threads: TRUE  
[1.606s] -- Found ament_lint_auto: 0.9.6 (/opt/ros/foxy/share/ament_lint_auto/cmake)
[1.638s] Error parsing '/home/amber/code/Notes/Ros/3_ros2_node/node_ws/src/cognition_node_c++/package.xml':
[1.709s] Traceback (most recent call last):
[1.709s]   File "/opt/ros/foxy/share/ament_cmake_core/cmake/core/package_xml_2_cmake.py", line 143, in <module>
[1.710s]     main()
[1.710s]   File "/opt/ros/foxy/share/ament_cmake_core/cmake/core/package_xml_2_cmake.py", line 52, in main
[1.710s]     raise e
[1.710s]   File "/opt/ros/foxy/share/ament_cmake_core/cmake/core/package_xml_2_cmake.py", line 48, in main
[1.710s]     package = parse_package_string(
[1.710s]   File "/usr/lib/python3/dist-packages/catkin_pkg/package.py", line 774, in parse_package_string
[1.710s]     pkg.validate(warnings=warnings)
[1.710s]   File "/usr/lib/python3/dist-packages/catkin_pkg/package.py", line 317, in validate
[1.710s]     raise InvalidPackage('\n'.join(errors), self.filename)
[1.710s] catkin_pkg.package.InvalidPackage: Error(s) in package '/home/amber/code/Notes/Ros/3_ros2_node/node_ws/src/cognition_node_c++/package.xml':
[1.710s] Package name "cognition_node_c++" does not follow naming conventions
[1.723s] CMake Error at /opt/ros/foxy/share/ament_cmake_core/cmake/core/ament_package_xml.cmake:94 (message):
[1.723s]   execute_process(/usr/bin/python3
[1.723s]   /opt/ros/foxy/share/ament_cmake_core/cmake/core/package_xml_2_cmake.py
[1.723s]   /home/amber/code/Notes/Ros/3_ros2_node/node_ws/src/cognition_node_c++/package.xml
[1.723s]   /home/amber/code/Notes/Ros/3_ros2_node/node_ws/build/cognition_node_c++/ament_cmake_core/package.cmake)
[1.723s]   returned error code 1
[1.723s] Call Stack (most recent call first):
[1.723s]   /opt/ros/foxy/share/ament_cmake_core/cmake/core/ament_package_xml.cmake:49 (_ament_package_xml)
[1.723s]   /opt/ros/foxy/share/ament_lint_auto/cmake/ament_lint_auto_find_test_dependencies.cmake:31 (ament_package_xml)
[1.723s]   CMakeLists.txt:30 (ament_lint_auto_find_test_dependencies)
[1.723s] 
[1.723s] 
[1.724s] -- Configuring incomplete, errors occurred!
[1.724s] See also "/home/amber/code/Notes/Ros/3_ros2_node/node_ws/build/cognition_node_c++/CMakeFiles/CMakeOutput.log".
[1.724s] See also "/home/amber/code/Notes/Ros/3_ros2_node/node_ws/build/cognition_node_c++/CMakeFiles/CMakeError.log".
[1.729s] Invoked command in '/home/amber/code/Notes/Ros/3_ros2_node/node_ws/build/cognition_node_c++' returned '1': /usr/bin/cmake /home/amber/code/Notes/Ros/3_ros2_node/node_ws/src/cognition_node_c++ -DCMAKE_INSTALL_PREFIX=/home/amber/code/Notes/Ros/3_ros2_node/node_ws/install/cognition_node_c++
