[0.462s] Invoking command in '/home/amber/code/Notes/Ros/ros_learn/town_ws/src/village_li': PYTHONPATH=/home/amber/code/Notes/Ros/ros_learn/town_ws/install/village_li/lib/python3.8/site-packages:${PYTHONPATH} /usr/bin/python3 setup.py egg_info --egg-base ../../build/village_li build --build-base /home/amber/code/Notes/Ros/ros_learn/town_ws/build/village_li/build install --prefix /home/amber/code/Notes/Ros/ros_learn/town_ws/install/village_li --record /home/amber/code/Notes/Ros/ros_learn/town_ws/build/village_li/install.log --single-version-externally-managed
[0.608s] running egg_info
[0.608s] creating ../../build/village_li/village_li.egg-info
[0.608s] writing ../../build/village_li/village_li.egg-info/PKG-INFO
[0.608s] writing dependency_links to ../../build/village_li/village_li.egg-info/dependency_links.txt
[0.609s] writing entry points to ../../build/village_li/village_li.egg-info/entry_points.txt
[0.609s] writing requirements to ../../build/village_li/village_li.egg-info/requires.txt
[0.609s] writing top-level names to ../../build/village_li/village_li.egg-info/top_level.txt
[0.610s] writing manifest file '../../build/village_li/village_li.egg-info/SOURCES.txt'
[0.632s] reading manifest file '../../build/village_li/village_li.egg-info/SOURCES.txt'
[0.632s] writing manifest file '../../build/village_li/village_li.egg-info/SOURCES.txt'
[0.632s] running build
[0.632s] running build_py
[0.632s] creating /home/amber/code/Notes/Ros/ros_learn/town_ws/build/village_li/build
[0.632s] creating /home/amber/code/Notes/Ros/ros_learn/town_ws/build/village_li/build/lib
[0.632s] creating /home/amber/code/Notes/Ros/ros_learn/town_ws/build/village_li/build/lib/village_li
[0.633s] copying village_li/li4.py -> /home/amber/code/Notes/Ros/ros_learn/town_ws/build/village_li/build/lib/village_li
[0.633s] copying village_li/__init__.py -> /home/amber/code/Notes/Ros/ros_learn/town_ws/build/village_li/build/lib/village_li
[0.633s] running install
[0.633s] running install_lib
[0.634s] creating /home/amber/code/Notes/Ros/ros_learn/town_ws/install/village_li/lib/python3.8/site-packages/village_li
[0.634s] copying /home/amber/code/Notes/Ros/ros_learn/town_ws/build/village_li/build/lib/village_li/li4.py -> /home/amber/code/Notes/Ros/ros_learn/town_ws/install/village_li/lib/python3.8/site-packages/village_li
[0.634s] copying /home/amber/code/Notes/Ros/ros_learn/town_ws/build/village_li/build/lib/village_li/__init__.py -> /home/amber/code/Notes/Ros/ros_learn/town_ws/install/village_li/lib/python3.8/site-packages/village_li
[0.634s] byte-compiling /home/amber/code/Notes/Ros/ros_learn/town_ws/install/village_li/lib/python3.8/site-packages/village_li/li4.py to li4.cpython-38.pyc
[0.635s] byte-compiling /home/amber/code/Notes/Ros/ros_learn/town_ws/install/village_li/lib/python3.8/site-packages/village_li/__init__.py to __init__.cpython-38.pyc
[0.635s] running install_data
[0.635s] creating /home/amber/code/Notes/Ros/ros_learn/town_ws/install/village_li/share/ament_index
[0.635s] creating /home/amber/code/Notes/Ros/ros_learn/town_ws/install/village_li/share/ament_index/resource_index
[0.635s] creating /home/amber/code/Notes/Ros/ros_learn/town_ws/install/village_li/share/ament_index/resource_index/packages
[0.635s] copying resource/village_li -> /home/amber/code/Notes/Ros/ros_learn/town_ws/install/village_li/share/ament_index/resource_index/packages
[0.635s] copying package.xml -> /home/amber/code/Notes/Ros/ros_learn/town_ws/install/village_li/share/village_li
[0.635s] running install_egg_info
[0.636s] Copying ../../build/village_li/village_li.egg-info to /home/amber/code/Notes/Ros/ros_learn/town_ws/install/village_li/lib/python3.8/site-packages/village_li-0.0.0-py3.8.egg-info
[0.637s] running install_scripts
[0.648s] Installing li4_node script to /home/amber/code/Notes/Ros/ros_learn/town_ws/install/village_li/lib/village_li
[0.649s] writing list of installed files to '/home/amber/code/Notes/Ros/ros_learn/town_ws/build/village_li/install.log'
[0.665s] Invoked command in '/home/amber/code/Notes/Ros/ros_learn/town_ws/src/village_li' returned '0': PYTHONPATH=/home/amber/code/Notes/Ros/ros_learn/town_ws/install/village_li/lib/python3.8/site-packages:${PYTHONPATH} /usr/bin/python3 setup.py egg_info --egg-base ../../build/village_li build --build-base /home/amber/code/Notes/Ros/ros_learn/town_ws/build/village_li/build install --prefix /home/amber/code/Notes/Ros/ros_learn/town_ws/install/village_li --record /home/amber/code/Notes/Ros/ros_learn/town_ws/build/village_li/install.log --single-version-externally-managed
