[0.461s] Invoking command in '/home/amber/code/Notes/Ros/ros_learn/town_ws/src/village_li': PYTHONPATH=/home/amber/code/Notes/Ros/ros_learn/town_ws/install/village_li/lib/python3.8/site-packages:${PYTHONPATH} /usr/bin/python3 setup.py egg_info --egg-base ../../build/village_li build --build-base /home/amber/code/Notes/Ros/ros_learn/town_ws/build/village_li/build install --prefix /home/amber/code/Notes/Ros/ros_learn/town_ws/install/village_li --record /home/amber/code/Notes/Ros/ros_learn/town_ws/build/village_li/install.log --single-version-externally-managed
[0.595s] running egg_info
[0.595s] writing ../../build/village_li/village_li.egg-info/PKG-INFO
[0.596s] writing dependency_links to ../../build/village_li/village_li.egg-info/dependency_links.txt
[0.596s] writing entry points to ../../build/village_li/village_li.egg-info/entry_points.txt
[0.596s] writing requirements to ../../build/village_li/village_li.egg-info/requires.txt
[0.596s] writing top-level names to ../../build/village_li/village_li.egg-info/top_level.txt
[0.616s] reading manifest file '../../build/village_li/village_li.egg-info/SOURCES.txt'
[0.617s] writing manifest file '../../build/village_li/village_li.egg-info/SOURCES.txt'
[0.617s] running build
[0.617s] running build_py
[0.617s] running install
[0.617s] running install_lib
[0.618s] byte-compiling /home/amber/code/Notes/Ros/ros_learn/town_ws/install/village_li/lib/python3.8/site-packages/village_li/li4.py to li4.cpython-38.pyc
[0.619s] running install_data
[0.620s] running install_egg_info
[0.620s] removing '/home/amber/code/Notes/Ros/ros_learn/town_ws/install/village_li/lib/python3.8/site-packages/village_li-0.0.0-py3.8.egg-info' (and everything under it)
[0.621s] Copying ../../build/village_li/village_li.egg-info to /home/amber/code/Notes/Ros/ros_learn/town_ws/install/village_li/lib/python3.8/site-packages/village_li-0.0.0-py3.8.egg-info
[0.621s] running install_scripts
[0.631s] Installing li4_node script to /home/amber/code/Notes/Ros/ros_learn/town_ws/install/village_li/lib/village_li
[0.631s] writing list of installed files to '/home/amber/code/Notes/Ros/ros_learn/town_ws/build/village_li/install.log'
[0.643s] Invoked command in '/home/amber/code/Notes/Ros/ros_learn/town_ws/src/village_li' returned '0': PYTHONPATH=/home/amber/code/Notes/Ros/ros_learn/town_ws/install/village_li/lib/python3.8/site-packages:${PYTHONPATH} /usr/bin/python3 setup.py egg_info --egg-base ../../build/village_li build --build-base /home/amber/code/Notes/Ros/ros_learn/town_ws/build/village_li/build install --prefix /home/amber/code/Notes/Ros/ros_learn/town_ws/install/village_li --record /home/amber/code/Notes/Ros/ros_learn/town_ws/build/village_li/install.log --single-version-externally-managed
