running egg_info
creating ../../build/cognition_node/cognition_node.egg-info
writing ../../build/cognition_node/cognition_node.egg-info/PKG-INFO
writing dependency_links to ../../build/cognition_node/cognition_node.egg-info/dependency_links.txt
writing entry points to ../../build/cognition_node/cognition_node.egg-info/entry_points.txt
writing requirements to ../../build/cognition_node/cognition_node.egg-info/requires.txt
writing top-level names to ../../build/cognition_node/cognition_node.egg-info/top_level.txt
writing manifest file '../../build/cognition_node/cognition_node.egg-info/SOURCES.txt'
reading manifest file '../../build/cognition_node/cognition_node.egg-info/SOURCES.txt'
writing manifest file '../../build/cognition_node/cognition_node.egg-info/SOURCES.txt'
running build
running build_py
creating /home/amber/code/Notes/Ros/3_ros2_node/node_ws/build/cognition_node/build
creating /home/amber/code/Notes/Ros/3_ros2_node/node_ws/build/cognition_node/build/lib
creating /home/amber/code/Notes/Ros/3_ros2_node/node_ws/build/cognition_node/build/lib/cognition_node
copying cognition_node/cognition_node.py -> /home/amber/code/Notes/Ros/3_ros2_node/node_ws/build/cognition_node/build/lib/cognition_node
copying cognition_node/__init__.py -> /home/amber/code/Notes/Ros/3_ros2_node/node_ws/build/cognition_node/build/lib/cognition_node
running install
running install_lib
creating /home/amber/code/Notes/Ros/3_ros2_node/node_ws/install/cognition_node/lib/python3.8/site-packages/cognition_node
copying /home/amber/code/Notes/Ros/3_ros2_node/node_ws/build/cognition_node/build/lib/cognition_node/cognition_node.py -> /home/amber/code/Notes/Ros/3_ros2_node/node_ws/install/cognition_node/lib/python3.8/site-packages/cognition_node
copying /home/amber/code/Notes/Ros/3_ros2_node/node_ws/build/cognition_node/build/lib/cognition_node/__init__.py -> /home/amber/code/Notes/Ros/3_ros2_node/node_ws/install/cognition_node/lib/python3.8/site-packages/cognition_node
byte-compiling /home/amber/code/Notes/Ros/3_ros2_node/node_ws/install/cognition_node/lib/python3.8/site-packages/cognition_node/cognition_node.py to cognition_node.cpython-38.pyc
byte-compiling /home/amber/code/Notes/Ros/3_ros2_node/node_ws/install/cognition_node/lib/python3.8/site-packages/cognition_node/__init__.py to __init__.cpython-38.pyc
running install_data
creating /home/amber/code/Notes/Ros/3_ros2_node/node_ws/install/cognition_node/share/ament_index
creating /home/amber/code/Notes/Ros/3_ros2_node/node_ws/install/cognition_node/share/ament_index/resource_index
creating /home/amber/code/Notes/Ros/3_ros2_node/node_ws/install/cognition_node/share/ament_index/resource_index/packages
copying resource/cognition_node -> /home/amber/code/Notes/Ros/3_ros2_node/node_ws/install/cognition_node/share/ament_index/resource_index/packages
copying package.xml -> /home/amber/code/Notes/Ros/3_ros2_node/node_ws/install/cognition_node/share/cognition_node
running install_egg_info
Copying ../../build/cognition_node/cognition_node.egg-info to /home/amber/code/Notes/Ros/3_ros2_node/node_ws/install/cognition_node/lib/python3.8/site-packages/cognition_node-0.0.0-py3.8.egg-info
running install_scripts
Installing node script to /home/amber/code/Notes/Ros/3_ros2_node/node_ws/install/cognition_node/lib/cognition_node
writing list of installed files to '/home/amber/code/Notes/Ros/3_ros2_node/node_ws/build/cognition_node/install.log'
