[0.459s] Invoking command in '/home/amber/code/Notes/Ros/3_ros2_node/node_ws/src/cognition_node': PYTHONPATH=/home/amber/code/Notes/Ros/3_ros2_node/node_ws/install/cognition_node/lib/python3.8/site-packages:${PYTHONPATH} /usr/bin/python3 setup.py egg_info --egg-base ../../build/cognition_node build --build-base /home/amber/code/Notes/Ros/3_ros2_node/node_ws/build/cognition_node/build install --prefix /home/amber/code/Notes/Ros/3_ros2_node/node_ws/install/cognition_node --record /home/amber/code/Notes/Ros/3_ros2_node/node_ws/build/cognition_node/install.log --single-version-externally-managed
[0.591s] running egg_info
[0.591s] writing ../../build/cognition_node/cognition_node.egg-info/PKG-INFO
[0.592s] writing dependency_links to ../../build/cognition_node/cognition_node.egg-info/dependency_links.txt
[0.592s] writing entry points to ../../build/cognition_node/cognition_node.egg-info/entry_points.txt
[0.592s] writing requirements to ../../build/cognition_node/cognition_node.egg-info/requires.txt
[0.592s] writing top-level names to ../../build/cognition_node/cognition_node.egg-info/top_level.txt
[0.613s] reading manifest file '../../build/cognition_node/cognition_node.egg-info/SOURCES.txt'
[0.614s] writing manifest file '../../build/cognition_node/cognition_node.egg-info/SOURCES.txt'
[0.614s] running build
[0.614s] running build_py
[0.614s] running install
[0.614s] running install_lib
[0.615s] running install_data
[0.615s] running install_egg_info
[0.616s] removing '/home/amber/code/Notes/Ros/3_ros2_node/node_ws/install/cognition_node/lib/python3.8/site-packages/cognition_node-0.0.0-py3.8.egg-info' (and everything under it)
[0.616s] Copying ../../build/cognition_node/cognition_node.egg-info to /home/amber/code/Notes/Ros/3_ros2_node/node_ws/install/cognition_node/lib/python3.8/site-packages/cognition_node-0.0.0-py3.8.egg-info
[0.617s] running install_scripts
[0.627s] Installing cognition_node script to /home/amber/code/Notes/Ros/3_ros2_node/node_ws/install/cognition_node/lib/cognition_node
[0.627s] writing list of installed files to '/home/amber/code/Notes/Ros/3_ros2_node/node_ws/build/cognition_node/install.log'
[0.639s] Invoked command in '/home/amber/code/Notes/Ros/3_ros2_node/node_ws/src/cognition_node' returned '0': PYTHONPATH=/home/amber/code/Notes/Ros/3_ros2_node/node_ws/install/cognition_node/lib/python3.8/site-packages:${PYTHONPATH} /usr/bin/python3 setup.py egg_info --egg-base ../../build/cognition_node build --build-base /home/amber/code/Notes/Ros/3_ros2_node/node_ws/build/cognition_node/build install --prefix /home/amber/code/Notes/Ros/3_ros2_node/node_ws/install/cognition_node --record /home/amber/code/Notes/Ros/3_ros2_node/node_ws/build/cognition_node/install.log --single-version-externally-managed
