[0.084s] DEBUG:colcon:Command line arguments: ['/usr/bin/colcon', 'build', '--packages-select', 'village_interfaces']
[0.084s] DEBUG:colcon:Parsed command line arguments: Namespace(allow_overriding=[], ament_cmake_args=None, base_paths=['.'], build_base='build', catkin_cmake_args=None, catkin_skip_building_tests=False, cmake_args=None, cmake_clean_cache=False, cmake_clean_first=False, cmake_force_configure=False, cmake_target=None, cmake_target_skip_unavailable=False, continue_on_error=False, event_handlers=None, executor='parallel', ignore_user_meta=False, install_base='install', log_base=None, log_level=None, main=<bound method BuildVerb.main of <colcon_core.verb.build.BuildVerb object at 0x7fd733c89eb0>>, merge_install=False, metas=['./colcon.meta'], packages_above=None, packages_above_and_dependencies=None, packages_above_depth=None, packages_end=None, packages_ignore=None, packages_ignore_regex=None, packages_select=['village_interfaces'], packages_select_build_failed=False, packages_select_by_dep=None, packages_select_regex=None, packages_select_test_failures=False, packages_skip=None, packages_skip_build_finished=False, packages_skip_by_dep=None, packages_skip_regex=None, packages_skip_test_passed=False, packages_skip_up_to=None, packages_start=None, packages_up_to=None, packages_up_to_regex=None, parallel_workers=16, paths=None, symlink_install=False, test_result_base=None, verb_extension=<colcon_core.verb.build.BuildVerb object at 0x7fd733c89eb0>, verb_name='build', verb_parser=<colcon_defaults.argument_parser.defaults.DefaultArgumentsDecorator object at 0x7fd733c92460>)
[0.087s] Level 1:colcon.colcon_core.package_discovery:discover_packages(colcon_meta) check parameters
[0.087s] Level 1:colcon.colcon_core.package_discovery:discover_packages(recursive) check parameters
[0.087s] Level 1:colcon.colcon_core.package_discovery:discover_packages(ignore) check parameters
[0.087s] Level 1:colcon.colcon_core.package_discovery:discover_packages(path) check parameters
[0.087s] Level 1:colcon.colcon_core.package_discovery:discover_packages(colcon_meta) discover
[0.087s] Level 1:colcon.colcon_core.package_discovery:discover_packages(recursive) discover
[0.087s] INFO:colcon.colcon_core.package_discovery:Crawling recursively for packages in '/home/amber/code/Notes/Ros/ros_learn/town_ws'
[0.087s] Level 1:colcon.colcon_core.package_identification:_identify(.) by extensions ['ignore', 'ignore_ament_install']
[0.087s] Level 1:colcon.colcon_core.package_identification:_identify(.) by extension 'ignore'
[0.087s] Level 1:colcon.colcon_core.package_identification:_identify(.) by extension 'ignore_ament_install'
[0.087s] Level 1:colcon.colcon_core.package_identification:_identify(.) by extensions ['colcon_pkg']
[0.087s] Level 1:colcon.colcon_core.package_identification:_identify(.) by extension 'colcon_pkg'
[0.087s] Level 1:colcon.colcon_core.package_identification:_identify(.) by extensions ['colcon_meta']
[0.087s] Level 1:colcon.colcon_core.package_identification:_identify(.) by extension 'colcon_meta'
[0.087s] Level 1:colcon.colcon_core.package_identification:_identify(.) by extensions ['ros']
[0.087s] Level 1:colcon.colcon_core.package_identification:_identify(.) by extension 'ros'
[0.094s] Level 1:colcon.colcon_core.package_identification:_identify(.) by extensions ['cmake', 'python']
[0.094s] Level 1:colcon.colcon_core.package_identification:_identify(.) by extension 'cmake'
[0.094s] Level 1:colcon.colcon_core.package_identification:_identify(.) by extension 'python'
[0.094s] Level 1:colcon.colcon_core.package_identification:_identify(.) by extensions ['python_setup_py']
[0.094s] Level 1:colcon.colcon_core.package_identification:_identify(.) by extension 'python_setup_py'
[0.094s] Level 1:colcon.colcon_core.package_identification:_identify(build) by extensions ['ignore', 'ignore_ament_install']
[0.094s] Level 1:colcon.colcon_core.package_identification:_identify(build) by extension 'ignore'
[0.094s] Level 1:colcon.colcon_core.package_identification:_identify(build) ignored
[0.094s] Level 1:colcon.colcon_core.package_identification:_identify(install) by extensions ['ignore', 'ignore_ament_install']
[0.094s] Level 1:colcon.colcon_core.package_identification:_identify(install) by extension 'ignore'
[0.094s] Level 1:colcon.colcon_core.package_identification:_identify(install) ignored
[0.095s] Level 1:colcon.colcon_core.package_identification:_identify(log) by extensions ['ignore', 'ignore_ament_install']
[0.095s] Level 1:colcon.colcon_core.package_identification:_identify(log) by extension 'ignore'
[0.095s] Level 1:colcon.colcon_core.package_identification:_identify(log) ignored
[0.095s] Level 1:colcon.colcon_core.package_identification:_identify(src) by extensions ['ignore', 'ignore_ament_install']
[0.095s] Level 1:colcon.colcon_core.package_identification:_identify(src) by extension 'ignore'
[0.095s] Level 1:colcon.colcon_core.package_identification:_identify(src) by extension 'ignore_ament_install'
[0.095s] Level 1:colcon.colcon_core.package_identification:_identify(src) by extensions ['colcon_pkg']
[0.095s] Level 1:colcon.colcon_core.package_identification:_identify(src) by extension 'colcon_pkg'
[0.095s] Level 1:colcon.colcon_core.package_identification:_identify(src) by extensions ['colcon_meta']
[0.095s] Level 1:colcon.colcon_core.package_identification:_identify(src) by extension 'colcon_meta'
[0.095s] Level 1:colcon.colcon_core.package_identification:_identify(src) by extensions ['ros']
[0.095s] Level 1:colcon.colcon_core.package_identification:_identify(src) by extension 'ros'
[0.095s] Level 1:colcon.colcon_core.package_identification:_identify(src) by extensions ['cmake', 'python']
[0.095s] Level 1:colcon.colcon_core.package_identification:_identify(src) by extension 'cmake'
[0.095s] Level 1:colcon.colcon_core.package_identification:_identify(src) by extension 'python'
[0.095s] Level 1:colcon.colcon_core.package_identification:_identify(src) by extensions ['python_setup_py']
[0.095s] Level 1:colcon.colcon_core.package_identification:_identify(src) by extension 'python_setup_py'
[0.095s] Level 1:colcon.colcon_core.package_identification:_identify(src/village_interfaces) by extensions ['ignore', 'ignore_ament_install']
[0.095s] Level 1:colcon.colcon_core.package_identification:_identify(src/village_interfaces) by extension 'ignore'
[0.095s] Level 1:colcon.colcon_core.package_identification:_identify(src/village_interfaces) by extension 'ignore_ament_install'
[0.095s] Level 1:colcon.colcon_core.package_identification:_identify(src/village_interfaces) by extensions ['colcon_pkg']
[0.095s] Level 1:colcon.colcon_core.package_identification:_identify(src/village_interfaces) by extension 'colcon_pkg'
[0.095s] Level 1:colcon.colcon_core.package_identification:_identify(src/village_interfaces) by extensions ['colcon_meta']
[0.095s] Level 1:colcon.colcon_core.package_identification:_identify(src/village_interfaces) by extension 'colcon_meta'
[0.095s] Level 1:colcon.colcon_core.package_identification:_identify(src/village_interfaces) by extensions ['ros']
[0.095s] Level 1:colcon.colcon_core.package_identification:_identify(src/village_interfaces) by extension 'ros'
[0.097s] DEBUG:colcon.colcon_core.package_identification:Package 'src/village_interfaces' with type 'ros.ament_cmake' and name 'village_interfaces'
[0.097s] Level 1:colcon.colcon_core.package_identification:_identify(src/village_li) by extensions ['ignore', 'ignore_ament_install']
[0.097s] Level 1:colcon.colcon_core.package_identification:_identify(src/village_li) by extension 'ignore'
[0.097s] Level 1:colcon.colcon_core.package_identification:_identify(src/village_li) by extension 'ignore_ament_install'
[0.097s] Level 1:colcon.colcon_core.package_identification:_identify(src/village_li) by extensions ['colcon_pkg']
[0.097s] Level 1:colcon.colcon_core.package_identification:_identify(src/village_li) by extension 'colcon_pkg'
[0.097s] Level 1:colcon.colcon_core.package_identification:_identify(src/village_li) by extensions ['colcon_meta']
[0.097s] Level 1:colcon.colcon_core.package_identification:_identify(src/village_li) by extension 'colcon_meta'
[0.097s] Level 1:colcon.colcon_core.package_identification:_identify(src/village_li) by extensions ['ros']
[0.097s] Level 1:colcon.colcon_core.package_identification:_identify(src/village_li) by extension 'ros'
[0.097s] DEBUG:colcon.colcon_core.package_identification:Package 'src/village_li' with type 'ros.ament_python' and name 'village_li'
[0.098s] Level 1:colcon.colcon_core.package_identification:_identify(src/village_wang) by extensions ['ignore', 'ignore_ament_install']
[0.098s] Level 1:colcon.colcon_core.package_identification:_identify(src/village_wang) by extension 'ignore'
[0.098s] Level 1:colcon.colcon_core.package_identification:_identify(src/village_wang) by extension 'ignore_ament_install'
[0.098s] Level 1:colcon.colcon_core.package_identification:_identify(src/village_wang) by extensions ['colcon_pkg']
[0.098s] Level 1:colcon.colcon_core.package_identification:_identify(src/village_wang) by extension 'colcon_pkg'
[0.098s] Level 1:colcon.colcon_core.package_identification:_identify(src/village_wang) by extensions ['colcon_meta']
[0.098s] Level 1:colcon.colcon_core.package_identification:_identify(src/village_wang) by extension 'colcon_meta'
[0.098s] Level 1:colcon.colcon_core.package_identification:_identify(src/village_wang) by extensions ['ros']
[0.098s] Level 1:colcon.colcon_core.package_identification:_identify(src/village_wang) by extension 'ros'
[0.098s] DEBUG:colcon.colcon_core.package_identification:Package 'src/village_wang' with type 'ros.ament_cmake' and name 'village_wang'
[0.098s] Level 1:colcon.colcon_core.package_discovery:discover_packages(recursive) using defaults
[0.098s] Level 1:colcon.colcon_core.package_discovery:discover_packages(ignore) discover
[0.098s] Level 1:colcon.colcon_core.package_discovery:discover_packages(ignore) using defaults
[0.098s] Level 1:colcon.colcon_core.package_discovery:discover_packages(path) discover
[0.098s] Level 1:colcon.colcon_core.package_discovery:discover_packages(path) using defaults
[0.109s] INFO:colcon.colcon_core.package_selection:Skipping not selected package 'village_li' in 'src/village_li'
[0.109s] INFO:colcon.colcon_core.package_selection:Skipping not selected package 'village_wang' in 'src/village_wang'
[0.109s] Level 5:colcon.colcon_core.verb:set package 'village_interfaces' build argument 'cmake_args' from command line to 'None'
[0.109s] Level 5:colcon.colcon_core.verb:set package 'village_interfaces' build argument 'cmake_target' from command line to 'None'
[0.109s] Level 5:colcon.colcon_core.verb:set package 'village_interfaces' build argument 'cmake_target_skip_unavailable' from command line to 'False'
[0.109s] Level 5:colcon.colcon_core.verb:set package 'village_interfaces' build argument 'cmake_clean_cache' from command line to 'False'
[0.109s] Level 5:colcon.colcon_core.verb:set package 'village_interfaces' build argument 'cmake_clean_first' from command line to 'False'
[0.109s] Level 5:colcon.colcon_core.verb:set package 'village_interfaces' build argument 'cmake_force_configure' from command line to 'False'
[0.109s] Level 5:colcon.colcon_core.verb:set package 'village_interfaces' build argument 'ament_cmake_args' from command line to 'None'
[0.109s] Level 5:colcon.colcon_core.verb:set package 'village_interfaces' build argument 'catkin_cmake_args' from command line to 'None'
[0.109s] Level 5:colcon.colcon_core.verb:set package 'village_interfaces' build argument 'catkin_skip_building_tests' from command line to 'False'
[0.109s] DEBUG:colcon.colcon_core.verb:Building package 'village_interfaces' with the following arguments: {'ament_cmake_args': None, 'build_base': '/home/amber/code/Notes/Ros/ros_learn/town_ws/build/village_interfaces', 'catkin_cmake_args': None, 'catkin_skip_building_tests': False, 'cmake_args': None, 'cmake_clean_cache': False, 'cmake_clean_first': False, 'cmake_force_configure': False, 'cmake_target': None, 'cmake_target_skip_unavailable': False, 'install_base': '/home/amber/code/Notes/Ros/ros_learn/town_ws/install/village_interfaces', 'merge_install': False, 'path': '/home/amber/code/Notes/Ros/ros_learn/town_ws/src/village_interfaces', 'symlink_install': False, 'test_result_base': None}
[0.111s] INFO:colcon.colcon_core.executor:Executing jobs using 'parallel' executor
[0.113s] DEBUG:colcon.colcon_parallel_executor.executor.parallel:run_until_complete
[0.113s] INFO:colcon.colcon_ros.task.ament_cmake.build:Building ROS package in '/home/amber/code/Notes/Ros/ros_learn/town_ws/src/village_interfaces' with build type 'ament_cmake'
[0.113s] INFO:colcon.colcon_cmake.task.cmake.build:Building CMake package in '/home/amber/code/Notes/Ros/ros_learn/town_ws/src/village_interfaces'
[0.115s] INFO:colcon.colcon_core.plugin_system:Skipping extension 'colcon_core.shell.bat': Not used on non-Windows systems
[0.115s] INFO:colcon.colcon_core.shell:Skip shell extension 'powershell' for command environment: Not usable outside of PowerShell
[0.115s] DEBUG:colcon.colcon_core.shell:Skip shell extension 'dsv' for command environment
[0.123s] DEBUG:colcon.colcon_core.event_handler.log_command:Invoking command in '/home/amber/code/Notes/Ros/ros_learn/town_ws/build/village_interfaces': CMAKE_PREFIX_PATH=${CMAKE_PREFIX_PATH}:/home/amber/code/Notes/Ros/ros_learn/town_ws/install/village_li:/opt/ros/foxy /usr/bin/cmake /home/amber/code/Notes/Ros/ros_learn/town_ws/src/village_interfaces -DCMAKE_INSTALL_PREFIX=/home/amber/code/Notes/Ros/ros_learn/town_ws/install/village_interfaces
[2.174s] DEBUG:colcon.colcon_core.event_handler.log_command:Invoked command in '/home/amber/code/Notes/Ros/ros_learn/town_ws/build/village_interfaces' returned '0': CMAKE_PREFIX_PATH=${CMAKE_PREFIX_PATH}:/home/amber/code/Notes/Ros/ros_learn/town_ws/install/village_li:/opt/ros/foxy /usr/bin/cmake /home/amber/code/Notes/Ros/ros_learn/town_ws/src/village_interfaces -DCMAKE_INSTALL_PREFIX=/home/amber/code/Notes/Ros/ros_learn/town_ws/install/village_interfaces
[2.176s] DEBUG:colcon.colcon_core.event_handler.log_command:Invoking command in '/home/amber/code/Notes/Ros/ros_learn/town_ws/build/village_interfaces': CMAKE_PREFIX_PATH=${CMAKE_PREFIX_PATH}:/home/amber/code/Notes/Ros/ros_learn/town_ws/install/village_li:/opt/ros/foxy /usr/bin/cmake --build /home/amber/code/Notes/Ros/ros_learn/town_ws/build/village_interfaces -- -j16 -l16
[23.186s] DEBUG:colcon.colcon_core.event_handler.log_command:Invoked command in '/home/amber/code/Notes/Ros/ros_learn/town_ws/build/village_interfaces' returned '0': CMAKE_PREFIX_PATH=${CMAKE_PREFIX_PATH}:/home/amber/code/Notes/Ros/ros_learn/town_ws/install/village_li:/opt/ros/foxy /usr/bin/cmake --build /home/amber/code/Notes/Ros/ros_learn/town_ws/build/village_interfaces -- -j16 -l16
[23.239s] DEBUG:colcon.colcon_core.event_handler.log_command:Invoking command in '/home/amber/code/Notes/Ros/ros_learn/town_ws/build/village_interfaces': CMAKE_PREFIX_PATH=${CMAKE_PREFIX_PATH}:/home/amber/code/Notes/Ros/ros_learn/town_ws/install/village_li:/opt/ros/foxy /usr/bin/cmake --install /home/amber/code/Notes/Ros/ros_learn/town_ws/build/village_interfaces
[23.279s] Level 1:colcon.colcon_core.environment:create_environment_scripts_only(village_interfaces)
[23.280s] DEBUG:colcon.colcon_core.event_handler.log_command:Invoked command in '/home/amber/code/Notes/Ros/ros_learn/town_ws/build/village_interfaces' returned '0': CMAKE_PREFIX_PATH=${CMAKE_PREFIX_PATH}:/home/amber/code/Notes/Ros/ros_learn/town_ws/install/village_li:/opt/ros/foxy /usr/bin/cmake --install /home/amber/code/Notes/Ros/ros_learn/town_ws/build/village_interfaces
[23.282s] Level 1:colcon.colcon_core.environment:checking '/home/amber/code/Notes/Ros/ros_learn/town_ws/install/village_interfaces' for CMake module files
[23.283s] Level 1:colcon.colcon_core.environment:checking '/home/amber/code/Notes/Ros/ros_learn/town_ws/install/village_interfaces' for CMake config files
[23.283s] Level 1:colcon.colcon_core.shell:create_environment_hook('village_interfaces', 'cmake_prefix_path')
[23.283s] INFO:colcon.colcon_core.shell:Creating environment hook '/home/amber/code/Notes/Ros/ros_learn/town_ws/install/village_interfaces/share/village_interfaces/hook/cmake_prefix_path.ps1'
[23.283s] INFO:colcon.colcon_core.shell:Creating environment descriptor '/home/amber/code/Notes/Ros/ros_learn/town_ws/install/village_interfaces/share/village_interfaces/hook/cmake_prefix_path.dsv'
[23.284s] INFO:colcon.colcon_core.shell:Creating environment hook '/home/amber/code/Notes/Ros/ros_learn/town_ws/install/village_interfaces/share/village_interfaces/hook/cmake_prefix_path.sh'
[23.284s] Level 1:colcon.colcon_core.environment:checking '/home/amber/code/Notes/Ros/ros_learn/town_ws/install/village_interfaces/lib'
[23.284s] Level 1:colcon.colcon_core.shell:create_environment_hook('village_interfaces', 'ld_library_path_lib')
[23.285s] INFO:colcon.colcon_core.shell:Creating environment hook '/home/amber/code/Notes/Ros/ros_learn/town_ws/install/village_interfaces/share/village_interfaces/hook/ld_library_path_lib.ps1'
[23.285s] INFO:colcon.colcon_core.shell:Creating environment descriptor '/home/amber/code/Notes/Ros/ros_learn/town_ws/install/village_interfaces/share/village_interfaces/hook/ld_library_path_lib.dsv'
[23.285s] INFO:colcon.colcon_core.shell:Creating environment hook '/home/amber/code/Notes/Ros/ros_learn/town_ws/install/village_interfaces/share/village_interfaces/hook/ld_library_path_lib.sh'
[23.285s] Level 1:colcon.colcon_core.environment:checking '/home/amber/code/Notes/Ros/ros_learn/town_ws/install/village_interfaces/bin'
[23.285s] Level 1:colcon.colcon_core.environment:checking '/home/amber/code/Notes/Ros/ros_learn/town_ws/install/village_interfaces/lib/pkgconfig/village_interfaces.pc'
[23.285s] Level 1:colcon.colcon_core.environment:checking '/home/amber/code/Notes/Ros/ros_learn/town_ws/install/village_interfaces/lib/python3.8/site-packages'
[23.285s] Level 1:colcon.colcon_core.shell:create_environment_hook('village_interfaces', 'pythonpath')
[23.285s] INFO:colcon.colcon_core.shell:Creating environment hook '/home/amber/code/Notes/Ros/ros_learn/town_ws/install/village_interfaces/share/village_interfaces/hook/pythonpath.ps1'
[23.286s] INFO:colcon.colcon_core.shell:Creating environment descriptor '/home/amber/code/Notes/Ros/ros_learn/town_ws/install/village_interfaces/share/village_interfaces/hook/pythonpath.dsv'
[23.286s] INFO:colcon.colcon_core.shell:Creating environment hook '/home/amber/code/Notes/Ros/ros_learn/town_ws/install/village_interfaces/share/village_interfaces/hook/pythonpath.sh'
[23.286s] INFO:colcon.colcon_core.shell:Creating package script '/home/amber/code/Notes/Ros/ros_learn/town_ws/install/village_interfaces/share/village_interfaces/package.ps1'
[23.287s] INFO:colcon.colcon_core.shell:Creating package descriptor '/home/amber/code/Notes/Ros/ros_learn/town_ws/install/village_interfaces/share/village_interfaces/package.dsv'
[23.287s] INFO:colcon.colcon_core.shell:Creating package script '/home/amber/code/Notes/Ros/ros_learn/town_ws/install/village_interfaces/share/village_interfaces/package.sh'
[23.288s] INFO:colcon.colcon_core.shell:Creating package script '/home/amber/code/Notes/Ros/ros_learn/town_ws/install/village_interfaces/share/village_interfaces/package.bash'
[23.288s] INFO:colcon.colcon_core.shell:Creating package script '/home/amber/code/Notes/Ros/ros_learn/town_ws/install/village_interfaces/share/village_interfaces/package.zsh'
[23.288s] Level 1:colcon.colcon_core.environment:create_file_with_runtime_dependencies(/home/amber/code/Notes/Ros/ros_learn/town_ws/install/village_interfaces/share/colcon-core/packages/village_interfaces)
[23.330s] Level 1:colcon.colcon_core.environment:create_environment_scripts_only(village_interfaces)
[23.331s] Level 1:colcon.colcon_core.environment:checking '/home/amber/code/Notes/Ros/ros_learn/town_ws/install/village_interfaces' for CMake module files
[23.331s] Level 1:colcon.colcon_core.environment:checking '/home/amber/code/Notes/Ros/ros_learn/town_ws/install/village_interfaces' for CMake config files
[23.331s] Level 1:colcon.colcon_core.shell:create_environment_hook('village_interfaces', 'cmake_prefix_path')
[23.332s] INFO:colcon.colcon_core.shell:Creating environment hook '/home/amber/code/Notes/Ros/ros_learn/town_ws/install/village_interfaces/share/village_interfaces/hook/cmake_prefix_path.ps1'
[23.332s] INFO:colcon.colcon_core.shell:Creating environment descriptor '/home/amber/code/Notes/Ros/ros_learn/town_ws/install/village_interfaces/share/village_interfaces/hook/cmake_prefix_path.dsv'
[23.332s] INFO:colcon.colcon_core.shell:Creating environment hook '/home/amber/code/Notes/Ros/ros_learn/town_ws/install/village_interfaces/share/village_interfaces/hook/cmake_prefix_path.sh'
[23.333s] Level 1:colcon.colcon_core.environment:checking '/home/amber/code/Notes/Ros/ros_learn/town_ws/install/village_interfaces/lib'
[23.333s] Level 1:colcon.colcon_core.shell:create_environment_hook('village_interfaces', 'ld_library_path_lib')
[23.333s] INFO:colcon.colcon_core.shell:Creating environment hook '/home/amber/code/Notes/Ros/ros_learn/town_ws/install/village_interfaces/share/village_interfaces/hook/ld_library_path_lib.ps1'
[23.333s] INFO:colcon.colcon_core.shell:Creating environment descriptor '/home/amber/code/Notes/Ros/ros_learn/town_ws/install/village_interfaces/share/village_interfaces/hook/ld_library_path_lib.dsv'
[23.333s] INFO:colcon.colcon_core.shell:Creating environment hook '/home/amber/code/Notes/Ros/ros_learn/town_ws/install/village_interfaces/share/village_interfaces/hook/ld_library_path_lib.sh'
[23.334s] Level 1:colcon.colcon_core.environment:checking '/home/amber/code/Notes/Ros/ros_learn/town_ws/install/village_interfaces/bin'
[23.334s] Level 1:colcon.colcon_core.environment:checking '/home/amber/code/Notes/Ros/ros_learn/town_ws/install/village_interfaces/lib/pkgconfig/village_interfaces.pc'
[23.334s] Level 1:colcon.colcon_core.environment:checking '/home/amber/code/Notes/Ros/ros_learn/town_ws/install/village_interfaces/lib/python3.8/site-packages'
[23.334s] Level 1:colcon.colcon_core.shell:create_environment_hook('village_interfaces', 'pythonpath')
[23.334s] INFO:colcon.colcon_core.shell:Creating environment hook '/home/amber/code/Notes/Ros/ros_learn/town_ws/install/village_interfaces/share/village_interfaces/hook/pythonpath.ps1'
[23.334s] INFO:colcon.colcon_core.shell:Creating environment descriptor '/home/amber/code/Notes/Ros/ros_learn/town_ws/install/village_interfaces/share/village_interfaces/hook/pythonpath.dsv'
[23.334s] INFO:colcon.colcon_core.shell:Creating environment hook '/home/amber/code/Notes/Ros/ros_learn/town_ws/install/village_interfaces/share/village_interfaces/hook/pythonpath.sh'
[23.335s] INFO:colcon.colcon_core.shell:Creating package script '/home/amber/code/Notes/Ros/ros_learn/town_ws/install/village_interfaces/share/village_interfaces/package.ps1'
[23.335s] INFO:colcon.colcon_core.shell:Creating package descriptor '/home/amber/code/Notes/Ros/ros_learn/town_ws/install/village_interfaces/share/village_interfaces/package.dsv'
[23.336s] INFO:colcon.colcon_core.shell:Creating package script '/home/amber/code/Notes/Ros/ros_learn/town_ws/install/village_interfaces/share/village_interfaces/package.sh'
[23.336s] INFO:colcon.colcon_core.shell:Creating package script '/home/amber/code/Notes/Ros/ros_learn/town_ws/install/village_interfaces/share/village_interfaces/package.bash'
[23.336s] INFO:colcon.colcon_core.shell:Creating package script '/home/amber/code/Notes/Ros/ros_learn/town_ws/install/village_interfaces/share/village_interfaces/package.zsh'
[23.336s] Level 1:colcon.colcon_core.environment:create_file_with_runtime_dependencies(/home/amber/code/Notes/Ros/ros_learn/town_ws/install/village_interfaces/share/colcon-core/packages/village_interfaces)
[23.336s] DEBUG:colcon.colcon_parallel_executor.executor.parallel:closing loop
[23.337s] DEBUG:colcon.colcon_parallel_executor.executor.parallel:loop closed
[23.337s] DEBUG:colcon.colcon_parallel_executor.executor.parallel:run_until_complete finished with '0'
[23.337s] DEBUG:colcon.colcon_core.event_reactor:joining thread
[23.340s] INFO:colcon.colcon_core.plugin_system:Skipping extension 'colcon_notification.desktop_notification.terminal_notifier': Not used on non-Darwin systems
[23.340s] INFO:colcon.colcon_core.plugin_system:Skipping extension 'colcon_notification.desktop_notification.win32': Not used on non-Windows systems
[23.340s] INFO:colcon.colcon_notification.desktop_notification:Sending desktop notification using 'notify2'
[23.350s] DEBUG:colcon.colcon_core.event_reactor:joined thread
[23.350s] INFO:colcon.colcon_core.shell:Creating prefix script '/home/amber/code/Notes/Ros/ros_learn/town_ws/install/local_setup.ps1'
[23.351s] INFO:colcon.colcon_core.shell:Creating prefix util module '/home/amber/code/Notes/Ros/ros_learn/town_ws/install/_local_setup_util_ps1.py'
[23.352s] INFO:colcon.colcon_core.shell:Creating prefix chain script '/home/amber/code/Notes/Ros/ros_learn/town_ws/install/setup.ps1'
[23.353s] INFO:colcon.colcon_core.shell:Creating prefix script '/home/amber/code/Notes/Ros/ros_learn/town_ws/install/local_setup.sh'
[23.353s] INFO:colcon.colcon_core.shell:Creating prefix util module '/home/amber/code/Notes/Ros/ros_learn/town_ws/install/_local_setup_util_sh.py'
[23.353s] INFO:colcon.colcon_core.shell:Creating prefix chain script '/home/amber/code/Notes/Ros/ros_learn/town_ws/install/setup.sh'
[23.354s] INFO:colcon.colcon_core.shell:Creating prefix script '/home/amber/code/Notes/Ros/ros_learn/town_ws/install/local_setup.bash'
[23.354s] INFO:colcon.colcon_core.shell:Creating prefix chain script '/home/amber/code/Notes/Ros/ros_learn/town_ws/install/setup.bash'
[23.355s] INFO:colcon.colcon_core.shell:Creating prefix script '/home/amber/code/Notes/Ros/ros_learn/town_ws/install/local_setup.zsh'
[23.355s] INFO:colcon.colcon_core.shell:Creating prefix chain script '/home/amber/code/Notes/Ros/ros_learn/town_ws/install/setup.zsh'
