[0.149s] Invoking command in '/home/amber/code/Notes/Ros/3_ros2_node/node_ws/build/cognition_node_c++': /usr/bin/cmake --build /home/amber/code/Notes/Ros/3_ros2_node/node_ws/build/cognition_node_c++ -- -j16 -l16
[0.166s] -- Found ament_cmake: 0.9.9 (/opt/ros/foxy/share/ament_cmake/cmake)
[0.180s] -- Using PYTHON_EXECUTABLE: /usr/bin/python3
[0.297s] -- Found rclcpp: 2.4.1 (/opt/ros/foxy/share/rclcpp/cmake)
[0.318s] -- Using all available rosidl_typesupport_c: rosidl_typesupport_connext_c;rosidl_typesupport_fastrtps_c;rosidl_typesupport_introspection_c
[0.320s] -- Found rosidl_adapter: 1.2.1 (/opt/ros/foxy/share/rosidl_adapter/cmake)
[0.322s] -- Found RTI Connext: /opt/rti.com/rti_connext_dds-5.3.1
[0.563s] -- Using all available rosidl_typesupport_cpp: rosidl_typesupport_connext_cpp;rosidl_typesupport_fastrtps_cpp;rosidl_typesupport_introspection_cpp
[0.594s] -- Found rmw_implementation_cmake: 1.0.3 (/opt/ros/foxy/share/rmw_implementation_cmake/cmake)
[0.595s] -- Using RMW implementation 'rmw_fastrtps_cpp' as default
[0.683s] -- Found ament_lint_auto: 0.9.6 (/opt/ros/foxy/share/ament_lint_auto/cmake)
[0.685s] -- Configuring done
[0.689s] -- Generating done
[0.690s] -- Build files have been written to: /home/amber/code/Notes/Ros/3_ros2_node/node_ws/build/cognition_node_c++
[0.719s] [100%] Built target cognition_node_c++
[0.726s] Invoked command in '/home/amber/code/Notes/Ros/3_ros2_node/node_ws/build/cognition_node_c++' returned '0': /usr/bin/cmake --build /home/amber/code/Notes/Ros/3_ros2_node/node_ws/build/cognition_node_c++ -- -j16 -l16
[0.753s] Invoking command in '/home/amber/code/Notes/Ros/3_ros2_node/node_ws/build/cognition_node_c++': /usr/bin/cmake --install /home/amber/code/Notes/Ros/3_ros2_node/node_ws/build/cognition_node_c++
[0.760s] -- Install configuration: ""
[0.760s] -- Up-to-date: /home/amber/code/Notes/Ros/3_ros2_node/node_ws/install/cognition_node_c++/lib/cognition_node_c++/cognition_node_c++
[0.763s] Invoked command in '/home/amber/code/Notes/Ros/3_ros2_node/node_ws/build/cognition_node_c++' returned '0': /usr/bin/cmake --install /home/amber/code/Notes/Ros/3_ros2_node/node_ws/build/cognition_node_c++
