[0.150s] Invoking command in '/home/amber/code/Notes/Ros/ros_learn/town_ws/build/village_wang': CMAKE_PREFIX_PATH=/home/amber/code/Notes/Ros/ros_learn/town_ws/install/village_li:/opt/ros/foxy CONDA_PROMPT_MODIFIER=(tensorflow) /usr/bin/cmake /home/amber/code/Notes/Ros/ros_learn/town_ws/src/village_wang -DCMAKE_INSTALL_PREFIX=/home/amber/code/Notes/Ros/ros_learn/town_ws/install/village_wang
[0.159s] -- Found ament_cmake: 0.9.9 (/opt/ros/foxy/share/ament_cmake/cmake)
[0.173s] -- Using PYTHON_EXECUTABLE: /home/amber/anaconda3/envs/tensorflow/bin/python3
[0.267s] -- Found rclcpp: 2.4.1 (/opt/ros/foxy/share/rclcpp/cmake)
[0.287s] -- Using all available rosidl_typesupport_c: rosidl_typesupport_connext_c;rosidl_typesupport_fastrtps_c;rosidl_typesupport_introspection_c
[0.289s] -- Found rosidl_adapter: 1.2.1 (/opt/ros/foxy/share/rosidl_adapter/cmake)
[0.291s] -- Found RTI Connext: /opt/rti.com/rti_connext_dds-5.3.1
[0.535s] -- Using all available rosidl_typesupport_cpp: rosidl_typesupport_connext_cpp;rosidl_typesupport_fastrtps_cpp;rosidl_typesupport_introspection_cpp
[0.565s] -- Found rmw_implementation_cmake: 1.0.3 (/opt/ros/foxy/share/rmw_implementation_cmake/cmake)
[0.566s] -- Using RMW implementation 'rmw_fastrtps_cpp' as default
[0.657s] -- Found ament_lint_auto: 0.9.6 (/opt/ros/foxy/share/ament_lint_auto/cmake)
[0.658s] -- Configuring done
[0.662s] -- Generating done
[0.662s] -- Build files have been written to: /home/amber/code/Notes/Ros/ros_learn/town_ws/build/village_wang
[0.667s] Invoked command in '/home/amber/code/Notes/Ros/ros_learn/town_ws/build/village_wang' returned '0': CMAKE_PREFIX_PATH=/home/amber/code/Notes/Ros/ros_learn/town_ws/install/village_li:/opt/ros/foxy CONDA_PROMPT_MODIFIER=(tensorflow) /usr/bin/cmake /home/amber/code/Notes/Ros/ros_learn/town_ws/src/village_wang -DCMAKE_INSTALL_PREFIX=/home/amber/code/Notes/Ros/ros_learn/town_ws/install/village_wang
[0.668s] Invoking command in '/home/amber/code/Notes/Ros/ros_learn/town_ws/build/village_wang': CMAKE_PREFIX_PATH=/home/amber/code/Notes/Ros/ros_learn/town_ws/install/village_li:/opt/ros/foxy CONDA_PROMPT_MODIFIER=(tensorflow) /usr/bin/cmake --build /home/amber/code/Notes/Ros/ros_learn/town_ws/build/village_wang -- -j16 -l16
[0.695s] [35m[1mScanning dependencies of target wang2_node[0m
[0.717s] [ 50%] [32mBuilding CXX object CMakeFiles/wang2_node.dir/src/wang2.cpp.o[0m
[1.744s] [100%] [32m[1mLinking CXX executable wang2_node[0m
[1.808s] [100%] Built target wang2_node
[1.815s] Invoked command in '/home/amber/code/Notes/Ros/ros_learn/town_ws/build/village_wang' returned '0': CMAKE_PREFIX_PATH=/home/amber/code/Notes/Ros/ros_learn/town_ws/install/village_li:/opt/ros/foxy CONDA_PROMPT_MODIFIER=(tensorflow) /usr/bin/cmake --build /home/amber/code/Notes/Ros/ros_learn/town_ws/build/village_wang -- -j16 -l16
[1.854s] Invoking command in '/home/amber/code/Notes/Ros/ros_learn/town_ws/build/village_wang': CMAKE_PREFIX_PATH=/home/amber/code/Notes/Ros/ros_learn/town_ws/install/village_li:/opt/ros/foxy CONDA_PROMPT_MODIFIER=(tensorflow) /usr/bin/cmake --install /home/amber/code/Notes/Ros/ros_learn/town_ws/build/village_wang
[1.862s] -- Install configuration: ""
[1.862s] -- Installing: /home/amber/code/Notes/Ros/ros_learn/town_ws/install/village_wang/lib/village_wang/wang2_node
[1.862s] -- Set runtime path of "/home/amber/code/Notes/Ros/ros_learn/town_ws/install/village_wang/lib/village_wang/wang2_node" to ""
[1.864s] Invoked command in '/home/amber/code/Notes/Ros/ros_learn/town_ws/build/village_wang' returned '0': CMAKE_PREFIX_PATH=/home/amber/code/Notes/Ros/ros_learn/town_ws/install/village_li:/opt/ros/foxy CONDA_PROMPT_MODIFIER=(tensorflow) /usr/bin/cmake --install /home/amber/code/Notes/Ros/ros_learn/town_ws/build/village_wang
