-- Found ament_cmake: 0.9.9 (/opt/ros/foxy/share/ament_cmake/cmake)
-- Using PYTHON_EXECUTABLE: /home/amber/anaconda3/envs/tensorflow/bin/python3
-- Found rclcpp: 2.4.1 (/opt/ros/foxy/share/rclcpp/cmake)
-- Using all available rosidl_typesupport_c: rosidl_typesupport_connext_c;rosidl_typesupport_fastrtps_c;rosidl_typesupport_introspection_c
-- Found rosidl_adapter: 1.2.1 (/opt/ros/foxy/share/rosidl_adapter/cmake)
-- Found RTI Connext: /opt/rti.com/rti_connext_dds-5.3.1
-- Using all available rosidl_typesupport_cpp: rosidl_typesupport_connext_cpp;rosidl_typesupport_fastrtps_cpp;rosidl_typesupport_introspection_cpp
-- Found rmw_implementation_cmake: 1.0.3 (/opt/ros/foxy/share/rmw_implementation_cmake/cmake)
-- Using RMW implementation 'rmw_fastrtps_cpp' as default
-- Found ament_lint_auto: 0.9.6 (/opt/ros/foxy/share/ament_lint_auto/cmake)
-- Added test 'copyright' to check source files copyright and LICENSE
-- Added test 'cppcheck' to perform static code analysis on C / C++ code
-- Configured cppcheck include dirs: 
-- Configured cppcheck exclude dirs and/or files: 
-- Added test 'cpplint' to check C / C++ code against the Google style
-- Configured cpplint exclude dirs and/or files: 
-- Added test 'lint_cmake' to check CMake code style
-- Added test 'uncrustify' to check C / C++ code style
-- Configured uncrustify additional arguments: 
-- Added test 'xmllint' to check XML markup files
-- Configuring done
-- Generating done
-- Build files have been written to: /home/amber/code/Notes/Ros/ros_learn/town_ws/build/village_wang
[35m[1mScanning dependencies of target wang2_node[0m
[ 50%] [32mBuilding CXX object CMakeFiles/wang2_node.dir/src/wang2.cpp.o[0m
[01m[K/home/amber/code/Notes/Ros/ros_learn/town_ws/src/village_wang/src/wang2.cpp:2:14:[m[K [01;31m[Kerror: [m[Ktoken ";" is not valid in preprocessor expressions
    2 | #define oop 0[01;31m[K;[m[K
      |              [01;31m[K^[m[K
[01m[K/home/amber/code/Notes/Ros/ros_learn/town_ws/src/village_wang/src/wang2.cpp:4:5:[m[K [01;36m[Knote: [m[Kin expansion of macro ‘[01m[Koop[m[K’
    4 | #if [01;36m[Koop[m[K
      |     [01;36m[K^~~[m[K
make[2]: *** [CMakeFiles/wang2_node.dir/build.make:63：CMakeFiles/wang2_node.dir/src/wang2.cpp.o] 错误 1
make[1]: *** [CMakeFiles/Makefile2:78：CMakeFiles/wang2_node.dir/all] 错误 2
make: *** [Makefile:141：all] 错误 2
