[0.150s] Invoking command in '/home/amber/code/Notes/Ros/ros_learn/town_ws/build/village_wang': CMAKE_PREFIX_PATH=/home/amber/code/Notes/Ros/ros_learn/town_ws/install/village_li:/opt/ros/foxy CONDA_PROMPT_MODIFIER=(tensorflow) /usr/bin/cmake --build /home/amber/code/Notes/Ros/ros_learn/town_ws/build/village_wang -- -j16 -l16
[0.165s] -- Found ament_cmake: 0.9.9 (/opt/ros/foxy/share/ament_cmake/cmake)
[0.179s] -- Using PYTHON_EXECUTABLE: /home/amber/anaconda3/envs/tensorflow/bin/python3
[0.274s] -- Found rclcpp: 2.4.1 (/opt/ros/foxy/share/rclcpp/cmake)
[0.295s] -- Using all available rosidl_typesupport_c: rosidl_typesupport_connext_c;rosidl_typesupport_fastrtps_c;rosidl_typesupport_introspection_c
[0.297s] -- Found rosidl_adapter: 1.2.1 (/opt/ros/foxy/share/rosidl_adapter/cmake)
[0.299s] -- Found RTI Connext: /opt/rti.com/rti_connext_dds-5.3.1
[0.542s] -- Using all available rosidl_typesupport_cpp: rosidl_typesupport_connext_cpp;rosidl_typesupport_fastrtps_cpp;rosidl_typesupport_introspection_cpp
[0.572s] -- Found rmw_implementation_cmake: 1.0.3 (/opt/ros/foxy/share/rmw_implementation_cmake/cmake)
[0.572s] -- Using RMW implementation 'rmw_fastrtps_cpp' as default
[0.661s] -- Found ament_lint_auto: 0.9.6 (/opt/ros/foxy/share/ament_lint_auto/cmake)
[0.747s] -- Added test 'copyright' to check source files copyright and LICENSE
[0.748s] -- Added test 'cppcheck' to perform static code analysis on C / C++ code
[0.748s] -- Configured cppcheck include dirs: 
[0.748s] -- Configured cppcheck exclude dirs and/or files: 
[0.748s] -- Added test 'cpplint' to check C / C++ code against the Google style
[0.748s] -- Configured cpplint exclude dirs and/or files: 
[0.749s] -- Added test 'lint_cmake' to check CMake code style
[0.749s] -- Added test 'uncrustify' to check C / C++ code style
[0.749s] -- Configured uncrustify additional arguments: 
[0.750s] -- Added test 'xmllint' to check XML markup files
[0.752s] -- Configuring done
[0.757s] -- Generating done
[0.758s] -- Build files have been written to: /home/amber/code/Notes/Ros/ros_learn/town_ws/build/village_wang
[0.775s] [35m[1mScanning dependencies of target wang2_node[0m
[0.793s] [ 50%] [32mBuilding CXX object CMakeFiles/wang2_node.dir/src/wang2.cpp.o[0m
[0.853s] [01m[K/home/amber/code/Notes/Ros/ros_learn/town_ws/src/village_wang/src/wang2.cpp:2:14:[m[K [01;31m[Kerror: [m[Ktoken ";" is not valid in preprocessor expressions
[0.853s]     2 | #define oop 0[01;31m[K;[m[K
[0.853s]       |              [01;31m[K^[m[K
[0.853s] [01m[K/home/amber/code/Notes/Ros/ros_learn/town_ws/src/village_wang/src/wang2.cpp:4:5:[m[K [01;36m[Knote: [m[Kin expansion of macro ‘[01m[Koop[m[K’
[0.853s]     4 | #if [01;36m[Koop[m[K
[0.853s]       |     [01;36m[K^~~[m[K
[1.746s] make[2]: *** [CMakeFiles/wang2_node.dir/build.make:63：CMakeFiles/wang2_node.dir/src/wang2.cpp.o] 错误 1
[1.746s] make[1]: *** [CMakeFiles/Makefile2:78：CMakeFiles/wang2_node.dir/all] 错误 2
[1.747s] make: *** [Makefile:141：all] 错误 2
[1.749s] Invoked command in '/home/amber/code/Notes/Ros/ros_learn/town_ws/build/village_wang' returned '2': CMAKE_PREFIX_PATH=/home/amber/code/Notes/Ros/ros_learn/town_ws/install/village_li:/opt/ros/foxy CONDA_PROMPT_MODIFIER=(tensorflow) /usr/bin/cmake --build /home/amber/code/Notes/Ros/ros_learn/town_ws/build/village_wang -- -j16 -l16
