[0.086s] DEBUG:colcon:Command line arguments: ['/usr/bin/colcon', 'build']
[0.086s] DEBUG:colcon:Parsed command line arguments: Namespace(allow_overriding=[], ament_cmake_args=None, base_paths=['.'], build_base='build', catkin_cmake_args=None, catkin_skip_building_tests=False, cmake_args=None, cmake_clean_cache=False, cmake_clean_first=False, cmake_force_configure=False, cmake_target=None, cmake_target_skip_unavailable=False, continue_on_error=False, event_handlers=None, executor='parallel', ignore_user_meta=False, install_base='install', log_base=None, log_level=None, main=<bound method BuildVerb.main of <colcon_core.verb.build.BuildVerb object at 0x7fad666bea00>>, merge_install=False, metas=['./colcon.meta'], packages_above=None, packages_above_and_dependencies=None, packages_above_depth=None, packages_end=None, packages_ignore=None, packages_ignore_regex=None, packages_select=None, packages_select_build_failed=False, packages_select_by_dep=None, packages_select_regex=None, packages_select_test_failures=False, packages_skip=None, packages_skip_build_finished=False, packages_skip_by_dep=None, packages_skip_regex=None, packages_skip_test_passed=False, packages_skip_up_to=None, packages_start=None, packages_up_to=None, packages_up_to_regex=None, parallel_workers=16, paths=None, symlink_install=False, test_result_base=None, verb_extension=<colcon_core.verb.build.BuildVerb object at 0x7fad666bea00>, verb_name='build', verb_parser=<colcon_defaults.argument_parser.defaults.DefaultArgumentsDecorator object at 0x7fad666bef70>)
[0.088s] Level 1:colcon.colcon_core.package_discovery:discover_packages(colcon_meta) check parameters
[0.088s] Level 1:colcon.colcon_core.package_discovery:discover_packages(recursive) check parameters
[0.088s] Level 1:colcon.colcon_core.package_discovery:discover_packages(ignore) check parameters
[0.088s] Level 1:colcon.colcon_core.package_discovery:discover_packages(path) check parameters
[0.088s] Level 1:colcon.colcon_core.package_discovery:discover_packages(colcon_meta) discover
[0.088s] Level 1:colcon.colcon_core.package_discovery:discover_packages(recursive) discover
[0.089s] INFO:colcon.colcon_core.package_discovery:Crawling recursively for packages in '/home/amber/code/Notes/Ros/3_ros2_node/node_ws'
[0.089s] Level 1:colcon.colcon_core.package_identification:_identify(.) by extensions ['ignore', 'ignore_ament_install']
[0.089s] Level 1:colcon.colcon_core.package_identification:_identify(.) by extension 'ignore'
[0.089s] Level 1:colcon.colcon_core.package_identification:_identify(.) by extension 'ignore_ament_install'
[0.089s] Level 1:colcon.colcon_core.package_identification:_identify(.) by extensions ['colcon_pkg']
[0.089s] Level 1:colcon.colcon_core.package_identification:_identify(.) by extension 'colcon_pkg'
[0.089s] Level 1:colcon.colcon_core.package_identification:_identify(.) by extensions ['colcon_meta']
[0.089s] Level 1:colcon.colcon_core.package_identification:_identify(.) by extension 'colcon_meta'
[0.089s] Level 1:colcon.colcon_core.package_identification:_identify(.) by extensions ['ros']
[0.089s] Level 1:colcon.colcon_core.package_identification:_identify(.) by extension 'ros'
[0.096s] Level 1:colcon.colcon_core.package_identification:_identify(.) by extensions ['cmake', 'python']
[0.096s] Level 1:colcon.colcon_core.package_identification:_identify(.) by extension 'cmake'
[0.096s] Level 1:colcon.colcon_core.package_identification:_identify(.) by extension 'python'
[0.096s] Level 1:colcon.colcon_core.package_identification:_identify(.) by extensions ['python_setup_py']
[0.096s] Level 1:colcon.colcon_core.package_identification:_identify(.) by extension 'python_setup_py'
[0.096s] Level 1:colcon.colcon_core.package_identification:_identify(build) by extensions ['ignore', 'ignore_ament_install']
[0.096s] Level 1:colcon.colcon_core.package_identification:_identify(build) by extension 'ignore'
[0.096s] Level 1:colcon.colcon_core.package_identification:_identify(build) ignored
[0.096s] Level 1:colcon.colcon_core.package_identification:_identify(install) by extensions ['ignore', 'ignore_ament_install']
[0.096s] Level 1:colcon.colcon_core.package_identification:_identify(install) by extension 'ignore'
[0.096s] Level 1:colcon.colcon_core.package_identification:_identify(install) ignored
[0.096s] Level 1:colcon.colcon_core.package_identification:_identify(log) by extensions ['ignore', 'ignore_ament_install']
[0.096s] Level 1:colcon.colcon_core.package_identification:_identify(log) by extension 'ignore'
[0.096s] Level 1:colcon.colcon_core.package_identification:_identify(log) ignored
[0.096s] Level 1:colcon.colcon_core.package_identification:_identify(src) by extensions ['ignore', 'ignore_ament_install']
[0.096s] Level 1:colcon.colcon_core.package_identification:_identify(src) by extension 'ignore'
[0.096s] Level 1:colcon.colcon_core.package_identification:_identify(src) by extension 'ignore_ament_install'
[0.096s] Level 1:colcon.colcon_core.package_identification:_identify(src) by extensions ['colcon_pkg']
[0.096s] Level 1:colcon.colcon_core.package_identification:_identify(src) by extension 'colcon_pkg'
[0.096s] Level 1:colcon.colcon_core.package_identification:_identify(src) by extensions ['colcon_meta']
[0.096s] Level 1:colcon.colcon_core.package_identification:_identify(src) by extension 'colcon_meta'
[0.097s] Level 1:colcon.colcon_core.package_identification:_identify(src) by extensions ['ros']
[0.097s] Level 1:colcon.colcon_core.package_identification:_identify(src) by extension 'ros'
[0.097s] Level 1:colcon.colcon_core.package_identification:_identify(src) by extensions ['cmake', 'python']
[0.097s] Level 1:colcon.colcon_core.package_identification:_identify(src) by extension 'cmake'
[0.097s] Level 1:colcon.colcon_core.package_identification:_identify(src) by extension 'python'
[0.097s] Level 1:colcon.colcon_core.package_identification:_identify(src) by extensions ['python_setup_py']
[0.097s] Level 1:colcon.colcon_core.package_identification:_identify(src) by extension 'python_setup_py'
[0.097s] Level 1:colcon.colcon_core.package_identification:_identify(src/cognition_node) by extensions ['ignore', 'ignore_ament_install']
[0.097s] Level 1:colcon.colcon_core.package_identification:_identify(src/cognition_node) by extension 'ignore'
[0.097s] Level 1:colcon.colcon_core.package_identification:_identify(src/cognition_node) by extension 'ignore_ament_install'
[0.097s] Level 1:colcon.colcon_core.package_identification:_identify(src/cognition_node) by extensions ['colcon_pkg']
[0.097s] Level 1:colcon.colcon_core.package_identification:_identify(src/cognition_node) by extension 'colcon_pkg'
[0.097s] Level 1:colcon.colcon_core.package_identification:_identify(src/cognition_node) by extensions ['colcon_meta']
[0.097s] Level 1:colcon.colcon_core.package_identification:_identify(src/cognition_node) by extension 'colcon_meta'
[0.097s] Level 1:colcon.colcon_core.package_identification:_identify(src/cognition_node) by extensions ['ros']
[0.097s] Level 1:colcon.colcon_core.package_identification:_identify(src/cognition_node) by extension 'ros'
[0.098s] DEBUG:colcon.colcon_core.package_identification:Package 'src/cognition_node' with type 'ros.ament_python' and name 'cognition_node'
[0.098s] Level 1:colcon.colcon_core.package_identification:_identify(src/cognition_node_c++) by extensions ['ignore', 'ignore_ament_install']
[0.099s] Level 1:colcon.colcon_core.package_identification:_identify(src/cognition_node_c++) by extension 'ignore'
[0.099s] Level 1:colcon.colcon_core.package_identification:_identify(src/cognition_node_c++) by extension 'ignore_ament_install'
[0.099s] Level 1:colcon.colcon_core.package_identification:_identify(src/cognition_node_c++) by extensions ['colcon_pkg']
[0.099s] Level 1:colcon.colcon_core.package_identification:_identify(src/cognition_node_c++) by extension 'colcon_pkg'
[0.099s] Level 1:colcon.colcon_core.package_identification:_identify(src/cognition_node_c++) by extensions ['colcon_meta']
[0.099s] Level 1:colcon.colcon_core.package_identification:_identify(src/cognition_node_c++) by extension 'colcon_meta'
[0.099s] Level 1:colcon.colcon_core.package_identification:_identify(src/cognition_node_c++) by extensions ['ros']
[0.099s] Level 1:colcon.colcon_core.package_identification:_identify(src/cognition_node_c++) by extension 'ros'
[0.099s] DEBUG:colcon.colcon_core.package_identification:Found ROS schema reference in package manifest in 'src/cognition_node_c++'
[0.099s] WARNING:colcon.colcon_core.package_identification:Failed to parse ROS package manifest in 'src/cognition_node_c++': Error(s) in package 'src/cognition_node_c++/package.xml':
Package name "cognition_node_c++" does not follow naming conventions
[0.099s] Level 1:colcon.colcon_core.package_identification:_identify(src/cognition_node_c++) by extensions ['cmake', 'python']
[0.099s] Level 1:colcon.colcon_core.package_identification:_identify(src/cognition_node_c++) by extension 'cmake'
[0.100s] Level 1:colcon.colcon_core.package_identification:_identify(src/cognition_node_c++) by extension 'python'
[0.100s] DEBUG:colcon.colcon_core.package_identification:Package 'src/cognition_node_c++' with type 'cmake' and name 'cognition_node_c++'
[0.100s] Level 1:colcon.colcon_core.package_discovery:discover_packages(recursive) using defaults
[0.100s] Level 1:colcon.colcon_core.package_discovery:discover_packages(ignore) discover
[0.100s] Level 1:colcon.colcon_core.package_discovery:discover_packages(ignore) using defaults
[0.100s] Level 1:colcon.colcon_core.package_discovery:discover_packages(path) discover
[0.100s] Level 1:colcon.colcon_core.package_discovery:discover_packages(path) using defaults
[0.112s] Level 5:colcon.colcon_core.verb:set package 'cognition_node' build argument 'cmake_args' from command line to 'None'
[0.112s] Level 5:colcon.colcon_core.verb:set package 'cognition_node' build argument 'cmake_target' from command line to 'None'
[0.112s] Level 5:colcon.colcon_core.verb:set package 'cognition_node' build argument 'cmake_target_skip_unavailable' from command line to 'False'
[0.112s] Level 5:colcon.colcon_core.verb:set package 'cognition_node' build argument 'cmake_clean_cache' from command line to 'False'
[0.112s] Level 5:colcon.colcon_core.verb:set package 'cognition_node' build argument 'cmake_clean_first' from command line to 'False'
[0.112s] Level 5:colcon.colcon_core.verb:set package 'cognition_node' build argument 'cmake_force_configure' from command line to 'False'
[0.112s] Level 5:colcon.colcon_core.verb:set package 'cognition_node' build argument 'ament_cmake_args' from command line to 'None'
[0.112s] Level 5:colcon.colcon_core.verb:set package 'cognition_node' build argument 'catkin_cmake_args' from command line to 'None'
[0.112s] Level 5:colcon.colcon_core.verb:set package 'cognition_node' build argument 'catkin_skip_building_tests' from command line to 'False'
[0.113s] DEBUG:colcon.colcon_core.verb:Building package 'cognition_node' with the following arguments: {'ament_cmake_args': None, 'build_base': '/home/amber/code/Notes/Ros/3_ros2_node/node_ws/build/cognition_node', 'catkin_cmake_args': None, 'catkin_skip_building_tests': False, 'cmake_args': None, 'cmake_clean_cache': False, 'cmake_clean_first': False, 'cmake_force_configure': False, 'cmake_target': None, 'cmake_target_skip_unavailable': False, 'install_base': '/home/amber/code/Notes/Ros/3_ros2_node/node_ws/install/cognition_node', 'merge_install': False, 'path': '/home/amber/code/Notes/Ros/3_ros2_node/node_ws/src/cognition_node', 'symlink_install': False, 'test_result_base': None}
[0.113s] Level 5:colcon.colcon_core.verb:set package 'cognition_node_c++' build argument 'cmake_args' from command line to 'None'
[0.113s] Level 5:colcon.colcon_core.verb:set package 'cognition_node_c++' build argument 'cmake_target' from command line to 'None'
[0.113s] Level 5:colcon.colcon_core.verb:set package 'cognition_node_c++' build argument 'cmake_target_skip_unavailable' from command line to 'False'
[0.113s] Level 5:colcon.colcon_core.verb:set package 'cognition_node_c++' build argument 'cmake_clean_cache' from command line to 'False'
[0.113s] Level 5:colcon.colcon_core.verb:set package 'cognition_node_c++' build argument 'cmake_clean_first' from command line to 'False'
[0.113s] Level 5:colcon.colcon_core.verb:set package 'cognition_node_c++' build argument 'cmake_force_configure' from command line to 'False'
[0.113s] Level 5:colcon.colcon_core.verb:set package 'cognition_node_c++' build argument 'ament_cmake_args' from command line to 'None'
[0.113s] Level 5:colcon.colcon_core.verb:set package 'cognition_node_c++' build argument 'catkin_cmake_args' from command line to 'None'
[0.113s] Level 5:colcon.colcon_core.verb:set package 'cognition_node_c++' build argument 'catkin_skip_building_tests' from command line to 'False'
[0.113s] DEBUG:colcon.colcon_core.verb:Building package 'cognition_node_c++' with the following arguments: {'ament_cmake_args': None, 'build_base': '/home/amber/code/Notes/Ros/3_ros2_node/node_ws/build/cognition_node_c++', 'catkin_cmake_args': None, 'catkin_skip_building_tests': False, 'cmake_args': None, 'cmake_clean_cache': False, 'cmake_clean_first': False, 'cmake_force_configure': False, 'cmake_target': None, 'cmake_target_skip_unavailable': False, 'install_base': '/home/amber/code/Notes/Ros/3_ros2_node/node_ws/install/cognition_node_c++', 'merge_install': False, 'path': '/home/amber/code/Notes/Ros/3_ros2_node/node_ws/src/cognition_node_c++', 'symlink_install': False, 'test_result_base': None}
[0.115s] WARNING:colcon.colcon_core.verb:Some selected packages are already built in one or more underlay workspaces:
	'cognition_node' is in: /home/amber/code/Notes/Ros/3_ros2_node/node_ws/install/cognition_node
	'cognition_node_c++' is in: /home/amber/code/Notes/Ros/3_ros2_node/node_ws/install/cognition_node_c++
If a package in a merged underlay workspace is overridden and it installs headers, then all packages in the overlay must sort their include directories by workspace order. Failure to do so may result in build failures or undefined behavior at run time.
If the overridden package is used by another package in any underlay, then the overriding package in the overlay must be API and ABI compatible or undefined behavior at run time may occur.

If you understand the risks and want to override a package anyways, add the following to the command line:
	--allow-overriding cognition_node cognition_node_c++

This may be promoted to an error in a future release of colcon-core.
[0.116s] INFO:colcon.colcon_core.executor:Executing jobs using 'parallel' executor
[0.117s] DEBUG:colcon.colcon_parallel_executor.executor.parallel:run_until_complete
[0.117s] INFO:colcon.colcon_ros.task.ament_python.build:Building ROS package in '/home/amber/code/Notes/Ros/3_ros2_node/node_ws/src/cognition_node' with build type 'ament_python'
[0.117s] Level 1:colcon.colcon_core.shell:create_environment_hook('cognition_node', 'ament_prefix_path')
[0.120s] INFO:colcon.colcon_core.plugin_system:Skipping extension 'colcon_core.shell.bat': Not used on non-Windows systems
[0.120s] INFO:colcon.colcon_core.shell:Creating environment hook '/home/amber/code/Notes/Ros/3_ros2_node/node_ws/install/cognition_node/share/cognition_node/hook/ament_prefix_path.ps1'
[0.120s] INFO:colcon.colcon_core.shell:Creating environment descriptor '/home/amber/code/Notes/Ros/3_ros2_node/node_ws/install/cognition_node/share/cognition_node/hook/ament_prefix_path.dsv'
[0.121s] INFO:colcon.colcon_core.shell:Creating environment hook '/home/amber/code/Notes/Ros/3_ros2_node/node_ws/install/cognition_node/share/cognition_node/hook/ament_prefix_path.sh'
[0.121s] INFO:colcon.colcon_core.shell:Skip shell extension 'powershell' for command environment: Not usable outside of PowerShell
[0.121s] DEBUG:colcon.colcon_core.shell:Skip shell extension 'dsv' for command environment
[0.125s] INFO:colcon.colcon_cmake.task.cmake.build:Building CMake package in '/home/amber/code/Notes/Ros/3_ros2_node/node_ws/src/cognition_node_c++'
[0.125s] INFO:colcon.colcon_core.shell:Skip shell extension 'powershell' for command environment: Not usable outside of PowerShell
[0.125s] DEBUG:colcon.colcon_core.shell:Skip shell extension 'dsv' for command environment
[0.267s] INFO:colcon.colcon_core.task.python.build:Building Python package in '/home/amber/code/Notes/Ros/3_ros2_node/node_ws/src/cognition_node'
[0.268s] INFO:colcon.colcon_core.shell:Skip shell extension 'powershell' for command environment: Not usable outside of PowerShell
[0.268s] DEBUG:colcon.colcon_core.shell:Skip shell extension 'dsv' for command environment
[0.274s] DEBUG:colcon.colcon_core.event_handler.log_command:Invoking command in '/home/amber/code/Notes/Ros/3_ros2_node/node_ws/build/cognition_node_c++': /usr/bin/cmake --build /home/amber/code/Notes/Ros/3_ros2_node/node_ws/build/cognition_node_c++ -- -j16 -l16
[0.602s] DEBUG:colcon.colcon_core.event_handler.log_command:Invoking command in '/home/amber/code/Notes/Ros/3_ros2_node/node_ws/src/cognition_node': PYTHONPATH=/home/amber/code/Notes/Ros/3_ros2_node/node_ws/install/cognition_node/lib/python3.8/site-packages:${PYTHONPATH} /usr/bin/python3 setup.py egg_info --egg-base ../../build/cognition_node build --build-base /home/amber/code/Notes/Ros/3_ros2_node/node_ws/build/cognition_node/build install --prefix /home/amber/code/Notes/Ros/3_ros2_node/node_ws/install/cognition_node --record /home/amber/code/Notes/Ros/3_ros2_node/node_ws/build/cognition_node/install.log --single-version-externally-managed
[0.782s] DEBUG:colcon.colcon_core.event_handler.log_command:Invoked command in '/home/amber/code/Notes/Ros/3_ros2_node/node_ws/src/cognition_node' returned '0': PYTHONPATH=/home/amber/code/Notes/Ros/3_ros2_node/node_ws/install/cognition_node/lib/python3.8/site-packages:${PYTHONPATH} /usr/bin/python3 setup.py egg_info --egg-base ../../build/cognition_node build --build-base /home/amber/code/Notes/Ros/3_ros2_node/node_ws/build/cognition_node/build install --prefix /home/amber/code/Notes/Ros/3_ros2_node/node_ws/install/cognition_node --record /home/amber/code/Notes/Ros/3_ros2_node/node_ws/build/cognition_node/install.log --single-version-externally-managed
[0.785s] Level 1:colcon.colcon_core.environment:checking '/home/amber/code/Notes/Ros/3_ros2_node/node_ws/install/cognition_node' for CMake module files
[0.785s] Level 1:colcon.colcon_core.environment:checking '/home/amber/code/Notes/Ros/3_ros2_node/node_ws/install/cognition_node' for CMake config files
[0.785s] Level 1:colcon.colcon_core.environment:checking '/home/amber/code/Notes/Ros/3_ros2_node/node_ws/install/cognition_node/lib'
[0.786s] Level 1:colcon.colcon_core.environment:checking '/home/amber/code/Notes/Ros/3_ros2_node/node_ws/install/cognition_node/bin'
[0.786s] Level 1:colcon.colcon_core.environment:checking '/home/amber/code/Notes/Ros/3_ros2_node/node_ws/install/cognition_node/lib/pkgconfig/cognition_node.pc'
[0.786s] Level 1:colcon.colcon_core.environment:checking '/home/amber/code/Notes/Ros/3_ros2_node/node_ws/install/cognition_node/lib/python3.8/site-packages'
[0.786s] Level 1:colcon.colcon_core.shell:create_environment_hook('cognition_node', 'pythonpath')
[0.786s] INFO:colcon.colcon_core.shell:Creating environment hook '/home/amber/code/Notes/Ros/3_ros2_node/node_ws/install/cognition_node/share/cognition_node/hook/pythonpath.ps1'
[0.786s] INFO:colcon.colcon_core.shell:Creating environment descriptor '/home/amber/code/Notes/Ros/3_ros2_node/node_ws/install/cognition_node/share/cognition_node/hook/pythonpath.dsv'
[0.787s] INFO:colcon.colcon_core.shell:Creating environment hook '/home/amber/code/Notes/Ros/3_ros2_node/node_ws/install/cognition_node/share/cognition_node/hook/pythonpath.sh'
[0.787s] Level 1:colcon.colcon_core.environment:create_environment_scripts_only(cognition_node)
[0.787s] INFO:colcon.colcon_core.shell:Creating package script '/home/amber/code/Notes/Ros/3_ros2_node/node_ws/install/cognition_node/share/cognition_node/package.ps1'
[0.788s] INFO:colcon.colcon_core.shell:Creating package descriptor '/home/amber/code/Notes/Ros/3_ros2_node/node_ws/install/cognition_node/share/cognition_node/package.dsv'
[0.788s] INFO:colcon.colcon_core.shell:Creating package script '/home/amber/code/Notes/Ros/3_ros2_node/node_ws/install/cognition_node/share/cognition_node/package.sh'
[0.789s] INFO:colcon.colcon_core.shell:Creating package script '/home/amber/code/Notes/Ros/3_ros2_node/node_ws/install/cognition_node/share/cognition_node/package.bash'
[0.789s] INFO:colcon.colcon_core.shell:Creating package script '/home/amber/code/Notes/Ros/3_ros2_node/node_ws/install/cognition_node/share/cognition_node/package.zsh'
[0.789s] Level 1:colcon.colcon_core.environment:create_file_with_runtime_dependencies(/home/amber/code/Notes/Ros/3_ros2_node/node_ws/install/cognition_node/share/colcon-core/packages/cognition_node)
[0.852s] DEBUG:colcon.colcon_core.event_handler.log_command:Invoked command in '/home/amber/code/Notes/Ros/3_ros2_node/node_ws/build/cognition_node_c++' returned '0': /usr/bin/cmake --build /home/amber/code/Notes/Ros/3_ros2_node/node_ws/build/cognition_node_c++ -- -j16 -l16
[0.879s] DEBUG:colcon.colcon_core.event_handler.log_command:Invoking command in '/home/amber/code/Notes/Ros/3_ros2_node/node_ws/build/cognition_node_c++': /usr/bin/cmake --install /home/amber/code/Notes/Ros/3_ros2_node/node_ws/build/cognition_node_c++
[0.887s] Level 1:colcon.colcon_core.environment:create_environment_scripts_only(cognition_node_c++)
[0.888s] Level 1:colcon.colcon_core.environment:checking '/home/amber/code/Notes/Ros/3_ros2_node/node_ws/install/cognition_node_c++' for CMake module files
[0.888s] DEBUG:colcon.colcon_core.event_handler.log_command:Invoked command in '/home/amber/code/Notes/Ros/3_ros2_node/node_ws/build/cognition_node_c++' returned '0': /usr/bin/cmake --install /home/amber/code/Notes/Ros/3_ros2_node/node_ws/build/cognition_node_c++
[0.889s] Level 1:colcon.colcon_core.environment:checking '/home/amber/code/Notes/Ros/3_ros2_node/node_ws/install/cognition_node_c++' for CMake config files
[0.889s] Level 1:colcon.colcon_core.environment:checking '/home/amber/code/Notes/Ros/3_ros2_node/node_ws/install/cognition_node_c++/lib'
[0.889s] Level 1:colcon.colcon_core.environment:checking '/home/amber/code/Notes/Ros/3_ros2_node/node_ws/install/cognition_node_c++/bin'
[0.890s] Level 1:colcon.colcon_core.environment:checking '/home/amber/code/Notes/Ros/3_ros2_node/node_ws/install/cognition_node_c++/lib/pkgconfig/cognition_node_c++.pc'
[0.890s] Level 1:colcon.colcon_core.environment:checking '/home/amber/code/Notes/Ros/3_ros2_node/node_ws/install/cognition_node_c++/lib/python3.8/site-packages'
[0.890s] INFO:colcon.colcon_core.shell:Creating package script '/home/amber/code/Notes/Ros/3_ros2_node/node_ws/install/cognition_node_c++/share/cognition_node_c++/package.ps1'
[0.891s] INFO:colcon.colcon_core.shell:Creating package descriptor '/home/amber/code/Notes/Ros/3_ros2_node/node_ws/install/cognition_node_c++/share/cognition_node_c++/package.dsv'
[0.891s] INFO:colcon.colcon_core.shell:Creating package script '/home/amber/code/Notes/Ros/3_ros2_node/node_ws/install/cognition_node_c++/share/cognition_node_c++/package.sh'
[0.891s] INFO:colcon.colcon_core.shell:Creating package script '/home/amber/code/Notes/Ros/3_ros2_node/node_ws/install/cognition_node_c++/share/cognition_node_c++/package.bash'
[0.891s] INFO:colcon.colcon_core.shell:Creating package script '/home/amber/code/Notes/Ros/3_ros2_node/node_ws/install/cognition_node_c++/share/cognition_node_c++/package.zsh'
[0.892s] Level 1:colcon.colcon_core.environment:create_file_with_runtime_dependencies(/home/amber/code/Notes/Ros/3_ros2_node/node_ws/install/cognition_node_c++/share/colcon-core/packages/cognition_node_c++)
[0.892s] DEBUG:colcon.colcon_parallel_executor.executor.parallel:closing loop
[0.892s] DEBUG:colcon.colcon_parallel_executor.executor.parallel:loop closed
[0.892s] DEBUG:colcon.colcon_parallel_executor.executor.parallel:run_until_complete finished with '0'
[0.892s] DEBUG:colcon.colcon_core.event_reactor:joining thread
[0.896s] INFO:colcon.colcon_core.plugin_system:Skipping extension 'colcon_notification.desktop_notification.terminal_notifier': Not used on non-Darwin systems
[0.896s] INFO:colcon.colcon_core.plugin_system:Skipping extension 'colcon_notification.desktop_notification.win32': Not used on non-Windows systems
[0.896s] INFO:colcon.colcon_notification.desktop_notification:Sending desktop notification using 'notify2'
[0.907s] DEBUG:colcon.colcon_core.event_reactor:joined thread
[0.907s] INFO:colcon.colcon_core.shell:Creating prefix script '/home/amber/code/Notes/Ros/3_ros2_node/node_ws/install/local_setup.ps1'
[0.908s] INFO:colcon.colcon_core.shell:Creating prefix util module '/home/amber/code/Notes/Ros/3_ros2_node/node_ws/install/_local_setup_util_ps1.py'
[0.909s] INFO:colcon.colcon_core.shell:Creating prefix chain script '/home/amber/code/Notes/Ros/3_ros2_node/node_ws/install/setup.ps1'
[0.909s] INFO:colcon.colcon_core.shell:Creating prefix script '/home/amber/code/Notes/Ros/3_ros2_node/node_ws/install/local_setup.sh'
[0.910s] INFO:colcon.colcon_core.shell:Creating prefix util module '/home/amber/code/Notes/Ros/3_ros2_node/node_ws/install/_local_setup_util_sh.py'
[0.910s] INFO:colcon.colcon_core.shell:Creating prefix chain script '/home/amber/code/Notes/Ros/3_ros2_node/node_ws/install/setup.sh'
[0.911s] INFO:colcon.colcon_core.shell:Creating prefix script '/home/amber/code/Notes/Ros/3_ros2_node/node_ws/install/local_setup.bash'
[0.911s] INFO:colcon.colcon_core.shell:Creating prefix chain script '/home/amber/code/Notes/Ros/3_ros2_node/node_ws/install/setup.bash'
[0.911s] INFO:colcon.colcon_core.shell:Creating prefix script '/home/amber/code/Notes/Ros/3_ros2_node/node_ws/install/local_setup.zsh'
[0.912s] INFO:colcon.colcon_core.shell:Creating prefix chain script '/home/amber/code/Notes/Ros/3_ros2_node/node_ws/install/setup.zsh'
