[0.149s] Invoking command in '/home/amber/code/Notes/Ros/ros_learn/town_ws/build/village_wang': CMAKE_PREFIX_PATH=/home/amber/code/Notes/Ros/ros_learn/town_ws/install/village_li:/opt/ros/foxy CONDA_PROMPT_MODIFIER=(tensorflow) /usr/bin/cmake /home/amber/code/Notes/Ros/ros_learn/town_ws/src/village_wang -DCMAKE_INSTALL_PREFIX=/home/amber/code/Notes/Ros/ros_learn/town_ws/install/village_wang
[0.182s] -- The C compiler identification is GNU 9.4.0
[0.213s] -- The CXX compiler identification is GNU 9.4.0
[0.216s] -- Check for working C compiler: /usr/bin/cc
[0.257s] -- Check for working C compiler: /usr/bin/cc -- works
[0.258s] -- Detecting C compiler ABI info
[0.301s] -- Detecting C compiler ABI info - done
[0.308s] -- Detecting C compile features
[0.308s] -- Detecting C compile features - done
[0.310s] -- Check for working CXX compiler: /usr/bin/c++
[0.360s] -- Check for working CXX compiler: /usr/bin/c++ -- works
[0.360s] -- Detecting CXX compiler ABI info
[0.414s] -- Detecting CXX compiler ABI info - done
[0.422s] -- Detecting CXX compile features
[0.422s] -- Detecting CXX compile features - done
[0.424s] -- Found ament_cmake: 0.9.9 (/opt/ros/foxy/share/ament_cmake/cmake)
[0.441s] -- Found PythonInterp: /home/amber/anaconda3/envs/tensorflow/bin/python3 (found suitable version "3.8.12", minimum required is "3") 
[0.441s] -- Using PYTHON_EXECUTABLE: /home/amber/anaconda3/envs/tensorflow/bin/python3
[0.569s] -- Found rclcpp: 2.4.1 (/opt/ros/foxy/share/rclcpp/cmake)
[0.603s] -- Using all available rosidl_typesupport_c: rosidl_typesupport_connext_c;rosidl_typesupport_fastrtps_c;rosidl_typesupport_introspection_c
[0.607s] -- Found rosidl_adapter: 1.2.1 (/opt/ros/foxy/share/rosidl_adapter/cmake)
[0.610s] -- Found RTI Connext: /opt/rti.com/rti_connext_dds-5.3.1
[1.171s] -- Found OpenSSL: /usr/lib/x86_64-linux-gnu/libcrypto.so (found version "1.1.1f")  
[1.190s] -- Found FastRTPS: /opt/ros/foxy/include  
[1.237s] -- Using all available rosidl_typesupport_cpp: rosidl_typesupport_connext_cpp;rosidl_typesupport_fastrtps_cpp;rosidl_typesupport_introspection_cpp
[1.273s] -- Found rmw_implementation_cmake: 1.0.3 (/opt/ros/foxy/share/rmw_implementation_cmake/cmake)
[1.274s] -- Using RMW implementation 'rmw_fastrtps_cpp' as default
[1.275s] -- Looking for pthread.h
[1.327s] -- Looking for pthread.h - found
[1.328s] -- Performing Test CMAKE_HAVE_LIBC_PTHREAD
[1.393s] -- Performing Test CMAKE_HAVE_LIBC_PTHREAD - Failed
[1.393s] -- Looking for pthread_create in pthreads
[1.433s] -- Looking for pthread_create in pthreads - not found
[1.433s] -- Looking for pthread_create in pthread
[1.478s] -- Looking for pthread_create in pthread - found
[1.479s] -- Found Threads: TRUE  
[1.578s] -- Found ament_lint_auto: 0.9.6 (/opt/ros/foxy/share/ament_lint_auto/cmake)
[1.598s] Traceback (most recent call last):
[1.598s]   File "/opt/ros/foxy/share/ament_cmake_core/cmake/core/package_xml_2_cmake.py", line 21, in <module>
[1.598s]     from catkin_pkg.package import parse_package_string
[1.598s] ModuleNotFoundError: No module named 'catkin_pkg'
[1.601s] CMake Error at /opt/ros/foxy/share/ament_cmake_core/cmake/core/ament_package_xml.cmake:94 (message):
[1.601s]   execute_process(/home/amber/anaconda3/envs/tensorflow/bin/python3
[1.601s]   /opt/ros/foxy/share/ament_cmake_core/cmake/core/package_xml_2_cmake.py
[1.601s]   /home/amber/code/Notes/Ros/ros_learn/town_ws/src/village_wang/package.xml
[1.601s]   /home/amber/code/Notes/Ros/ros_learn/town_ws/build/village_wang/ament_cmake_core/package.cmake)
[1.601s]   returned error code 1
[1.602s] Call Stack (most recent call first):
[1.602s]   /opt/ros/foxy/share/ament_cmake_core/cmake/core/ament_package_xml.cmake:49 (_ament_package_xml)
[1.602s]   /opt/ros/foxy/share/ament_lint_auto/cmake/ament_lint_auto_find_test_dependencies.cmake:31 (ament_package_xml)
[1.602s]   CMakeLists.txt:30 (ament_lint_auto_find_test_dependencies)
[1.602s] 
[1.602s] 
[1.602s] -- Configuring incomplete, errors occurred!
[1.602s] See also "/home/amber/code/Notes/Ros/ros_learn/town_ws/build/village_wang/CMakeFiles/CMakeOutput.log".
[1.602s] See also "/home/amber/code/Notes/Ros/ros_learn/town_ws/build/village_wang/CMakeFiles/CMakeError.log".
[1.608s] Invoked command in '/home/amber/code/Notes/Ros/ros_learn/town_ws/build/village_wang' returned '1': CMAKE_PREFIX_PATH=/home/amber/code/Notes/Ros/ros_learn/town_ws/install/village_li:/opt/ros/foxy CONDA_PROMPT_MODIFIER=(tensorflow) /usr/bin/cmake /home/amber/code/Notes/Ros/ros_learn/town_ws/src/village_wang -DCMAKE_INSTALL_PREFIX=/home/amber/code/Notes/Ros/ros_learn/town_ws/install/village_wang
