[0.459s] Invoking command in '/home/amber/code/Notes/Ros/ros_learn/town_ws/src/village_li': PYTHONPATH=/home/amber/code/Notes/Ros/ros_learn/town_ws/install/village_li/lib/python3.8/site-packages:${PYTHONPATH} /usr/bin/python3 setup.py egg_info --egg-base ../../build/village_li build --build-base /home/amber/code/Notes/Ros/ros_learn/town_ws/build/village_li/build install --prefix /home/amber/code/Notes/Ros/ros_learn/town_ws/install/village_li --record /home/amber/code/Notes/Ros/ros_learn/town_ws/build/village_li/install.log --single-version-externally-managed
[0.593s] running egg_info
[0.593s] writing ../../build/village_li/village_li.egg-info/PKG-INFO
[0.593s] writing dependency_links to ../../build/village_li/village_li.egg-info/dependency_links.txt
[0.593s] writing entry points to ../../build/village_li/village_li.egg-info/entry_points.txt
[0.593s] writing requirements to ../../build/village_li/village_li.egg-info/requires.txt
[0.593s] writing top-level names to ../../build/village_li/village_li.egg-info/top_level.txt
[0.614s] reading manifest file '../../build/village_li/village_li.egg-info/SOURCES.txt'
[0.614s] writing manifest file '../../build/village_li/village_li.egg-info/SOURCES.txt'
[0.614s] running build
[0.615s] running build_py
[0.615s] copying village_li/li4.py -> /home/amber/code/Notes/Ros/ros_learn/town_ws/build/village_li/build/lib/village_li
[0.615s] running install
[0.615s] running install_lib
[0.615s] copying /home/amber/code/Notes/Ros/ros_learn/town_ws/build/village_li/build/lib/village_li/li4.py -> /home/amber/code/Notes/Ros/ros_learn/town_ws/install/village_li/lib/python3.8/site-packages/village_li
[0.616s] byte-compiling /home/amber/code/Notes/Ros/ros_learn/town_ws/install/village_li/lib/python3.8/site-packages/village_li/li4.py to li4.cpython-38.pyc
[0.617s] running install_data
[0.617s] running install_egg_info
[0.618s] removing '/home/amber/code/Notes/Ros/ros_learn/town_ws/install/village_li/lib/python3.8/site-packages/village_li-0.0.0-py3.8.egg-info' (and everything under it)
[0.618s] Copying ../../build/village_li/village_li.egg-info to /home/amber/code/Notes/Ros/ros_learn/town_ws/install/village_li/lib/python3.8/site-packages/village_li-0.0.0-py3.8.egg-info
[0.619s] running install_scripts
[0.629s] Installing li4_node script to /home/amber/code/Notes/Ros/ros_learn/town_ws/install/village_li/lib/village_li
[0.629s] writing list of installed files to '/home/amber/code/Notes/Ros/ros_learn/town_ws/build/village_li/install.log'
[0.641s] Invoked command in '/home/amber/code/Notes/Ros/ros_learn/town_ws/src/village_li' returned '0': PYTHONPATH=/home/amber/code/Notes/Ros/ros_learn/town_ws/install/village_li/lib/python3.8/site-packages:${PYTHONPATH} /usr/bin/python3 setup.py egg_info --egg-base ../../build/village_li build --build-base /home/amber/code/Notes/Ros/ros_learn/town_ws/build/village_li/build install --prefix /home/amber/code/Notes/Ros/ros_learn/town_ws/install/village_li --record /home/amber/code/Notes/Ros/ros_learn/town_ws/build/village_li/install.log --single-version-externally-managed
