[0.147s] Invoking command in '/home/amber/code/Notes/Ros/3_ros2_node/node_ws/build/cognition_node_c++': /usr/bin/cmake /home/amber/code/Notes/Ros/3_ros2_node/node_ws/src/cognition_node_c++ -DCMAKE_INSTALL_PREFIX=/home/amber/code/Notes/Ros/3_ros2_node/node_ws/install/cognition_node_c++
[0.156s] -- Found ament_cmake: 0.9.9 (/opt/ros/foxy/share/ament_cmake/cmake)
[0.170s] -- Using PYTHON_EXECUTABLE: /usr/bin/python3
[0.284s] -- Found rclcpp: 2.4.1 (/opt/ros/foxy/share/rclcpp/cmake)
[0.305s] -- Using all available rosidl_typesupport_c: rosidl_typesupport_connext_c;rosidl_typesupport_fastrtps_c;rosidl_typesupport_introspection_c
[0.307s] -- Found rosidl_adapter: 1.2.1 (/opt/ros/foxy/share/rosidl_adapter/cmake)
[0.309s] -- Found RTI Connext: /opt/rti.com/rti_connext_dds-5.3.1
[0.553s] -- Using all available rosidl_typesupport_cpp: rosidl_typesupport_connext_cpp;rosidl_typesupport_fastrtps_cpp;rosidl_typesupport_introspection_cpp
[0.584s] -- Found rmw_implementation_cmake: 1.0.3 (/opt/ros/foxy/share/rmw_implementation_cmake/cmake)
[0.585s] -- Using RMW implementation 'rmw_fastrtps_cpp' as default
[0.678s] -- Found ament_lint_auto: 0.9.6 (/opt/ros/foxy/share/ament_lint_auto/cmake)
[0.709s] Error parsing '/home/amber/code/Notes/Ros/3_ros2_node/node_ws/src/cognition_node_c++/package.xml':
[0.777s] Traceback (most recent call last):
[0.777s]   File "/opt/ros/foxy/share/ament_cmake_core/cmake/core/package_xml_2_cmake.py", line 143, in <module>
[0.777s]     main()
[0.777s]   File "/opt/ros/foxy/share/ament_cmake_core/cmake/core/package_xml_2_cmake.py", line 52, in main
[0.777s]     raise e
[0.778s]   File "/opt/ros/foxy/share/ament_cmake_core/cmake/core/package_xml_2_cmake.py", line 48, in main
[0.778s]     package = parse_package_string(
[0.778s]   File "/usr/lib/python3/dist-packages/catkin_pkg/package.py", line 774, in parse_package_string
[0.778s]     pkg.validate(warnings=warnings)
[0.778s]   File "/usr/lib/python3/dist-packages/catkin_pkg/package.py", line 317, in validate
[0.778s]     raise InvalidPackage('\n'.join(errors), self.filename)
[0.778s] catkin_pkg.package.InvalidPackage: Error(s) in package '/home/amber/code/Notes/Ros/3_ros2_node/node_ws/src/cognition_node_c++/package.xml':
[0.778s] Package name "cognition_node_c++" does not follow naming conventions
[0.789s] CMake Error at /opt/ros/foxy/share/ament_cmake_core/cmake/core/ament_package_xml.cmake:94 (message):
[0.790s]   execute_process(/usr/bin/python3
[0.790s]   /opt/ros/foxy/share/ament_cmake_core/cmake/core/package_xml_2_cmake.py
[0.790s]   /home/amber/code/Notes/Ros/3_ros2_node/node_ws/src/cognition_node_c++/package.xml
[0.790s]   /home/amber/code/Notes/Ros/3_ros2_node/node_ws/build/cognition_node_c++/ament_cmake_core/package.cmake)
[0.790s]   returned error code 1
[0.790s] Call Stack (most recent call first):
[0.790s]   /opt/ros/foxy/share/ament_cmake_core/cmake/core/ament_package_xml.cmake:49 (_ament_package_xml)
[0.790s]   /opt/ros/foxy/share/ament_cmake_core/cmake/core/ament_package.cmake:63 (ament_package_xml)
[0.790s]   CMakeLists.txt:41 (ament_package)
[0.790s] 
[0.790s] 
[0.791s] -- Configuring incomplete, errors occurred!
[0.791s] See also "/home/amber/code/Notes/Ros/3_ros2_node/node_ws/build/cognition_node_c++/CMakeFiles/CMakeOutput.log".
[0.791s] See also "/home/amber/code/Notes/Ros/3_ros2_node/node_ws/build/cognition_node_c++/CMakeFiles/CMakeError.log".
[0.796s] Invoked command in '/home/amber/code/Notes/Ros/3_ros2_node/node_ws/build/cognition_node_c++' returned '1': /usr/bin/cmake /home/amber/code/Notes/Ros/3_ros2_node/node_ws/src/cognition_node_c++ -DCMAKE_INSTALL_PREFIX=/home/amber/code/Notes/Ros/3_ros2_node/node_ws/install/cognition_node_c++
