[35m[1mScanning dependencies of target wang2_node[0m
[ 50%] [32mBuilding CXX object CMakeFiles/wang2_node.dir/src/wang2.cpp.o[0m
[01m[K/home/amber/code/Notes/Ros/ros_learn/town_ws/src/village_wang/src/wang2.cpp:[m[K In constructor ‘[01m[KSingleDogNode::SingleDogNode(std::string)[m[K’:
[01m[K/home/amber/code/Notes/Ros/ros_learn/town_ws/src/village_wang/src/wang2.cpp:37:135:[m[K [01;31m[Kerror: [m[K‘[01m[K_1[m[K’ was not declared in this scope; did you mean ‘[01m[Kstd::placeholders::_1[m[K’?
   37 | gs::msg::String>("sexy_girl", 10, std::bind(&SingleDogNode::topic_callback, this, [01;31m[K_1[m[K));
      |                                                                                   [01;31m[K^~[m[K
      |                                                                                   [32m[Kstd::placeholders::_1[m[K
In file included from [01m[K/opt/ros/foxy/include/rclcpp/context.hpp:19[m[K,
                 from [01m[K/opt/ros/foxy/include/rclcpp/contexts/default_context.hpp:18[m[K,
                 from [01m[K/opt/ros/foxy/include/rclcpp/executor.hpp:32[m[K,
                 from [01m[K/opt/ros/foxy/include/rclcpp/executors/multi_threaded_executor.hpp:26[m[K,
                 from [01m[K/opt/ros/foxy/include/rclcpp/executors.hpp:21[m[K,
                 from [01m[K/opt/ros/foxy/include/rclcpp/rclcpp.hpp:146[m[K,
                 from [01m[K/home/amber/code/Notes/Ros/ros_learn/town_ws/src/village_wang/src/wang2.cpp:1[m[K:
[01m[K/usr/include/c++/9/functional:211:34:[m[K [01;36m[Knote: [m[K‘[01m[Kstd::placeholders::_1[m[K’ declared here
  211 |     extern const _Placeholder<1> [01;36m[K_1[m[K;
      |                                  [01;36m[K^~[m[K
make[2]: *** [CMakeFiles/wang2_node.dir/build.make:63：CMakeFiles/wang2_node.dir/src/wang2.cpp.o] 错误 1
make[1]: *** [CMakeFiles/Makefile2:78：CMakeFiles/wang2_node.dir/all] 错误 2
make: *** [Makefile:141：all] 错误 2
