[0.010s] Invoking command in '/home/amber/code/Notes/Ros/ros_learn/town_ws/build/village_interfaces': CMAKE_PREFIX_PATH=${CMAKE_PREFIX_PATH}:/home/amber/code/Notes/Ros/ros_learn/town_ws/install/village_li:/opt/ros/foxy /usr/bin/cmake --build /home/amber/code/Notes/Ros/ros_learn/town_ws/build/village_interfaces -- -j16 -l16
[0.027s] -- Found ament_cmake: 0.9.9 (/opt/ros/foxy/share/ament_cmake/cmake)
[0.042s] -- Found PythonInterp: /usr/bin/python3 (found suitable version "3.8.10", minimum required is "3") 
[0.042s] -- Using PYTHON_EXECUTABLE: /usr/bin/python3
[0.158s] -- Found sensor_msgs: 2.0.5 (/opt/ros/foxy/share/sensor_msgs/cmake)
[0.171s] -- Using all available rosidl_typesupport_c: rosidl_typesupport_connext_c;rosidl_typesupport_fastrtps_c;rosidl_typesupport_introspection_c
[0.173s] -- Found rosidl_adapter: 1.2.1 (/opt/ros/foxy/share/rosidl_adapter/cmake)
[0.174s] -- Found RTI Connext: /opt/rti.com/rti_connext_dds-5.3.1
[0.491s] -- Using all available rosidl_typesupport_cpp: rosidl_typesupport_connext_cpp;rosidl_typesupport_fastrtps_cpp;rosidl_typesupport_introspection_cpp
[0.584s] -- Found rosidl_default_generators: 1.0.1 (/opt/ros/foxy/share/rosidl_default_generators/cmake)
[0.604s] -- Found PythonInterp: /usr/bin/python3 (found version "3.8.10") 
[0.817s] -- Found ament_cmake_ros: 0.9.2 (/opt/ros/foxy/share/ament_cmake_ros/cmake)
[1.026s] -- Using all available rosidl_typesupport_c: rosidl_typesupport_connext_c;rosidl_typesupport_fastrtps_c;rosidl_typesupport_introspection_c
[1.135s] -- Using all available rosidl_typesupport_cpp: rosidl_typesupport_connext_cpp;rosidl_typesupport_fastrtps_cpp;rosidl_typesupport_introspection_cpp
[1.155s] -- Found PythonInterp: /usr/bin/python3 (found suitable version "3.8.10", minimum required is "3.5") 
[1.155s] -- Found python_cmake_module: 0.8.1 (/opt/ros/foxy/share/python_cmake_module/cmake)
[1.171s] -- Using PYTHON_EXECUTABLE: /usr/bin/python3
[1.171s] -- Using PYTHON_INCLUDE_DIRS: /usr/include/python3.8
[1.171s] -- Using PYTHON_LIBRARIES: /usr/lib/x86_64-linux-gnu/libpython3.8.so
[1.218s] -- Found ament_lint_auto: 0.9.6 (/opt/ros/foxy/share/ament_lint_auto/cmake)
[1.224s] -- Added test 'copyright' to check source files copyright and LICENSE
[1.225s] -- Added test 'lint_cmake' to check CMake code style
[1.226s] -- Added test 'xmllint' to check XML markup files
[1.228s] -- Configuring done
[1.283s] -- Generating done
[1.285s] -- Build files have been written to: /home/amber/code/Notes/Ros/ros_learn/town_ws/build/village_interfaces
[1.312s] [  4%] Built target village_interfaces__dds_connext_idl
[1.312s] [  4%] Built target village_interfaces__cpp
[1.312s] [ 10%] Built target village_interfaces__rosidl_generator_c
[1.329s] [ 34%] Built target village_interfaces__rosidl_typesupport_introspection_c
[1.329s] [ 34%] Built target village_interfaces__rosidl_typesupport_c
[1.329s] [ 34%] Built target village_interfaces__rosidl_typesupport_introspection_cpp
[1.329s] [ 34%] Built target village_interfaces__rosidl_typesupport_cpp
[1.335s] [ 40%] Built target village_interfaces__rosidl_typesupport_fastrtps_cpp
[1.336s] [ 55%] Built target village_interfaces__rosidl_typesupport_connext_cpp
[1.354s] [ 61%] Built target village_interfaces__rosidl_typesupport_fastrtps_c
[1.360s] [ 77%] Built target village_interfaces__rosidl_typesupport_connext_c
[1.373s] [ 77%] Built target village_interfaces
[1.388s] [ 79%] Built target village_interfaces__py
[1.428s] [ 83%] Built target village_interfaces__python
[1.453s] [ 95%] Built target village_interfaces__rosidl_typesupport_c__pyext
[1.454s] [100%] Built target village_interfaces__rosidl_typesupport_connext_c__pyext
[1.454s] [100%] Built target village_interfaces__rosidl_typesupport_fastrtps_c__pyext
[1.454s] [100%] Built target village_interfaces__rosidl_typesupport_introspection_c__pyext
[1.461s] Invoked command in '/home/amber/code/Notes/Ros/ros_learn/town_ws/build/village_interfaces' returned '0': CMAKE_PREFIX_PATH=${CMAKE_PREFIX_PATH}:/home/amber/code/Notes/Ros/ros_learn/town_ws/install/village_li:/opt/ros/foxy /usr/bin/cmake --build /home/amber/code/Notes/Ros/ros_learn/town_ws/build/village_interfaces -- -j16 -l16
[1.513s] Invoking command in '/home/amber/code/Notes/Ros/ros_learn/town_ws/build/village_interfaces': CMAKE_PREFIX_PATH=${CMAKE_PREFIX_PATH}:/home/amber/code/Notes/Ros/ros_learn/town_ws/install/village_li:/opt/ros/foxy /usr/bin/cmake --install /home/amber/code/Notes/Ros/ros_learn/town_ws/build/village_interfaces
[1.522s] -- Install configuration: ""
[1.523s] -- Up-to-date: /home/amber/code/Notes/Ros/ros_learn/town_ws/install/village_interfaces/share/ament_index/resource_index/rosidl_interfaces/village_interfaces
[1.523s] -- Up-to-date: /home/amber/code/Notes/Ros/ros_learn/town_ws/install/village_interfaces/include/village_interfaces
[1.523s] -- Up-to-date: /home/amber/code/Notes/Ros/ros_learn/town_ws/install/village_interfaces/include/village_interfaces/msg
[1.523s] -- Up-to-date: /home/amber/code/Notes/Ros/ros_learn/town_ws/install/village_interfaces/include/village_interfaces/msg/novel.h
[1.523s] -- Up-to-date: /home/amber/code/Notes/Ros/ros_learn/town_ws/install/village_interfaces/include/village_interfaces/msg/rosidl_generator_c__visibility_control.h
[1.523s] -- Up-to-date: /home/amber/code/Notes/Ros/ros_learn/town_ws/install/village_interfaces/include/village_interfaces/msg/detail
[1.524s] -- Up-to-date: /home/amber/code/Notes/Ros/ros_learn/town_ws/install/village_interfaces/include/village_interfaces/msg/detail/novel__type_support.h
[1.524s] -- Up-to-date: /home/amber/code/Notes/Ros/ros_learn/town_ws/install/village_interfaces/include/village_interfaces/msg/detail/novel__functions.h
[1.524s] -- Up-to-date: /home/amber/code/Notes/Ros/ros_learn/town_ws/install/village_interfaces/include/village_interfaces/msg/detail/novel__functions.c
[1.524s] -- Up-to-date: /home/amber/code/Notes/Ros/ros_learn/town_ws/install/village_interfaces/include/village_interfaces/msg/detail/novel__struct.h
[1.524s] -- Up-to-date: /home/amber/code/Notes/Ros/ros_learn/town_ws/install/village_interfaces/share/village_interfaces/environment/library_path.sh
[1.524s] -- Installing: /home/amber/code/Notes/Ros/ros_learn/town_ws/install/village_interfaces/share/village_interfaces/environment/library_path.dsv
[1.524s] -- Up-to-date: /home/amber/code/Notes/Ros/ros_learn/town_ws/install/village_interfaces/lib/libvillage_interfaces__rosidl_generator_c.so
[1.524s] -- Up-to-date: /home/amber/code/Notes/Ros/ros_learn/town_ws/install/village_interfaces/include/village_interfaces
[1.525s] -- Up-to-date: /home/amber/code/Notes/Ros/ros_learn/town_ws/install/village_interfaces/include/village_interfaces/msg
[1.525s] -- Up-to-date: /home/amber/code/Notes/Ros/ros_learn/town_ws/install/village_interfaces/include/village_interfaces/msg/dds_connext
[1.525s] -- Up-to-date: /home/amber/code/Notes/Ros/ros_learn/town_ws/install/village_interfaces/include/village_interfaces/msg/novel__rosidl_typesupport_connext_c.h
[1.525s] -- Up-to-date: /home/amber/code/Notes/Ros/ros_learn/town_ws/install/village_interfaces/include/village_interfaces/msg/rosidl_typesupport_connext_c__visibility_control.h
[1.525s] -- Up-to-date: /home/amber/code/Notes/Ros/ros_learn/town_ws/install/village_interfaces/lib/libvillage_interfaces__rosidl_typesupport_connext_c.so
[1.525s] -- Up-to-date: /home/amber/code/Notes/Ros/ros_learn/town_ws/install/village_interfaces/share/village_interfaces/msg/dds_connext
[1.525s] -- Up-to-date: /home/amber/code/Notes/Ros/ros_learn/town_ws/install/village_interfaces/share/village_interfaces/msg/dds_connext/Novel_.idl
[1.525s] -- Up-to-date: /home/amber/code/Notes/Ros/ros_learn/town_ws/install/village_interfaces/include/village_interfaces
[1.526s] -- Up-to-date: /home/amber/code/Notes/Ros/ros_learn/town_ws/install/village_interfaces/include/village_interfaces/msg
[1.526s] -- Up-to-date: /home/amber/code/Notes/Ros/ros_learn/town_ws/install/village_interfaces/include/village_interfaces/msg/novel__rosidl_typesupport_connext_cpp.hpp
[1.526s] -- Up-to-date: /home/amber/code/Notes/Ros/ros_learn/town_ws/install/village_interfaces/include/village_interfaces/msg/dds_connext
[1.526s] -- Up-to-date: /home/amber/code/Notes/Ros/ros_learn/town_ws/install/village_interfaces/include/village_interfaces/msg/dds_connext/Novel_Support.h
[1.526s] -- Up-to-date: /home/amber/code/Notes/Ros/ros_learn/town_ws/install/village_interfaces/include/village_interfaces/msg/dds_connext/Novel_.h
[1.526s] -- Up-to-date: /home/amber/code/Notes/Ros/ros_learn/town_ws/install/village_interfaces/include/village_interfaces/msg/dds_connext/Novel_Support.cxx
[1.526s] -- Up-to-date: /home/amber/code/Notes/Ros/ros_learn/town_ws/install/village_interfaces/include/village_interfaces/msg/dds_connext/Novel_.cxx
[1.526s] -- Up-to-date: /home/amber/code/Notes/Ros/ros_learn/town_ws/install/village_interfaces/include/village_interfaces/msg/dds_connext/Novel_Plugin.h
[1.526s] -- Up-to-date: /home/amber/code/Notes/Ros/ros_learn/town_ws/install/village_interfaces/include/village_interfaces/msg/dds_connext/Novel_Plugin.cxx
[1.526s] -- Up-to-date: /home/amber/code/Notes/Ros/ros_learn/town_ws/install/village_interfaces/include/village_interfaces/msg/rosidl_typesupport_connext_cpp__visibility_control.h
[1.526s] -- Up-to-date: /home/amber/code/Notes/Ros/ros_learn/town_ws/install/village_interfaces/lib/libvillage_interfaces__rosidl_typesupport_connext_cpp.so
[1.527s] -- Up-to-date: /home/amber/code/Notes/Ros/ros_learn/town_ws/install/village_interfaces/include/village_interfaces
[1.527s] -- Up-to-date: /home/amber/code/Notes/Ros/ros_learn/town_ws/install/village_interfaces/include/village_interfaces/msg
[1.527s] -- Up-to-date: /home/amber/code/Notes/Ros/ros_learn/town_ws/install/village_interfaces/include/village_interfaces/msg/rosidl_typesupport_fastrtps_c__visibility_control.h
[1.527s] -- Up-to-date: /home/amber/code/Notes/Ros/ros_learn/town_ws/install/village_interfaces/include/village_interfaces/msg/detail
[1.527s] -- Up-to-date: /home/amber/code/Notes/Ros/ros_learn/town_ws/install/village_interfaces/include/village_interfaces/msg/detail/novel__rosidl_typesupport_fastrtps_c.h
[1.527s] -- Up-to-date: /home/amber/code/Notes/Ros/ros_learn/town_ws/install/village_interfaces/lib/libvillage_interfaces__rosidl_typesupport_fastrtps_c.so
[1.527s] -- Up-to-date: /home/amber/code/Notes/Ros/ros_learn/town_ws/install/village_interfaces/include/village_interfaces
[1.527s] -- Up-to-date: /home/amber/code/Notes/Ros/ros_learn/town_ws/install/village_interfaces/include/village_interfaces/msg
[1.527s] -- Up-to-date: /home/amber/code/Notes/Ros/ros_learn/town_ws/install/village_interfaces/include/village_interfaces/msg/rosidl_typesupport_fastrtps_cpp__visibility_control.h
[1.527s] -- Up-to-date: /home/amber/code/Notes/Ros/ros_learn/town_ws/install/village_interfaces/include/village_interfaces/msg/detail
[1.527s] -- Up-to-date: /home/amber/code/Notes/Ros/ros_learn/town_ws/install/village_interfaces/include/village_interfaces/msg/detail/dds_fastrtps
[1.527s] -- Up-to-date: /home/amber/code/Notes/Ros/ros_learn/town_ws/install/village_interfaces/include/village_interfaces/msg/detail/novel__rosidl_typesupport_fastrtps_cpp.hpp
[1.527s] -- Up-to-date: /home/amber/code/Notes/Ros/ros_learn/town_ws/install/village_interfaces/lib/libvillage_interfaces__rosidl_typesupport_fastrtps_cpp.so
[1.527s] -- Up-to-date: /home/amber/code/Notes/Ros/ros_learn/town_ws/install/village_interfaces/include/village_interfaces
[1.527s] -- Up-to-date: /home/amber/code/Notes/Ros/ros_learn/town_ws/install/village_interfaces/include/village_interfaces/msg
[1.527s] -- Up-to-date: /home/amber/code/Notes/Ros/ros_learn/town_ws/install/village_interfaces/include/village_interfaces/msg/rosidl_typesupport_introspection_c__visibility_control.h
[1.527s] -- Up-to-date: /home/amber/code/Notes/Ros/ros_learn/town_ws/install/village_interfaces/include/village_interfaces/msg/detail
[1.527s] -- Up-to-date: /home/amber/code/Notes/Ros/ros_learn/town_ws/install/village_interfaces/include/village_interfaces/msg/detail/novel__rosidl_typesupport_introspection_c.h
[1.527s] -- Up-to-date: /home/amber/code/Notes/Ros/ros_learn/town_ws/install/village_interfaces/include/village_interfaces/msg/detail/novel__type_support.c
[1.528s] -- Up-to-date: /home/amber/code/Notes/Ros/ros_learn/town_ws/install/village_interfaces/lib/libvillage_interfaces__rosidl_typesupport_introspection_c.so
[1.528s] -- Up-to-date: /home/amber/code/Notes/Ros/ros_learn/town_ws/install/village_interfaces/lib/libvillage_interfaces__rosidl_typesupport_c.so
[1.528s] -- Up-to-date: /home/amber/code/Notes/Ros/ros_learn/town_ws/install/village_interfaces/include/village_interfaces
[1.528s] -- Up-to-date: /home/amber/code/Notes/Ros/ros_learn/town_ws/install/village_interfaces/include/village_interfaces/msg
[1.528s] -- Up-to-date: /home/amber/code/Notes/Ros/ros_learn/town_ws/install/village_interfaces/include/village_interfaces/msg/novel.hpp
[1.528s] -- Up-to-date: /home/amber/code/Notes/Ros/ros_learn/town_ws/install/village_interfaces/include/village_interfaces/msg/detail
[1.528s] -- Up-to-date: /home/amber/code/Notes/Ros/ros_learn/town_ws/install/village_interfaces/include/village_interfaces/msg/detail/novel__struct.hpp
[1.528s] -- Up-to-date: /home/amber/code/Notes/Ros/ros_learn/town_ws/install/village_interfaces/include/village_interfaces/msg/detail/novel__builder.hpp
[1.528s] -- Up-to-date: /home/amber/code/Notes/Ros/ros_learn/town_ws/install/village_interfaces/include/village_interfaces/msg/detail/novel__traits.hpp
[1.528s] -- Up-to-date: /home/amber/code/Notes/Ros/ros_learn/town_ws/install/village_interfaces/include/village_interfaces
[1.528s] -- Up-to-date: /home/amber/code/Notes/Ros/ros_learn/town_ws/install/village_interfaces/include/village_interfaces/msg
[1.528s] -- Up-to-date: /home/amber/code/Notes/Ros/ros_learn/town_ws/install/village_interfaces/include/village_interfaces/msg/detail
[1.528s] -- Up-to-date: /home/amber/code/Notes/Ros/ros_learn/town_ws/install/village_interfaces/include/village_interfaces/msg/detail/novel__rosidl_typesupport_introspection_cpp.hpp
[1.528s] -- Up-to-date: /home/amber/code/Notes/Ros/ros_learn/town_ws/install/village_interfaces/include/village_interfaces/msg/detail/novel__type_support.cpp
[1.528s] -- Up-to-date: /home/amber/code/Notes/Ros/ros_learn/town_ws/install/village_interfaces/lib/libvillage_interfaces__rosidl_typesupport_introspection_cpp.so
[1.528s] -- Up-to-date: /home/amber/code/Notes/Ros/ros_learn/town_ws/install/village_interfaces/lib/libvillage_interfaces__rosidl_typesupport_cpp.so
[1.528s] -- Up-to-date: /home/amber/code/Notes/Ros/ros_learn/town_ws/install/village_interfaces/share/village_interfaces/environment/pythonpath.sh
[1.528s] -- Installing: /home/amber/code/Notes/Ros/ros_learn/town_ws/install/village_interfaces/share/village_interfaces/environment/pythonpath.dsv
[1.528s] -- Installing: /home/amber/code/Notes/Ros/ros_learn/town_ws/install/village_interfaces/lib/python3.8/site-packages/village_interfaces/__init__.py
[1.548s] Compiling '/home/amber/code/Notes/Ros/ros_learn/town_ws/install/village_interfaces/lib/python3.8/site-packages/village_interfaces/__init__.py'...
[1.550s] -- Up-to-date: /home/amber/code/Notes/Ros/ros_learn/town_ws/install/village_interfaces/lib/python3.8/site-packages/village_interfaces/msg
[1.550s] -- Up-to-date: /home/amber/code/Notes/Ros/ros_learn/town_ws/install/village_interfaces/lib/python3.8/site-packages/village_interfaces/msg/_novel.py
[1.550s] -- Up-to-date: /home/amber/code/Notes/Ros/ros_learn/town_ws/install/village_interfaces/lib/python3.8/site-packages/village_interfaces/msg/__init__.py
[1.550s] -- Up-to-date: /home/amber/code/Notes/Ros/ros_learn/town_ws/install/village_interfaces/lib/python3.8/site-packages/village_interfaces/msg/_novel_s.c
[1.550s] -- Up-to-date: /home/amber/code/Notes/Ros/ros_learn/town_ws/install/village_interfaces/lib/python3.8/site-packages/village_interfaces/village_interfaces_s__rosidl_typesupport_connext_c.cpython-38-x86_64-linux-gnu.so
[1.551s] -- Up-to-date: /home/amber/code/Notes/Ros/ros_learn/town_ws/install/village_interfaces/lib/python3.8/site-packages/village_interfaces/village_interfaces_s__rosidl_typesupport_fastrtps_c.cpython-38-x86_64-linux-gnu.so
[1.551s] -- Up-to-date: /home/amber/code/Notes/Ros/ros_learn/town_ws/install/village_interfaces/lib/python3.8/site-packages/village_interfaces/village_interfaces_s__rosidl_typesupport_introspection_c.cpython-38-x86_64-linux-gnu.so
[1.552s] -- Up-to-date: /home/amber/code/Notes/Ros/ros_learn/town_ws/install/village_interfaces/lib/python3.8/site-packages/village_interfaces/village_interfaces_s__rosidl_typesupport_c.cpython-38-x86_64-linux-gnu.so
[1.552s] -- Up-to-date: /home/amber/code/Notes/Ros/ros_learn/town_ws/install/village_interfaces/lib/libvillage_interfaces__python.so
[1.552s] -- Up-to-date: /home/amber/code/Notes/Ros/ros_learn/town_ws/install/village_interfaces/share/village_interfaces/msg/Novel.idl
[1.552s] -- Up-to-date: /home/amber/code/Notes/Ros/ros_learn/town_ws/install/village_interfaces/share/village_interfaces/msg/Novel.msg
[1.552s] -- Up-to-date: /home/amber/code/Notes/Ros/ros_learn/town_ws/install/village_interfaces/share/ament_index/resource_index/package_run_dependencies/village_interfaces
[1.552s] -- Installing: /home/amber/code/Notes/Ros/ros_learn/town_ws/install/village_interfaces/share/ament_index/resource_index/parent_prefix_path/village_interfaces
[1.552s] -- Up-to-date: /home/amber/code/Notes/Ros/ros_learn/town_ws/install/village_interfaces/share/village_interfaces/environment/ament_prefix_path.sh
[1.552s] -- Installing: /home/amber/code/Notes/Ros/ros_learn/town_ws/install/village_interfaces/share/village_interfaces/environment/ament_prefix_path.dsv
[1.552s] -- Up-to-date: /home/amber/code/Notes/Ros/ros_learn/town_ws/install/village_interfaces/share/village_interfaces/environment/path.sh
[1.552s] -- Installing: /home/amber/code/Notes/Ros/ros_learn/town_ws/install/village_interfaces/share/village_interfaces/environment/path.dsv
[1.553s] -- Up-to-date: /home/amber/code/Notes/Ros/ros_learn/town_ws/install/village_interfaces/share/village_interfaces/local_setup.bash
[1.553s] -- Up-to-date: /home/amber/code/Notes/Ros/ros_learn/town_ws/install/village_interfaces/share/village_interfaces/local_setup.sh
[1.553s] -- Up-to-date: /home/amber/code/Notes/Ros/ros_learn/town_ws/install/village_interfaces/share/village_interfaces/local_setup.zsh
[1.553s] -- Installing: /home/amber/code/Notes/Ros/ros_learn/town_ws/install/village_interfaces/share/village_interfaces/local_setup.dsv
[1.553s] -- Installing: /home/amber/code/Notes/Ros/ros_learn/town_ws/install/village_interfaces/share/village_interfaces/package.dsv
[1.553s] -- Up-to-date: /home/amber/code/Notes/Ros/ros_learn/town_ws/install/village_interfaces/share/ament_index/resource_index/packages/village_interfaces
[1.553s] -- Up-to-date: /home/amber/code/Notes/Ros/ros_learn/town_ws/install/village_interfaces/share/village_interfaces/cmake/village_interfaces__rosidl_generator_cExport.cmake
[1.553s] -- Installing: /home/amber/code/Notes/Ros/ros_learn/town_ws/install/village_interfaces/share/village_interfaces/cmake/village_interfaces__rosidl_generator_cExport-noconfig.cmake
[1.553s] -- Up-to-date: /home/amber/code/Notes/Ros/ros_learn/town_ws/install/village_interfaces/share/village_interfaces/cmake/village_interfaces__rosidl_typesupport_introspection_cExport.cmake
[1.553s] -- Installing: /home/amber/code/Notes/Ros/ros_learn/town_ws/install/village_interfaces/share/village_interfaces/cmake/village_interfaces__rosidl_typesupport_introspection_cExport-noconfig.cmake
[1.553s] -- Up-to-date: /home/amber/code/Notes/Ros/ros_learn/town_ws/install/village_interfaces/share/village_interfaces/cmake/village_interfaces__rosidl_typesupport_cExport.cmake
[1.553s] -- Installing: /home/amber/code/Notes/Ros/ros_learn/town_ws/install/village_interfaces/share/village_interfaces/cmake/village_interfaces__rosidl_typesupport_cExport-noconfig.cmake
[1.554s] -- Up-to-date: /home/amber/code/Notes/Ros/ros_learn/town_ws/install/village_interfaces/share/village_interfaces/cmake/village_interfaces__rosidl_generator_cppExport.cmake
[1.554s] -- Up-to-date: /home/amber/code/Notes/Ros/ros_learn/town_ws/install/village_interfaces/share/village_interfaces/cmake/village_interfaces__rosidl_typesupport_introspection_cppExport.cmake
[1.554s] -- Installing: /home/amber/code/Notes/Ros/ros_learn/town_ws/install/village_interfaces/share/village_interfaces/cmake/village_interfaces__rosidl_typesupport_introspection_cppExport-noconfig.cmake
[1.554s] -- Up-to-date: /home/amber/code/Notes/Ros/ros_learn/town_ws/install/village_interfaces/share/village_interfaces/cmake/village_interfaces__rosidl_typesupport_cppExport.cmake
[1.554s] -- Installing: /home/amber/code/Notes/Ros/ros_learn/town_ws/install/village_interfaces/share/village_interfaces/cmake/village_interfaces__rosidl_typesupport_cppExport-noconfig.cmake
[1.554s] -- Up-to-date: /home/amber/code/Notes/Ros/ros_learn/town_ws/install/village_interfaces/share/village_interfaces/cmake/rosidl_cmake-extras.cmake
[1.554s] -- Up-to-date: /home/amber/code/Notes/Ros/ros_learn/town_ws/install/village_interfaces/share/village_interfaces/cmake/ament_cmake_export_dependencies-extras.cmake
[1.554s] -- Up-to-date: /home/amber/code/Notes/Ros/ros_learn/town_ws/install/village_interfaces/share/village_interfaces/cmake/ament_cmake_export_libraries-extras.cmake
[1.554s] -- Up-to-date: /home/amber/code/Notes/Ros/ros_learn/town_ws/install/village_interfaces/share/village_interfaces/cmake/ament_cmake_export_targets-extras.cmake
[1.554s] -- Up-to-date: /home/amber/code/Notes/Ros/ros_learn/town_ws/install/village_interfaces/share/village_interfaces/cmake/ament_cmake_export_include_directories-extras.cmake
[1.554s] -- Up-to-date: /home/amber/code/Notes/Ros/ros_learn/town_ws/install/village_interfaces/share/village_interfaces/cmake/rosidl_cmake_export_typesupport_libraries-extras.cmake
[1.554s] -- Up-to-date: /home/amber/code/Notes/Ros/ros_learn/town_ws/install/village_interfaces/share/village_interfaces/cmake/rosidl_cmake_export_typesupport_targets-extras.cmake
[1.554s] -- Up-to-date: /home/amber/code/Notes/Ros/ros_learn/town_ws/install/village_interfaces/share/village_interfaces/cmake/village_interfacesConfig.cmake
[1.554s] -- Up-to-date: /home/amber/code/Notes/Ros/ros_learn/town_ws/install/village_interfaces/share/village_interfaces/cmake/village_interfacesConfig-version.cmake
[1.554s] -- Up-to-date: /home/amber/code/Notes/Ros/ros_learn/town_ws/install/village_interfaces/share/village_interfaces/package.xml
[1.557s] Invoked command in '/home/amber/code/Notes/Ros/ros_learn/town_ws/build/village_interfaces' returned '0': CMAKE_PREFIX_PATH=${CMAKE_PREFIX_PATH}:/home/amber/code/Notes/Ros/ros_learn/town_ws/install/village_li:/opt/ros/foxy /usr/bin/cmake --install /home/amber/code/Notes/Ros/ros_learn/town_ws/build/village_interfaces
