[0.514s] Invoking command in '/home/amber/code/Notes/Ros/ros_learn/town_ws/src/village_li': CONDA_PROMPT_MODIFIER=(tensorflow) PYTHONPATH=/home/amber/code/Notes/Ros/ros_learn/town_ws/install/village_li/lib/python3.8/site-packages:${PYTHONPATH} /usr/bin/python3 setup.py egg_info --egg-base ../../build/village_li build --build-base /home/amber/code/Notes/Ros/ros_learn/town_ws/build/village_li/build install --prefix /home/amber/code/Notes/Ros/ros_learn/town_ws/install/village_li --record /home/amber/code/Notes/Ros/ros_learn/town_ws/build/village_li/install.log --single-version-externally-managed
[0.658s] running egg_info
[0.659s] writing ../../build/village_li/village_li.egg-info/PKG-INFO
[0.659s] writing dependency_links to ../../build/village_li/village_li.egg-info/dependency_links.txt
[0.659s] writing entry points to ../../build/village_li/village_li.egg-info/entry_points.txt
[0.659s] writing requirements to ../../build/village_li/village_li.egg-info/requires.txt
[0.659s] writing top-level names to ../../build/village_li/village_li.egg-info/top_level.txt
[0.680s] reading manifest file '../../build/village_li/village_li.egg-info/SOURCES.txt'
[0.680s] writing manifest file '../../build/village_li/village_li.egg-info/SOURCES.txt'
[0.681s] running build
[0.681s] running build_py
[0.681s] running install
[0.681s] running install_lib
[0.682s] running install_data
[0.682s] running install_egg_info
[0.683s] removing '/home/amber/code/Notes/Ros/ros_learn/town_ws/install/village_li/lib/python3.8/site-packages/village_li-0.0.0-py3.8.egg-info' (and everything under it)
[0.684s] Copying ../../build/village_li/village_li.egg-info to /home/amber/code/Notes/Ros/ros_learn/town_ws/install/village_li/lib/python3.8/site-packages/village_li-0.0.0-py3.8.egg-info
[0.684s] running install_scripts
[0.694s] Installing li4_node script to /home/amber/code/Notes/Ros/ros_learn/town_ws/install/village_li/lib/village_li
[0.695s] writing list of installed files to '/home/amber/code/Notes/Ros/ros_learn/town_ws/build/village_li/install.log'
[0.709s] Invoked command in '/home/amber/code/Notes/Ros/ros_learn/town_ws/src/village_li' returned '0': CONDA_PROMPT_MODIFIER=(tensorflow) PYTHONPATH=/home/amber/code/Notes/Ros/ros_learn/town_ws/install/village_li/lib/python3.8/site-packages:${PYTHONPATH} /usr/bin/python3 setup.py egg_info --egg-base ../../build/village_li build --build-base /home/amber/code/Notes/Ros/ros_learn/town_ws/build/village_li/build install --prefix /home/amber/code/Notes/Ros/ros_learn/town_ws/install/village_li --record /home/amber/code/Notes/Ros/ros_learn/town_ws/build/village_li/install.log --single-version-externally-managed
